unknown metabolite 'hxdcal_c' created
unknown metabolite 'hxdcol_c' created
unknown metabolite '2etmal_m' created
unknown metabolite '2etmal_c' created
unknown metabolite '3etmal_c' created
unknown metabolite '2oxptn_c' created
unknown metabolite 'btal_c' created
unknown metabolite 'btoh_c' created
unknown metabolite 'citm_m' created
unknown metabolite 'citac_m' created
unknown metabolite '3mmal_m' created
unknown metabolite 'btoh_e' created
unknown metabolite 'tag_e' created
unknown metabolite 'cou_c' created
unknown metabolite 'coucoa_c' created
unknown metabolite 'nrgnch_c' created
unknown metabolite 'nrgn_c' created
unknown metabolite 'nrgn_e' created
unknown metabolite 'cou_e' created
unknown metabolite 'citm_c' created
unknown metabolite 'citm_e' created
unknown metabolite '3hbcoa__R_c' created
unknown metabolite 'polyhb_c' created
unknown metabolite 'polyhb_e' created
unknown metabolite 'amorph_c' created
unknown metabolite 'nhemrd_c' created
unknown metabolite 'arte_c' created
unknown metabolite 'nhemox_c' created
unknown metabolite 'arte_e' created
unknown metabolite 'sesqt_c' created
unknown metabolite 'sesqt_e' created
unknown metabolite 'alac_c' created
unknown metabolite 'actn_c' created
unknown metabolite '3oxpp_c' created
unknown metabolite '3hpp_c' created
unknown metabolite '3hpp_e' created
unknown metabolite '34dhbz_c' created
unknown metabolite 'catechol_c' created
unknown metabolite 'muco_c' created
unknown metabolite 'muco_e' created
unknown metabolite '4hbz_e' created
unknown metabolite 'rsvtol_c' created
unknown metabolite 'rsvtol_e' created
unknown metabolite 'cinnm_c' created
unknown metabolite 'styr_c' created
unknown metabolite 'styr_e' created
unknown metabolite 'hphpyr_c' created
unknown metabolite 'hpacald_c' created
unknown metabolite 'thptdn_c' created
unknown metabolite '34dopa_c' created
unknown metabolite 'hthbp_c' created
unknown metabolite 'dhptdn_c' created
unknown metabolite 'dopa_c' created
unknown metabolite 'nrco_c' created
unknown metabolite 'cocl_c' created
unknown metabolite 'mcocl_c' created
unknown metabolite '3hmcocl_c' created
unknown metabolite 'retcln_c' created
unknown metabolite 'retcln_e' created
unknown metabolite '3hppnl_c' created
unknown metabolite '13ppd_c' created
unknown metabolite '13ppd_e' created
unknown metabolite 'skm_e' created
unknown metabolite 'tal_c' created
unknown metabolite 'tal_e' created
unknown metabolite 'btn_m' created
unknown metabolite 'ergstest_rm' created
unknown metabolite 'fe3_c' created
unknown metabolite 'q9_m' created
unknown metabolite 'zymstest_RT_rm' created
unknown metabolite 'odealc_r' created
unknown metabolite 'odealc_e' created
unknown metabolite 'odealc_rm' created
unknown metabolite 'stalc_r' created
unknown metabolite 'stalc_e' created
unknown metabolite 'stalc_rm' created
unknown metabolite 'pmtalc_r' created
unknown metabolite 'pmtalc_e' created
unknown metabolite 'pmtalc_rm' created
['stalc', 'pmtalc', 'hdca', 'lac__L', '13ppd', '2phetoh', 'odealc', 'ibutoh', '4hbz', 'cou', '3hppb', 'btd', 'retcln', '3hpp', 'styr', 'muco', 'tal', 'citm', 'polyhb', 'tag', 'skm', 'btoh', 'sesqt', '3hppa', 'nrgn', 'hxdcol', 'arte', 'rsvtol']
/storage/home/ejm6426/.conda/envs/rba/lib/python3.12/site-packages/cobra/util/solver.py:554: UserWarning: Solver status is 'infeasible'.
  warn(f"Solver status is '{status}'.", UserWarning)
EX_stalc_e flux: 0.0
EX_stalc_e flux / EX_sucr_e flux: -0.0
Simulated yields for stalc: 0.0 g/g all C sources
0.0% of LB of experimental yield: 0.006
0.0% of UB of experimental yield: 0.0092
EX_pmtalc_e flux: 0.0
EX_pmtalc_e flux / EX_sucr_e flux: -0.0
Simulated yields for pmtalc: 0.0 g/g all C sources
0.0% of LB of experimental yield: 0.0036
0.0% of UB of experimental yield: 0.006
EX_hdca_e flux: 2.761960145192973
EX_hdca_e flux / EX_glc__D_e flux: -0.20908101023413875
Simulated yields for hdca: 0.2975663925932701 g/g all C sources
EX_lac__L_e flux: 24.246591281448808
EX_lac__L_e flux / EX_glc__D_e flux: -1.835472466423074
Simulated yields for lac__L: 0.9074664878455516 g/g all C sources
EX_13ppd_e flux: 17.813822165962474
EX_13ppd_e flux / EX_glc__D_e flux: -1.3485103834945096
Simulated yields for 13ppd: 0.569551694531946 g/g all C sources
EX_2phetoh_e flux: 6.94137006864536
EX_2phetoh_e flux / EX_glc__D_e flux: -0.5254632905863255
Simulated yields for 2phetoh: 0.35630562167247004 g/g all C sources
EX_odealc_e flux: 0.0
EX_odealc_e flux / EX_sucr_e flux: -0.0
Simulated yields for odealc: 0.0 g/g all C sources
0.0% of LB of experimental yield: 0.027200000000000002
0.0% of UB of experimental yield: 0.027999999999999997
EX_ibutoh_e flux: 12.523853802600042
EX_ibutoh_e flux / EX_glc__D_e flux: -0.9480585770325543
Simulated yields for ibutoh: 0.39005140949872846 g/g all C sources
EX_4hbz_e flux: 9.055951953675661
EX_4hbz_e flux / EX_glc__D_e flux: -0.685537619506106
Simulated yields for 4hbz: 0.521737066822544 g/g all C sources
EX_cou_e flux: 7.096204244674806
EX_cou_e flux / EX_glc__D_e flux: -0.5371842728747014
Simulated yields for cou: 0.48647624347514123 g/g all C sources
EX_3hpp_e flux: 22.340892553421536
EX_3hpp_e flux / EX_glc__D_e flux: -1.69121063992593
Simulated yields for 3hppb: 0.8456240949206675 g/g all C sources
EX_btd_e flux: 12.894437852152748
EX_btd_e flux / EX_glc__D_e flux: -0.9761118737435842
Simulated yields for btd: 0.4882834990884113 g/g all C sources
EX_retcln_e flux: 2.51114387931878
EX_retcln_e flux / EX_glc__D_e flux: -0.19009416194691747
Simulated yields for retcln: 0.3475710880865173 g/g all C sources
EX_3hpp_e flux: 0.0
EX_3hpp_e flux / EX_glc__D_e flux: -0.0
Simulated yields for 3hpp: 0.0 g/g all C sources
EX_styr_e flux: 6.766253896689476
EX_styr_e flux / EX_glc__D_e flux: -0.5122069566002632
Simulated yields for styr: 0.2961120058722297 g/g all C sources
EX_muco_e flux: 10.422415356801984
EX_muco_e flux / EX_glc__D_e flux: -0.7889792094475385
Simulated yields for muco: 0.6135132743372725 g/g all C sources
EX_tal_e flux: 0.0
EX_tal_e flux / EX_xyl__D_e flux: -0.0
EX_tal_e flux / EX_glc__D_e flux: -0.0
Simulated yields for tal: 0.0 g/g all C sources
0.0% of LB of experimental yield: 0.11450973051259666
0.0% of UB of experimental yield: 0.1208420658404822
EX_citm_e flux: 12.489371088802196
EX_citm_e flux / EX_glc__D_e flux: -0.9454482277670094
Simulated yields for citm: 0.7667243171293773 g/g all C sources
EX_polyhb_e flux: 12.489371088802056
EX_polyhb_e flux / EX_glc__D_e flux: -0.9454482277669989
Simulated yields for polyhb: 0.5410628137990273 g/g all C sources
EX_tag_e flux: 0.0
EX_tag_e flux / EX_glc__D_e flux: -0.0
Simulated yields for tag: 0.0 g/g all C sources
0.0% of LB of experimental yield: 0.129384
0.0% of UB of experimental yield: 0.1468
EX_skm_e flux: 9.725651658297076
EX_skm_e flux / EX_glc__D_e flux: -0.7362340392352064
Simulated yields for skm: 0.7116896352761561 g/g all C sources
EX_btoh_e flux: 11.197872271468269
EX_btoh_e flux / EX_glc__D_e flux: -0.8476814739945698
Simulated yields for btoh: 0.34875414003684324 g/g all C sources
EX_sesqt_e flux: 2.957466810711355
EX_sesqt_e flux / EX_glc__D_e flux: -0.2238809092135772
Simulated yields for sesqt: 0.30607844279016 g/g all C sources
EX_3hpp_e flux: 20.06614336395802
EX_3hpp_e flux / EX_glc__D_e flux: -1.519011609686451
Simulated yields for 3hppa: 0.7595226681351469 g/g all C sources
EX_nrgn_e flux: 3.9690927900974984
EX_nrgn_e flux / EX_glc__D_e flux: -0.3004612255940574
Simulated yields for nrgn: 0.4540540901662012 g/g all C sources
EX_hxdcol_e flux: 2.6771772549850024
EX_hxdcol_e flux / EX_glc__D_e flux: -0.20266292619114323
Simulated yields for hxdcol: 0.27272807914130404 g/g all C sources
EX_arte_e flux: 2.8446974735256108
EX_arte_e flux / EX_glc__D_e flux: -0.21534424477862305
Simulated yields for arte: 0.28009956303966976 g/g all C sources
EX_rsvtol_e flux: 3.9690927900975126
EX_rsvtol_e flux / EX_glc__D_e flux: -0.30046122559405847
Simulated yields for rsvtol: 0.38065493311123644 g/g all C sources
Running RBA...
--- Job runRBA_max_prod.gms Start 10/01/24 19:06:08 42.1.0 cb854401 LEX-LEG x86 64bit/Linux
--- Applying:
    /storage/icds/RISE/sw8/gams/gams42.1_linux_x64_64_sfx/gmsprmun.txt
--- GAMS Parameters defined
    Input /storage/home/ejm6426/scratch/scRBA/application/output_max_withoutMP/stalc/runRBA_max_prod.gms
    Output /dev/null
    ScrDir /storage/home/ejm6426/scratch/scRBA/application/output_max_withoutMP/stalc/225a/
    SysDir /storage/icds/RISE/sw8/gams/gams42.1_linux_x64_64_sfx/
    --carbonSlack 0
    --adjust_constraints_if_infeas 1
Licensee: Single User License                            G231219|0002AO-LNX
          The Pennsylvania State University, Institute for CyberDC15032-S17
          /storage/icds/RISE/sw8/gams/gams42.1_linux_x64_64_sfx/gamslice.txt
          License Admin: Rob Groner, rug262@psu.edu                        
Processor information: 2 socket(s), 24 core(s), and 24 thread(s) available
GAMS 42.1.0   Copyright (C) 1987-2023 GAMS Development. All rights reserved
--- Starting compilation
--- runRBA_max_prod.gms(6) 2 Mb
--- . runRBA_GAMS_settings.txt(20) 2 Mb
--- runRBA_max_prod.gms(37) 2 Mb
--- . RBA_species.txt(7813) 3 Mb
--- runRBA_max_prod.gms(39) 3 Mb
--- . RBA_rxns.txt(16888) 5 Mb
--- runRBA_max_prod.gms(41) 5 Mb
--- . RBA_rxns_prosyn.txt(4964) 5 Mb
--- runRBA_max_prod.gms(43) 5 Mb
--- . RBA_rxns_prowaste.txt(4968) 6 Mb
--- runRBA_max_prod.gms(45) 6 Mb
--- . RBA_nuc_translation.txt(4951) 6 Mb
--- runRBA_max_prod.gms(47) 6 Mb
--- . RBA_mito_translation.txt(15) 6 Mb
--- runRBA_max_prod.gms(49) 6 Mb
--- . RBA_rxns_EXREV.txt(159) 6 Mb
--- runRBA_max_prod.gms(51) 6 Mb
--- . RBA_rxns_EXREV_YNB_RabinowitzVersion.txt(28) 6 Mb
--- runRBA_max_prod.gms(53) 6 Mb
--- . RBA_rxns_whole_biomass.txt(10) 6 Mb
--- runRBA_max_prod.gms(55) 6 Mb
--- . RBA_rxns_add.txt(118) 6 Mb
--- runRBA_max_prod.gms(57) 6 Mb 1 Error
*** Error 282 in /storage/home/ejm6426/scratch/scRBA/application/output_max_withoutMP/stalc/runRBA_max_prod.gms
    Unable to open include file
       Hint: Does the filename need to be quoted?
--- runRBA_max_prod.gms(62) 6 Mb
--- . RBA_sij.txt(26579) 6 Mb--- . RBA_sij.txt(43037) 6 Mb--- . RBA_sij.txt(101601) 9 Mb--- . RBA_sij.txt(116661) 10 Mb--- . RBA_sij.txt(174432) 11 Mb--- . RBA_sij.txt(189303) 11 Mb--- . RBA_sij.txt(246353) 13 Mb--- . RBA_sij.txt(259146) 14 Mb--- . RBA_sij.txt(268302) 15 Mb
--- runRBA_max_prod.gms(64) 15 Mb
--- . RBA_proteinLength.txt(4964) 15 Mb
--- runRBA_max_prod.gms(66) 15 Mb
--- . RBA_kapp_chemo_lowC_per_hour.txt(2226) 15 Mb
--- runRBA_max_prod.gms(68) 15 Mb
--- . yield_denominators.txt(3) 15 Mb
--- runRBA_max_prod.gms(70) 15 Mb
--- . yield_denominators_expanded.txt(9) 15 Mb
--- runRBA_max_prod.gms(81) 15 Mb 2 Errors
*** Error 282 in /storage/home/ejm6426/scratch/scRBA/application/output_max_withoutMP/stalc/runRBA_max_prod.gms
    Unable to open include file
       Hint: Does the filename need to be quoted?
--- runRBA_max_prod.gms(101) 15 Mb
--- . phenotype.txt(2) 15 Mb
--- .. RBA_GAMS_defaults_from_FBA.txt(1) 15 Mb
--- ... phenotype_common.txt(8) 15 Mb
--- .... model-version-settings.txt(4) 15 Mb
--- ... phenotype_common.txt(53) 15 Mb
--- .. RBA_GAMS_defaults_from_FBA.txt(530) 15 Mb
--- . phenotype.txt(8) 15 Mb
--- runRBA_max_prod.gms(112) 15 Mb
--- . RBA_enzCapacityConstraints_declares.txt(2226) 15 Mb
--- runRBA_max_prod.gms(122) 15 Mb
--- . RBA_enzCapacityConstraints_eqns_equality_version.txt(2226) 15 Mb
--- runRBA_max_prod.gms(130) 15 Mb 3 Errors
*** Error 257 in /storage/home/ejm6426/scratch/scRBA/application/output_max_withoutMP/stalc/runRBA_max_prod.gms
    Solve statement not checked because of previous errors
--- runRBA_max_prod.gms(173) 15 Mb 4 Errors
*** Error 257 in /storage/home/ejm6426/scratch/scRBA/application/output_max_withoutMP/stalc/runRBA_max_prod.gms
    Solve statement not checked because of previous errors
--- runRBA_max_prod.gms(181) 15 Mb 5 Errors
*** Error 257 in /storage/home/ejm6426/scratch/scRBA/application/output_max_withoutMP/stalc/runRBA_max_prod.gms
    Solve statement not checked because of previous errors
--- runRBA_max_prod.gms(189) 15 Mb 6 Errors
*** Error 257 in /storage/home/ejm6426/scratch/scRBA/application/output_max_withoutMP/stalc/runRBA_max_prod.gms
    Solve statement not checked because of previous errors
--- runRBA_max_prod.gms(192) 15 Mb 7 Errors
*** Error 257 in /storage/home/ejm6426/scratch/scRBA/application/output_max_withoutMP/stalc/runRBA_max_prod.gms
    Solve statement not checked because of previous errors
--- runRBA_max_prod.gms(234) 15 Mb 8 Errors
*** Error 141 in /storage/home/ejm6426/scratch/scRBA/application/output_max_withoutMP/stalc/runRBA_max_prod.gms
    Symbol declared but no values have been assigned. Check for missing
       data definition, assignment, data loading or implicit assignment
       via a solve statement.
       A wild shot: You may have spurious commas in the explanatory
       text of a declaration. Check symbol reference list.
--- runRBA_max_prod.gms(239) 15 Mb 9 Errors
*** Error 257 in /storage/home/ejm6426/scratch/scRBA/application/output_max_withoutMP/stalc/runRBA_max_prod.gms
    Solve statement not checked because of previous errors
--- runRBA_max_prod.gms(248) 15 Mb 10 Errors
*** Error 257 in /storage/home/ejm6426/scratch/scRBA/application/output_max_withoutMP/stalc/runRBA_max_prod.gms
    Solve statement not checked because of previous errors
--- runRBA_max_prod.gms(276) 15 Mb 11 Errors
*** Error 257 in /storage/home/ejm6426/scratch/scRBA/application/output_max_withoutMP/stalc/runRBA_max_prod.gms
    Solve statement not checked because of previous errors
--- runRBA_max_prod.gms(289) 15 Mb 12 Errors
*** Error 257 in /storage/home/ejm6426/scratch/scRBA/application/output_max_withoutMP/stalc/runRBA_max_prod.gms
    Solve statement not checked because of previous errors
--- runRBA_max_prod.gms(296) 15 Mb 13 Errors
*** Error 257 in /storage/home/ejm6426/scratch/scRBA/application/output_max_withoutMP/stalc/runRBA_max_prod.gms
    Solve statement not checked because of previous errors
--- runRBA_max_prod.gms(317) 15 Mb 13 Errors
*** Status: Compilation error(s)
--- Job runRBA_max_prod.gms Stop 10/01/24 19:06:09 elapsed 0:00:01.114
Traceback (most recent call last):
  File "/scratch/ejm6426/scRBA/application/output_max_withoutMP/stalc/runRBA.py", line 36, in <module>
    stat = get_GAMS_modelStat('./runRBA.modelStat.txt')
           ^^^^^^^^^^^^^^^^^^^^^^^^^^^^^^^^^^^^^^^^^^^^
  File "/scratch/ejm6426/scRBA/application/output_max_withoutMP/stalc/../../../pycore/simulate.py", line 2, in get_GAMS_modelStat
    with open(filepath) as f:
         ^^^^^^^^^^^^^^
FileNotFoundError: [Errno 2] No such file or directory: './runRBA.modelStat.txt'
--- Job runRBA_max_prod.gms Start 10/01/24 19:06:10 42.1.0 cb854401 LEX-LEG x86 64bit/Linux
--- Applying:
    /storage/icds/RISE/sw8/gams/gams42.1_linux_x64_64_sfx/gmsprmun.txt
--- GAMS Parameters defined
    Input /storage/home/ejm6426/scratch/scRBA/application/output_max_withoutMP/pmtalc/runRBA_max_prod.gms
    Output /dev/null
    ScrDir /storage/home/ejm6426/scratch/scRBA/application/output_max_withoutMP/pmtalc/225a/
    SysDir /storage/icds/RISE/sw8/gams/gams42.1_linux_x64_64_sfx/
    --carbonSlack 0
    --adjust_constraints_if_infeas 1
Licensee: Single User License                            G231219|0002AO-LNX
          The Pennsylvania State University, Institute for CyberDC15032-S17
          /storage/icds/RISE/sw8/gams/gams42.1_linux_x64_64_sfx/gamslice.txt
          License Admin: Rob Groner, rug262@psu.edu                        
Processor information: 2 socket(s), 24 core(s), and 24 thread(s) available
GAMS 42.1.0   Copyright (C) 1987-2023 GAMS Development. All rights reserved
--- Starting compilation
--- runRBA_max_prod.gms(6) 2 Mb
--- . runRBA_GAMS_settings.txt(20) 2 Mb
--- runRBA_max_prod.gms(37) 2 Mb
--- . RBA_species.txt(7813) 3 Mb
--- runRBA_max_prod.gms(39) 3 Mb
--- . RBA_rxns.txt(16888) 5 Mb
--- runRBA_max_prod.gms(41) 5 Mb
--- . RBA_rxns_prosyn.txt(4964) 5 Mb
--- runRBA_max_prod.gms(43) 5 Mb
--- . RBA_rxns_prowaste.txt(4968) 6 Mb
--- runRBA_max_prod.gms(45) 6 Mb
--- . RBA_nuc_translation.txt(4951) 6 Mb
--- runRBA_max_prod.gms(47) 6 Mb
--- . RBA_mito_translation.txt(15) 6 Mb
--- runRBA_max_prod.gms(49) 6 Mb
--- . RBA_rxns_EXREV.txt(159) 6 Mb
--- runRBA_max_prod.gms(51) 6 Mb
--- . RBA_rxns_EXREV_YNB_RabinowitzVersion.txt(28) 6 Mb
--- runRBA_max_prod.gms(53) 6 Mb
--- . RBA_rxns_whole_biomass.txt(10) 6 Mb
--- runRBA_max_prod.gms(55) 6 Mb
--- . RBA_rxns_add.txt(118) 6 Mb
--- runRBA_max_prod.gms(57) 6 Mb 1 Error
*** Error 282 in /storage/home/ejm6426/scratch/scRBA/application/output_max_withoutMP/pmtalc/runRBA_max_prod.gms
    Unable to open include file
       Hint: Does the filename need to be quoted?
--- runRBA_max_prod.gms(62) 6 Mb
--- . RBA_sij.txt(30683) 6 Mb--- . RBA_sij.txt(47027) 6 Mb--- . RBA_sij.txt(107169) 9 Mb--- . RBA_sij.txt(122454) 10 Mb--- . RBA_sij.txt(183957) 11 Mb--- . RBA_sij.txt(199328) 11 Mb--- . RBA_sij.txt(258094) 14 Mb--- . RBA_sij.txt(268302) 15 Mb
--- runRBA_max_prod.gms(64) 15 Mb
--- . RBA_proteinLength.txt(1698) 15 Mb--- . RBA_proteinLength.txt(4964) 15 Mb
--- runRBA_max_prod.gms(66) 15 Mb
--- . RBA_kapp_chemo_lowC_per_hour.txt(2226) 15 Mb
--- runRBA_max_prod.gms(68) 15 Mb
--- . yield_denominators.txt(3) 15 Mb
--- runRBA_max_prod.gms(70) 15 Mb
--- . yield_denominators_expanded.txt(9) 15 Mb
--- runRBA_max_prod.gms(81) 15 Mb 2 Errors
*** Error 282 in /storage/home/ejm6426/scratch/scRBA/application/output_max_withoutMP/pmtalc/runRBA_max_prod.gms
    Unable to open include file
       Hint: Does the filename need to be quoted?
--- runRBA_max_prod.gms(101) 15 Mb
--- . phenotype.txt(2) 15 Mb
--- .. RBA_GAMS_defaults_from_FBA.txt(1) 15 Mb
--- ... phenotype_common.txt(8) 15 Mb
--- .... model-version-settings.txt(4) 15 Mb
--- ... phenotype_common.txt(53) 15 Mb
--- .. RBA_GAMS_defaults_from_FBA.txt(530) 15 Mb
--- . phenotype.txt(8) 15 Mb
--- runRBA_max_prod.gms(112) 15 Mb
--- . RBA_enzCapacityConstraints_declares.txt(2226) 15 Mb
--- runRBA_max_prod.gms(122) 15 Mb
--- . RBA_enzCapacityConstraints_eqns_equality_version.txt(2226) 15 Mb
--- runRBA_max_prod.gms(130) 15 Mb 3 Errors
*** Error 257 in /storage/home/ejm6426/scratch/scRBA/application/output_max_withoutMP/pmtalc/runRBA_max_prod.gms
    Solve statement not checked because of previous errors
--- runRBA_max_prod.gms(173) 15 Mb 4 Errors
*** Error 257 in /storage/home/ejm6426/scratch/scRBA/application/output_max_withoutMP/pmtalc/runRBA_max_prod.gms
    Solve statement not checked because of previous errors
--- runRBA_max_prod.gms(181) 15 Mb 5 Errors
*** Error 257 in /storage/home/ejm6426/scratch/scRBA/application/output_max_withoutMP/pmtalc/runRBA_max_prod.gms
    Solve statement not checked because of previous errors
--- runRBA_max_prod.gms(189) 15 Mb 6 Errors
*** Error 257 in /storage/home/ejm6426/scratch/scRBA/application/output_max_withoutMP/pmtalc/runRBA_max_prod.gms
    Solve statement not checked because of previous errors
--- runRBA_max_prod.gms(192) 15 Mb 7 Errors
*** Error 257 in /storage/home/ejm6426/scratch/scRBA/application/output_max_withoutMP/pmtalc/runRBA_max_prod.gms
    Solve statement not checked because of previous errors
--- runRBA_max_prod.gms(234) 15 Mb 8 Errors
*** Error 141 in /storage/home/ejm6426/scratch/scRBA/application/output_max_withoutMP/pmtalc/runRBA_max_prod.gms
    Symbol declared but no values have been assigned. Check for missing
       data definition, assignment, data loading or implicit assignment
       via a solve statement.
       A wild shot: You may have spurious commas in the explanatory
       text of a declaration. Check symbol reference list.
--- runRBA_max_prod.gms(239) 15 Mb 9 Errors
*** Error 257 in /storage/home/ejm6426/scratch/scRBA/application/output_max_withoutMP/pmtalc/runRBA_max_prod.gms
    Solve statement not checked because of previous errors
--- runRBA_max_prod.gms(248) 15 Mb 10 Errors
*** Error 257 in /storage/home/ejm6426/scratch/scRBA/application/output_max_withoutMP/pmtalc/runRBA_max_prod.gms
    Solve statement not checked because of previous errors
--- runRBA_max_prod.gms(276) 15 Mb 11 Errors
*** Error 257 in /storage/home/ejm6426/scratch/scRBA/application/output_max_withoutMP/pmtalc/runRBA_max_prod.gms
    Solve statement not checked because of previous errors
--- runRBA_max_prod.gms(289) 15 Mb 12 Errors
*** Error 257 in /storage/home/ejm6426/scratch/scRBA/application/output_max_withoutMP/pmtalc/runRBA_max_prod.gms
    Solve statement not checked because of previous errors
--- runRBA_max_prod.gms(296) 15 Mb 13 Errors
*** Error 257 in /storage/home/ejm6426/scratch/scRBA/application/output_max_withoutMP/pmtalc/runRBA_max_prod.gms
    Solve statement not checked because of previous errors
--- runRBA_max_prod.gms(317) 15 Mb 13 Errors
*** Status: Compilation error(s)
--- Job runRBA_max_prod.gms Stop 10/01/24 19:06:11 elapsed 0:00:01.048
Traceback (most recent call last):
  File "/scratch/ejm6426/scRBA/application/output_max_withoutMP/pmtalc/runRBA.py", line 36, in <module>
    stat = get_GAMS_modelStat('./runRBA.modelStat.txt')
           ^^^^^^^^^^^^^^^^^^^^^^^^^^^^^^^^^^^^^^^^^^^^
  File "/scratch/ejm6426/scRBA/application/output_max_withoutMP/pmtalc/../../../pycore/simulate.py", line 2, in get_GAMS_modelStat
    with open(filepath) as f:
         ^^^^^^^^^^^^^^
FileNotFoundError: [Errno 2] No such file or directory: './runRBA.modelStat.txt'
--- Job runRBA_max_prod.gms Start 10/01/24 19:06:12 42.1.0 cb854401 LEX-LEG x86 64bit/Linux
--- Applying:
    /storage/icds/RISE/sw8/gams/gams42.1_linux_x64_64_sfx/gmsprmun.txt
--- GAMS Parameters defined
    Input /storage/home/ejm6426/scratch/scRBA/application/output_max_withoutMP/hdca/runRBA_max_prod.gms
    Output /dev/null
    ScrDir /storage/home/ejm6426/scratch/scRBA/application/output_max_withoutMP/hdca/225a/
    SysDir /storage/icds/RISE/sw8/gams/gams42.1_linux_x64_64_sfx/
    --carbonSlack 0
    --adjust_constraints_if_infeas 1
Licensee: Single User License                            G231219|0002AO-LNX
          The Pennsylvania State University, Institute for CyberDC15032-S17
          /storage/icds/RISE/sw8/gams/gams42.1_linux_x64_64_sfx/gamslice.txt
          License Admin: Rob Groner, rug262@psu.edu                        
Processor information: 2 socket(s), 24 core(s), and 24 thread(s) available
GAMS 42.1.0   Copyright (C) 1987-2023 GAMS Development. All rights reserved
--- Starting compilation
--- runRBA_max_prod.gms(6) 2 Mb
--- . runRBA_GAMS_settings.txt(20) 2 Mb
--- runRBA_max_prod.gms(37) 2 Mb
--- . RBA_species.txt(7813) 3 Mb
--- runRBA_max_prod.gms(39) 3 Mb
--- . RBA_rxns.txt(16888) 5 Mb
--- runRBA_max_prod.gms(41) 5 Mb
--- . RBA_rxns_prosyn.txt(4964) 5 Mb
--- runRBA_max_prod.gms(43) 5 Mb
--- . RBA_rxns_prowaste.txt(4968) 6 Mb
--- runRBA_max_prod.gms(45) 6 Mb
--- . RBA_nuc_translation.txt(4951) 6 Mb
--- runRBA_max_prod.gms(47) 6 Mb
--- . RBA_mito_translation.txt(15) 6 Mb
--- runRBA_max_prod.gms(49) 6 Mb
--- . RBA_rxns_EXREV.txt(159) 6 Mb
--- runRBA_max_prod.gms(51) 6 Mb
--- . RBA_rxns_EXREV_YNB_RabinowitzVersion.txt(28) 6 Mb
--- runRBA_max_prod.gms(53) 6 Mb
--- . RBA_rxns_whole_biomass.txt(10) 6 Mb
--- runRBA_max_prod.gms(55) 6 Mb
--- . RBA_rxns_add.txt(118) 6 Mb
--- runRBA_max_prod.gms(57) 6 Mb 1 Error
*** Error 282 in /storage/home/ejm6426/scratch/scRBA/application/output_max_withoutMP/hdca/runRBA_max_prod.gms
    Unable to open include file
       Hint: Does the filename need to be quoted?
--- runRBA_max_prod.gms(62) 6 Mb
--- . RBA_sij.txt(30236) 6 Mb--- . RBA_sij.txt(46656) 6 Mb--- . RBA_sij.txt(105759) 9 Mb--- . RBA_sij.txt(121018) 10 Mb--- . RBA_sij.txt(179979) 11 Mb--- . RBA_sij.txt(195154) 11 Mb--- . RBA_sij.txt(253125) 14 Mb--- . RBA_sij.txt(268162) 14 Mb--- . RBA_sij.txt(268302) 15 Mb
--- runRBA_max_prod.gms(64) 15 Mb
--- . RBA_proteinLength.txt(4964) 15 Mb
--- runRBA_max_prod.gms(66) 15 Mb
--- . RBA_kapp_chemo_lowC_per_hour.txt(2226) 15 Mb
--- runRBA_max_prod.gms(68) 15 Mb
--- . yield_denominators.txt(3) 15 Mb
--- runRBA_max_prod.gms(70) 15 Mb
--- . yield_denominators_expanded.txt(9) 15 Mb
--- runRBA_max_prod.gms(81) 15 Mb 2 Errors
*** Error 282 in /storage/home/ejm6426/scratch/scRBA/application/output_max_withoutMP/hdca/runRBA_max_prod.gms
    Unable to open include file
       Hint: Does the filename need to be quoted?
--- runRBA_max_prod.gms(101) 15 Mb
--- . phenotype.txt(2) 15 Mb
--- .. RBA_GAMS_defaults_from_FBA.txt(1) 15 Mb
--- ... phenotype_common.txt(8) 15 Mb
--- .... model-version-settings.txt(4) 15 Mb
--- ... phenotype_common.txt(53) 15 Mb
--- .. RBA_GAMS_defaults_from_FBA.txt(490) 15 Mb
--- . phenotype.txt(8) 15 Mb
--- runRBA_max_prod.gms(112) 15 Mb
--- . RBA_enzCapacityConstraints_declares.txt(2226) 15 Mb
--- runRBA_max_prod.gms(122) 15 Mb
--- . RBA_enzCapacityConstraints_eqns_equality_version.txt(2226) 15 Mb
--- runRBA_max_prod.gms(130) 15 Mb 3 Errors
*** Error 257 in /storage/home/ejm6426/scratch/scRBA/application/output_max_withoutMP/hdca/runRBA_max_prod.gms
    Solve statement not checked because of previous errors
--- runRBA_max_prod.gms(173) 15 Mb 4 Errors
*** Error 257 in /storage/home/ejm6426/scratch/scRBA/application/output_max_withoutMP/hdca/runRBA_max_prod.gms
    Solve statement not checked because of previous errors
--- runRBA_max_prod.gms(181) 15 Mb 5 Errors
*** Error 257 in /storage/home/ejm6426/scratch/scRBA/application/output_max_withoutMP/hdca/runRBA_max_prod.gms
    Solve statement not checked because of previous errors
--- runRBA_max_prod.gms(189) 15 Mb 6 Errors
*** Error 257 in /storage/home/ejm6426/scratch/scRBA/application/output_max_withoutMP/hdca/runRBA_max_prod.gms
    Solve statement not checked because of previous errors
--- runRBA_max_prod.gms(192) 15 Mb 7 Errors
*** Error 257 in /storage/home/ejm6426/scratch/scRBA/application/output_max_withoutMP/hdca/runRBA_max_prod.gms
    Solve statement not checked because of previous errors
--- runRBA_max_prod.gms(234) 15 Mb 8 Errors
*** Error 141 in /storage/home/ejm6426/scratch/scRBA/application/output_max_withoutMP/hdca/runRBA_max_prod.gms
    Symbol declared but no values have been assigned. Check for missing
       data definition, assignment, data loading or implicit assignment
       via a solve statement.
       A wild shot: You may have spurious commas in the explanatory
       text of a declaration. Check symbol reference list.
--- runRBA_max_prod.gms(239) 15 Mb 9 Errors
*** Error 257 in /storage/home/ejm6426/scratch/scRBA/application/output_max_withoutMP/hdca/runRBA_max_prod.gms
    Solve statement not checked because of previous errors
--- runRBA_max_prod.gms(248) 15 Mb 10 Errors
*** Error 257 in /storage/home/ejm6426/scratch/scRBA/application/output_max_withoutMP/hdca/runRBA_max_prod.gms
    Solve statement not checked because of previous errors
--- runRBA_max_prod.gms(276) 15 Mb 11 Errors
*** Error 257 in /storage/home/ejm6426/scratch/scRBA/application/output_max_withoutMP/hdca/runRBA_max_prod.gms
    Solve statement not checked because of previous errors
--- runRBA_max_prod.gms(289) 15 Mb 12 Errors
*** Error 257 in /storage/home/ejm6426/scratch/scRBA/application/output_max_withoutMP/hdca/runRBA_max_prod.gms
    Solve statement not checked because of previous errors
--- runRBA_max_prod.gms(296) 15 Mb 13 Errors
*** Error 257 in /storage/home/ejm6426/scratch/scRBA/application/output_max_withoutMP/hdca/runRBA_max_prod.gms
    Solve statement not checked because of previous errors
--- runRBA_max_prod.gms(317) 15 Mb 13 Errors
*** Status: Compilation error(s)
--- Job runRBA_max_prod.gms Stop 10/01/24 19:06:13 elapsed 0:00:01.068
Traceback (most recent call last):
  File "/scratch/ejm6426/scRBA/application/output_max_withoutMP/hdca/runRBA.py", line 36, in <module>
    stat = get_GAMS_modelStat('./runRBA.modelStat.txt')
           ^^^^^^^^^^^^^^^^^^^^^^^^^^^^^^^^^^^^^^^^^^^^
  File "/scratch/ejm6426/scRBA/application/output_max_withoutMP/hdca/../../../pycore/simulate.py", line 2, in get_GAMS_modelStat
    with open(filepath) as f:
         ^^^^^^^^^^^^^^
FileNotFoundError: [Errno 2] No such file or directory: './runRBA.modelStat.txt'
--- Job runRBA_max_prod.gms Start 10/01/24 19:06:14 42.1.0 cb854401 LEX-LEG x86 64bit/Linux
--- Applying:
    /storage/icds/RISE/sw8/gams/gams42.1_linux_x64_64_sfx/gmsprmun.txt
--- GAMS Parameters defined
    Input /storage/home/ejm6426/scratch/scRBA/application/output_max_withoutMP/lac__L/runRBA_max_prod.gms
    Output /dev/null
    ScrDir /storage/home/ejm6426/scratch/scRBA/application/output_max_withoutMP/lac__L/225a/
    SysDir /storage/icds/RISE/sw8/gams/gams42.1_linux_x64_64_sfx/
    --carbonSlack 0
    --adjust_constraints_if_infeas 1
Licensee: Single User License                            G231219|0002AO-LNX
          The Pennsylvania State University, Institute for CyberDC15032-S17
          /storage/icds/RISE/sw8/gams/gams42.1_linux_x64_64_sfx/gamslice.txt
          License Admin: Rob Groner, rug262@psu.edu                        
Processor information: 2 socket(s), 24 core(s), and 24 thread(s) available
GAMS 42.1.0   Copyright (C) 1987-2023 GAMS Development. All rights reserved
--- Starting compilation
--- runRBA_max_prod.gms(6) 2 Mb
--- . runRBA_GAMS_settings.txt(20) 2 Mb
--- runRBA_max_prod.gms(37) 2 Mb
--- . RBA_species.txt(7813) 3 Mb
--- runRBA_max_prod.gms(39) 3 Mb
--- . RBA_rxns.txt(16888) 5 Mb
--- runRBA_max_prod.gms(41) 5 Mb
--- . RBA_rxns_prosyn.txt(4964) 5 Mb
--- runRBA_max_prod.gms(43) 5 Mb
--- . RBA_rxns_prowaste.txt(4968) 6 Mb
--- runRBA_max_prod.gms(45) 6 Mb
--- . RBA_nuc_translation.txt(4951) 6 Mb
--- runRBA_max_prod.gms(47) 6 Mb
--- . RBA_mito_translation.txt(15) 6 Mb
--- runRBA_max_prod.gms(49) 6 Mb
--- . RBA_rxns_EXREV.txt(159) 6 Mb
--- runRBA_max_prod.gms(51) 6 Mb
--- . RBA_rxns_EXREV_YNB_RabinowitzVersion.txt(28) 6 Mb
--- runRBA_max_prod.gms(53) 6 Mb
--- . RBA_rxns_whole_biomass.txt(10) 6 Mb
--- runRBA_max_prod.gms(55) 6 Mb
--- . RBA_rxns_add.txt(118) 6 Mb
--- runRBA_max_prod.gms(57) 6 Mb 1 Error
*** Error 282 in /storage/home/ejm6426/scratch/scRBA/application/output_max_withoutMP/lac__L/runRBA_max_prod.gms
    Unable to open include file
       Hint: Does the filename need to be quoted?
--- runRBA_max_prod.gms(62) 6 Mb
--- . RBA_sij.txt(27880) 6 Mb--- . RBA_sij.txt(43869) 6 Mb--- . RBA_sij.txt(101590) 9 Mb--- . RBA_sij.txt(116453) 10 Mb--- . RBA_sij.txt(176491) 11 Mb--- . RBA_sij.txt(191946) 11 Mb--- . RBA_sij.txt(250435) 14 Mb--- . RBA_sij.txt(265370) 14 Mb--- . RBA_sij.txt(268302) 15 Mb
--- runRBA_max_prod.gms(64) 15 Mb
--- . RBA_proteinLength.txt(4964) 15 Mb
--- runRBA_max_prod.gms(66) 15 Mb
--- . RBA_kapp_chemo_lowC_per_hour.txt(2226) 15 Mb
--- runRBA_max_prod.gms(68) 15 Mb
--- . yield_denominators.txt(3) 15 Mb
--- runRBA_max_prod.gms(70) 15 Mb
--- . yield_denominators_expanded.txt(9) 15 Mb
--- runRBA_max_prod.gms(81) 15 Mb 2 Errors
*** Error 282 in /storage/home/ejm6426/scratch/scRBA/application/output_max_withoutMP/lac__L/runRBA_max_prod.gms
    Unable to open include file
       Hint: Does the filename need to be quoted?
--- runRBA_max_prod.gms(101) 15 Mb
--- . phenotype.txt(2) 15 Mb
--- .. RBA_GAMS_defaults_from_FBA.txt(1) 15 Mb
--- ... phenotype_common.txt(8) 15 Mb
--- .... model-version-settings.txt(4) 15 Mb
--- ... phenotype_common.txt(53) 15 Mb
--- .. RBA_GAMS_defaults_from_FBA.txt(491) 15 Mb
--- . phenotype.txt(8) 15 Mb
--- runRBA_max_prod.gms(112) 15 Mb
--- . RBA_enzCapacityConstraints_declares.txt(2226) 15 Mb
--- runRBA_max_prod.gms(122) 15 Mb
--- . RBA_enzCapacityConstraints_eqns_equality_version.txt(2226) 15 Mb
--- runRBA_max_prod.gms(130) 15 Mb 3 Errors
*** Error 257 in /storage/home/ejm6426/scratch/scRBA/application/output_max_withoutMP/lac__L/runRBA_max_prod.gms
    Solve statement not checked because of previous errors
--- runRBA_max_prod.gms(173) 15 Mb 4 Errors
*** Error 257 in /storage/home/ejm6426/scratch/scRBA/application/output_max_withoutMP/lac__L/runRBA_max_prod.gms
    Solve statement not checked because of previous errors
--- runRBA_max_prod.gms(181) 15 Mb 5 Errors
*** Error 257 in /storage/home/ejm6426/scratch/scRBA/application/output_max_withoutMP/lac__L/runRBA_max_prod.gms
    Solve statement not checked because of previous errors
--- runRBA_max_prod.gms(189) 15 Mb 6 Errors
*** Error 257 in /storage/home/ejm6426/scratch/scRBA/application/output_max_withoutMP/lac__L/runRBA_max_prod.gms
    Solve statement not checked because of previous errors
--- runRBA_max_prod.gms(192) 15 Mb 7 Errors
*** Error 257 in /storage/home/ejm6426/scratch/scRBA/application/output_max_withoutMP/lac__L/runRBA_max_prod.gms
    Solve statement not checked because of previous errors
--- runRBA_max_prod.gms(234) 15 Mb 8 Errors
*** Error 141 in /storage/home/ejm6426/scratch/scRBA/application/output_max_withoutMP/lac__L/runRBA_max_prod.gms
    Symbol declared but no values have been assigned. Check for missing
       data definition, assignment, data loading or implicit assignment
       via a solve statement.
       A wild shot: You may have spurious commas in the explanatory
       text of a declaration. Check symbol reference list.
--- runRBA_max_prod.gms(239) 15 Mb 9 Errors
*** Error 257 in /storage/home/ejm6426/scratch/scRBA/application/output_max_withoutMP/lac__L/runRBA_max_prod.gms
    Solve statement not checked because of previous errors
--- runRBA_max_prod.gms(248) 15 Mb 10 Errors
*** Error 257 in /storage/home/ejm6426/scratch/scRBA/application/output_max_withoutMP/lac__L/runRBA_max_prod.gms
    Solve statement not checked because of previous errors
--- runRBA_max_prod.gms(276) 15 Mb 11 Errors
*** Error 257 in /storage/home/ejm6426/scratch/scRBA/application/output_max_withoutMP/lac__L/runRBA_max_prod.gms
    Solve statement not checked because of previous errors
--- runRBA_max_prod.gms(289) 15 Mb 12 Errors
*** Error 257 in /storage/home/ejm6426/scratch/scRBA/application/output_max_withoutMP/lac__L/runRBA_max_prod.gms
    Solve statement not checked because of previous errors
--- runRBA_max_prod.gms(296) 15 Mb 13 Errors
*** Error 257 in /storage/home/ejm6426/scratch/scRBA/application/output_max_withoutMP/lac__L/runRBA_max_prod.gms
    Solve statement not checked because of previous errors
--- runRBA_max_prod.gms(317) 15 Mb 13 Errors
*** Status: Compilation error(s)
--- Job runRBA_max_prod.gms Stop 10/01/24 19:06:15 elapsed 0:00:01.085
Traceback (most recent call last):
  File "/scratch/ejm6426/scRBA/application/output_max_withoutMP/lac__L/runRBA.py", line 36, in <module>
    stat = get_GAMS_modelStat('./runRBA.modelStat.txt')
           ^^^^^^^^^^^^^^^^^^^^^^^^^^^^^^^^^^^^^^^^^^^^
  File "/scratch/ejm6426/scRBA/application/output_max_withoutMP/lac__L/../../../pycore/simulate.py", line 2, in get_GAMS_modelStat
    with open(filepath) as f:
         ^^^^^^^^^^^^^^
FileNotFoundError: [Errno 2] No such file or directory: './runRBA.modelStat.txt'
--- Job runRBA_max_prod.gms Start 10/01/24 19:06:16 42.1.0 cb854401 LEX-LEG x86 64bit/Linux
--- Applying:
    /storage/icds/RISE/sw8/gams/gams42.1_linux_x64_64_sfx/gmsprmun.txt
--- GAMS Parameters defined
    Input /storage/home/ejm6426/scratch/scRBA/application/output_max_withoutMP/13ppd/runRBA_max_prod.gms
    Output /dev/null
    ScrDir /storage/home/ejm6426/scratch/scRBA/application/output_max_withoutMP/13ppd/225a/
    SysDir /storage/icds/RISE/sw8/gams/gams42.1_linux_x64_64_sfx/
    --carbonSlack 0
    --adjust_constraints_if_infeas 1
Licensee: Single User License                            G231219|0002AO-LNX
          The Pennsylvania State University, Institute for CyberDC15032-S17
          /storage/icds/RISE/sw8/gams/gams42.1_linux_x64_64_sfx/gamslice.txt
          License Admin: Rob Groner, rug262@psu.edu                        
Processor information: 2 socket(s), 24 core(s), and 24 thread(s) available
GAMS 42.1.0   Copyright (C) 1987-2023 GAMS Development. All rights reserved
--- Starting compilation
--- runRBA_max_prod.gms(6) 2 Mb
--- . runRBA_GAMS_settings.txt(20) 2 Mb
--- runRBA_max_prod.gms(37) 2 Mb
--- . RBA_species.txt(7813) 3 Mb
--- runRBA_max_prod.gms(39) 3 Mb
--- . RBA_rxns.txt(16888) 5 Mb
--- runRBA_max_prod.gms(41) 5 Mb
--- . RBA_rxns_prosyn.txt(4964) 5 Mb
--- runRBA_max_prod.gms(43) 5 Mb
--- . RBA_rxns_prowaste.txt(4968) 6 Mb
--- runRBA_max_prod.gms(45) 6 Mb
--- . RBA_nuc_translation.txt(4951) 6 Mb
--- runRBA_max_prod.gms(47) 6 Mb
--- . RBA_mito_translation.txt(15) 6 Mb
--- runRBA_max_prod.gms(49) 6 Mb
--- . RBA_rxns_EXREV.txt(159) 6 Mb
--- runRBA_max_prod.gms(51) 6 Mb
--- . RBA_rxns_EXREV_YNB_RabinowitzVersion.txt(28) 6 Mb
--- runRBA_max_prod.gms(53) 6 Mb
--- . RBA_rxns_whole_biomass.txt(10) 6 Mb
--- runRBA_max_prod.gms(55) 6 Mb
--- . RBA_rxns_add.txt(118) 6 Mb
--- runRBA_max_prod.gms(57) 6 Mb 1 Error
*** Error 282 in /storage/home/ejm6426/scratch/scRBA/application/output_max_withoutMP/13ppd/runRBA_max_prod.gms
    Unable to open include file
       Hint: Does the filename need to be quoted?
--- runRBA_max_prod.gms(62) 6 Mb
--- . RBA_sij.txt(32875) 6 Mb--- . RBA_sij.txt(49350) 6 Mb--- . RBA_sij.txt(107809) 9 Mb--- . RBA_sij.txt(123175) 10 Mb--- . RBA_sij.txt(184217) 11 Mb--- . RBA_sij.txt(199962) 11 Mb--- . RBA_sij.txt(259225) 14 Mb--- . RBA_sij.txt(268302) 15 Mb
--- runRBA_max_prod.gms(64) 15 Mb
--- . RBA_proteinLength.txt(3263) 15 Mb--- . RBA_proteinLength.txt(4964) 15 Mb
--- runRBA_max_prod.gms(66) 15 Mb
--- . RBA_kapp_chemo_lowC_per_hour.txt(2226) 15 Mb
--- runRBA_max_prod.gms(68) 15 Mb
--- . yield_denominators.txt(3) 15 Mb
--- runRBA_max_prod.gms(70) 15 Mb
--- . yield_denominators_expanded.txt(9) 15 Mb
--- runRBA_max_prod.gms(81) 15 Mb 2 Errors
*** Error 282 in /storage/home/ejm6426/scratch/scRBA/application/output_max_withoutMP/13ppd/runRBA_max_prod.gms
    Unable to open include file
       Hint: Does the filename need to be quoted?
--- runRBA_max_prod.gms(101) 15 Mb
--- . phenotype.txt(2) 15 Mb
--- .. RBA_GAMS_defaults_from_FBA.txt(1) 15 Mb
--- ... phenotype_common.txt(8) 15 Mb
--- .... model-version-settings.txt(4) 15 Mb
--- ... phenotype_common.txt(53) 15 Mb
--- .. RBA_GAMS_defaults_from_FBA.txt(493) 15 Mb
--- . phenotype.txt(8) 15 Mb
--- runRBA_max_prod.gms(112) 15 Mb
--- . RBA_enzCapacityConstraints_declares.txt(2226) 15 Mb
--- runRBA_max_prod.gms(122) 15 Mb
--- . RBA_enzCapacityConstraints_eqns_equality_version.txt(2226) 15 Mb
--- runRBA_max_prod.gms(130) 15 Mb 3 Errors
*** Error 257 in /storage/home/ejm6426/scratch/scRBA/application/output_max_withoutMP/13ppd/runRBA_max_prod.gms
    Solve statement not checked because of previous errors
--- runRBA_max_prod.gms(173) 15 Mb 4 Errors
*** Error 257 in /storage/home/ejm6426/scratch/scRBA/application/output_max_withoutMP/13ppd/runRBA_max_prod.gms
    Solve statement not checked because of previous errors
--- runRBA_max_prod.gms(181) 15 Mb 5 Errors
*** Error 257 in /storage/home/ejm6426/scratch/scRBA/application/output_max_withoutMP/13ppd/runRBA_max_prod.gms
    Solve statement not checked because of previous errors
--- runRBA_max_prod.gms(189) 15 Mb 6 Errors
*** Error 257 in /storage/home/ejm6426/scratch/scRBA/application/output_max_withoutMP/13ppd/runRBA_max_prod.gms
    Solve statement not checked because of previous errors
--- runRBA_max_prod.gms(192) 15 Mb 7 Errors
*** Error 257 in /storage/home/ejm6426/scratch/scRBA/application/output_max_withoutMP/13ppd/runRBA_max_prod.gms
    Solve statement not checked because of previous errors
--- runRBA_max_prod.gms(234) 15 Mb 8 Errors
*** Error 141 in /storage/home/ejm6426/scratch/scRBA/application/output_max_withoutMP/13ppd/runRBA_max_prod.gms
    Symbol declared but no values have been assigned. Check for missing
       data definition, assignment, data loading or implicit assignment
       via a solve statement.
       A wild shot: You may have spurious commas in the explanatory
       text of a declaration. Check symbol reference list.
--- runRBA_max_prod.gms(239) 15 Mb 9 Errors
*** Error 257 in /storage/home/ejm6426/scratch/scRBA/application/output_max_withoutMP/13ppd/runRBA_max_prod.gms
    Solve statement not checked because of previous errors
--- runRBA_max_prod.gms(248) 15 Mb 10 Errors
*** Error 257 in /storage/home/ejm6426/scratch/scRBA/application/output_max_withoutMP/13ppd/runRBA_max_prod.gms
    Solve statement not checked because of previous errors
--- runRBA_max_prod.gms(276) 15 Mb 11 Errors
*** Error 257 in /storage/home/ejm6426/scratch/scRBA/application/output_max_withoutMP/13ppd/runRBA_max_prod.gms
    Solve statement not checked because of previous errors
--- runRBA_max_prod.gms(289) 15 Mb 12 Errors
*** Error 257 in /storage/home/ejm6426/scratch/scRBA/application/output_max_withoutMP/13ppd/runRBA_max_prod.gms
    Solve statement not checked because of previous errors
--- runRBA_max_prod.gms(296) 15 Mb 13 Errors
*** Error 257 in /storage/home/ejm6426/scratch/scRBA/application/output_max_withoutMP/13ppd/runRBA_max_prod.gms
    Solve statement not checked because of previous errors
--- runRBA_max_prod.gms(317) 15 Mb 13 Errors
*** Status: Compilation error(s)
--- Job runRBA_max_prod.gms Stop 10/01/24 19:06:17 elapsed 0:00:01.046
Traceback (most recent call last):
  File "/scratch/ejm6426/scRBA/application/output_max_withoutMP/13ppd/runRBA.py", line 36, in <module>
    stat = get_GAMS_modelStat('./runRBA.modelStat.txt')
           ^^^^^^^^^^^^^^^^^^^^^^^^^^^^^^^^^^^^^^^^^^^^
  File "/scratch/ejm6426/scRBA/application/output_max_withoutMP/13ppd/../../../pycore/simulate.py", line 2, in get_GAMS_modelStat
    with open(filepath) as f:
         ^^^^^^^^^^^^^^
FileNotFoundError: [Errno 2] No such file or directory: './runRBA.modelStat.txt'
--- Job runRBA_max_prod.gms Start 10/01/24 19:06:18 42.1.0 cb854401 LEX-LEG x86 64bit/Linux
--- Applying:
    /storage/icds/RISE/sw8/gams/gams42.1_linux_x64_64_sfx/gmsprmun.txt
--- GAMS Parameters defined
    Input /storage/home/ejm6426/scratch/scRBA/application/output_max_withoutMP/2phetoh/runRBA_max_prod.gms
    Output /dev/null
    ScrDir /storage/home/ejm6426/scratch/scRBA/application/output_max_withoutMP/2phetoh/225a/
    SysDir /storage/icds/RISE/sw8/gams/gams42.1_linux_x64_64_sfx/
    --carbonSlack 0
    --adjust_constraints_if_infeas 1
Licensee: Single User License                            G231219|0002AO-LNX
          The Pennsylvania State University, Institute for CyberDC15032-S17
          /storage/icds/RISE/sw8/gams/gams42.1_linux_x64_64_sfx/gamslice.txt
          License Admin: Rob Groner, rug262@psu.edu                        
Processor information: 2 socket(s), 24 core(s), and 24 thread(s) available
GAMS 42.1.0   Copyright (C) 1987-2023 GAMS Development. All rights reserved
--- Starting compilation
--- runRBA_max_prod.gms(6) 2 Mb
--- . runRBA_GAMS_settings.txt(20) 2 Mb
--- runRBA_max_prod.gms(37) 2 Mb
--- . RBA_species.txt(7813) 3 Mb
--- runRBA_max_prod.gms(39) 3 Mb
--- . RBA_rxns.txt(16888) 5 Mb
--- runRBA_max_prod.gms(41) 5 Mb
--- . RBA_rxns_prosyn.txt(4964) 5 Mb
--- runRBA_max_prod.gms(43) 5 Mb
--- . RBA_rxns_prowaste.txt(4968) 6 Mb
--- runRBA_max_prod.gms(45) 6 Mb
--- . RBA_nuc_translation.txt(4951) 6 Mb
--- runRBA_max_prod.gms(47) 6 Mb
--- . RBA_mito_translation.txt(15) 6 Mb
--- runRBA_max_prod.gms(49) 6 Mb
--- . RBA_rxns_EXREV.txt(159) 6 Mb
--- runRBA_max_prod.gms(51) 6 Mb
--- . RBA_rxns_EXREV_YNB_RabinowitzVersion.txt(28) 6 Mb
--- runRBA_max_prod.gms(53) 6 Mb
--- . RBA_rxns_whole_biomass.txt(10) 6 Mb
--- runRBA_max_prod.gms(55) 6 Mb
--- . RBA_rxns_add.txt(118) 6 Mb
--- runRBA_max_prod.gms(57) 6 Mb 1 Error
*** Error 282 in /storage/home/ejm6426/scratch/scRBA/application/output_max_withoutMP/2phetoh/runRBA_max_prod.gms
    Unable to open include file
       Hint: Does the filename need to be quoted?
--- runRBA_max_prod.gms(62) 6 Mb
--- . RBA_sij.txt(28713) 6 Mb--- . RBA_sij.txt(44491) 6 Mb--- . RBA_sij.txt(102035) 9 Mb--- . RBA_sij.txt(116773) 10 Mb--- . RBA_sij.txt(175453) 11 Mb--- . RBA_sij.txt(190210) 11 Mb--- . RBA_sij.txt(248802) 13 Mb--- . RBA_sij.txt(261753) 14 Mb--- . RBA_sij.txt(268302) 15 Mb
--- runRBA_max_prod.gms(64) 15 Mb
--- . RBA_proteinLength.txt(4964) 15 Mb
--- runRBA_max_prod.gms(66) 15 Mb
--- . RBA_kapp_chemo_lowC_per_hour.txt(2226) 15 Mb
--- runRBA_max_prod.gms(68) 15 Mb
--- . yield_denominators.txt(3) 15 Mb
--- runRBA_max_prod.gms(70) 15 Mb
--- . yield_denominators_expanded.txt(9) 15 Mb
--- runRBA_max_prod.gms(81) 15 Mb 2 Errors
*** Error 282 in /storage/home/ejm6426/scratch/scRBA/application/output_max_withoutMP/2phetoh/runRBA_max_prod.gms
    Unable to open include file
       Hint: Does the filename need to be quoted?
--- runRBA_max_prod.gms(101) 15 Mb
--- . phenotype.txt(2) 15 Mb
--- .. RBA_GAMS_defaults_from_FBA.txt(1) 15 Mb
--- ... phenotype_common.txt(8) 15 Mb
--- .... model-version-settings.txt(4) 15 Mb
--- ... phenotype_common.txt(53) 15 Mb
--- .. RBA_GAMS_defaults_from_FBA.txt(492) 15 Mb
--- . phenotype.txt(8) 15 Mb
--- runRBA_max_prod.gms(112) 15 Mb
--- . RBA_enzCapacityConstraints_declares.txt(2226) 15 Mb
--- runRBA_max_prod.gms(122) 15 Mb
--- . RBA_enzCapacityConstraints_eqns_equality_version.txt(2226) 15 Mb
--- runRBA_max_prod.gms(130) 15 Mb 3 Errors
*** Error 257 in /storage/home/ejm6426/scratch/scRBA/application/output_max_withoutMP/2phetoh/runRBA_max_prod.gms
    Solve statement not checked because of previous errors
--- runRBA_max_prod.gms(173) 15 Mb 4 Errors
*** Error 257 in /storage/home/ejm6426/scratch/scRBA/application/output_max_withoutMP/2phetoh/runRBA_max_prod.gms
    Solve statement not checked because of previous errors
--- runRBA_max_prod.gms(181) 15 Mb 5 Errors
*** Error 257 in /storage/home/ejm6426/scratch/scRBA/application/output_max_withoutMP/2phetoh/runRBA_max_prod.gms
    Solve statement not checked because of previous errors
--- runRBA_max_prod.gms(189) 15 Mb 6 Errors
*** Error 257 in /storage/home/ejm6426/scratch/scRBA/application/output_max_withoutMP/2phetoh/runRBA_max_prod.gms
    Solve statement not checked because of previous errors
--- runRBA_max_prod.gms(192) 15 Mb 7 Errors
*** Error 257 in /storage/home/ejm6426/scratch/scRBA/application/output_max_withoutMP/2phetoh/runRBA_max_prod.gms
    Solve statement not checked because of previous errors
--- runRBA_max_prod.gms(234) 15 Mb 8 Errors
*** Error 141 in /storage/home/ejm6426/scratch/scRBA/application/output_max_withoutMP/2phetoh/runRBA_max_prod.gms
    Symbol declared but no values have been assigned. Check for missing
       data definition, assignment, data loading or implicit assignment
       via a solve statement.
       A wild shot: You may have spurious commas in the explanatory
       text of a declaration. Check symbol reference list.
--- runRBA_max_prod.gms(239) 15 Mb 9 Errors
*** Error 257 in /storage/home/ejm6426/scratch/scRBA/application/output_max_withoutMP/2phetoh/runRBA_max_prod.gms
    Solve statement not checked because of previous errors
--- runRBA_max_prod.gms(248) 15 Mb 10 Errors
*** Error 257 in /storage/home/ejm6426/scratch/scRBA/application/output_max_withoutMP/2phetoh/runRBA_max_prod.gms
    Solve statement not checked because of previous errors
--- runRBA_max_prod.gms(276) 15 Mb 11 Errors
*** Error 257 in /storage/home/ejm6426/scratch/scRBA/application/output_max_withoutMP/2phetoh/runRBA_max_prod.gms
    Solve statement not checked because of previous errors
--- runRBA_max_prod.gms(289) 15 Mb 12 Errors
*** Error 257 in /storage/home/ejm6426/scratch/scRBA/application/output_max_withoutMP/2phetoh/runRBA_max_prod.gms
    Solve statement not checked because of previous errors
--- runRBA_max_prod.gms(296) 15 Mb 13 Errors
*** Error 257 in /storage/home/ejm6426/scratch/scRBA/application/output_max_withoutMP/2phetoh/runRBA_max_prod.gms
    Solve statement not checked because of previous errors
--- runRBA_max_prod.gms(317) 15 Mb 13 Errors
*** Status: Compilation error(s)
--- Job runRBA_max_prod.gms Stop 10/01/24 19:06:19 elapsed 0:00:01.094
Traceback (most recent call last):
  File "/scratch/ejm6426/scRBA/application/output_max_withoutMP/2phetoh/runRBA.py", line 36, in <module>
    stat = get_GAMS_modelStat('./runRBA.modelStat.txt')
           ^^^^^^^^^^^^^^^^^^^^^^^^^^^^^^^^^^^^^^^^^^^^
  File "/scratch/ejm6426/scRBA/application/output_max_withoutMP/2phetoh/../../../pycore/simulate.py", line 2, in get_GAMS_modelStat
    with open(filepath) as f:
         ^^^^^^^^^^^^^^
FileNotFoundError: [Errno 2] No such file or directory: './runRBA.modelStat.txt'
--- Job runRBA_max_prod.gms Start 10/01/24 19:06:20 42.1.0 cb854401 LEX-LEG x86 64bit/Linux
--- Applying:
    /storage/icds/RISE/sw8/gams/gams42.1_linux_x64_64_sfx/gmsprmun.txt
--- GAMS Parameters defined
    Input /storage/home/ejm6426/scratch/scRBA/application/output_max_withoutMP/odealc/runRBA_max_prod.gms
    Output /dev/null
    ScrDir /storage/home/ejm6426/scratch/scRBA/application/output_max_withoutMP/odealc/225a/
    SysDir /storage/icds/RISE/sw8/gams/gams42.1_linux_x64_64_sfx/
    --carbonSlack 0
    --adjust_constraints_if_infeas 1
Licensee: Single User License                            G231219|0002AO-LNX
          The Pennsylvania State University, Institute for CyberDC15032-S17
          /storage/icds/RISE/sw8/gams/gams42.1_linux_x64_64_sfx/gamslice.txt
          License Admin: Rob Groner, rug262@psu.edu                        
Processor information: 2 socket(s), 24 core(s), and 24 thread(s) available
GAMS 42.1.0   Copyright (C) 1987-2023 GAMS Development. All rights reserved
--- Starting compilation
--- runRBA_max_prod.gms(6) 2 Mb
--- . runRBA_GAMS_settings.txt(20) 2 Mb
--- runRBA_max_prod.gms(37) 2 Mb
--- . RBA_species.txt(7813) 3 Mb
--- runRBA_max_prod.gms(39) 3 Mb
--- . RBA_rxns.txt(16888) 5 Mb
--- runRBA_max_prod.gms(41) 5 Mb
--- . RBA_rxns_prosyn.txt(4964) 5 Mb
--- runRBA_max_prod.gms(43) 5 Mb
--- . RBA_rxns_prowaste.txt(4968) 6 Mb
--- runRBA_max_prod.gms(45) 6 Mb
--- . RBA_nuc_translation.txt(4951) 6 Mb
--- runRBA_max_prod.gms(47) 6 Mb
--- . RBA_mito_translation.txt(15) 6 Mb
--- runRBA_max_prod.gms(49) 6 Mb
--- . RBA_rxns_EXREV.txt(159) 6 Mb
--- runRBA_max_prod.gms(51) 6 Mb
--- . RBA_rxns_EXREV_YNB_RabinowitzVersion.txt(28) 6 Mb
--- runRBA_max_prod.gms(53) 6 Mb
--- . RBA_rxns_whole_biomass.txt(10) 6 Mb
--- runRBA_max_prod.gms(55) 6 Mb
--- . RBA_rxns_add.txt(118) 6 Mb
--- runRBA_max_prod.gms(57) 6 Mb 1 Error
*** Error 282 in /storage/home/ejm6426/scratch/scRBA/application/output_max_withoutMP/odealc/runRBA_max_prod.gms
    Unable to open include file
       Hint: Does the filename need to be quoted?
--- runRBA_max_prod.gms(62) 6 Mb
--- . RBA_sij.txt(30839) 6 Mb--- . RBA_sij.txt(47239) 6 Mb--- . RBA_sij.txt(106131) 9 Mb--- . RBA_sij.txt(121621) 10 Mb--- . RBA_sij.txt(181513) 11 Mb--- . RBA_sij.txt(197144) 11 Mb--- . RBA_sij.txt(255861) 14 Mb--- . RBA_sij.txt(268302) 15 Mb
--- runRBA_max_prod.gms(64) 15 Mb
--- . RBA_proteinLength.txt(4964) 15 Mb
--- runRBA_max_prod.gms(66) 15 Mb
--- . RBA_kapp_chemo_lowC_per_hour.txt(2226) 15 Mb
--- runRBA_max_prod.gms(68) 15 Mb
--- . yield_denominators.txt(3) 15 Mb
--- runRBA_max_prod.gms(70) 15 Mb
--- . yield_denominators_expanded.txt(9) 15 Mb
--- runRBA_max_prod.gms(81) 15 Mb 2 Errors
*** Error 282 in /storage/home/ejm6426/scratch/scRBA/application/output_max_withoutMP/odealc/runRBA_max_prod.gms
    Unable to open include file
       Hint: Does the filename need to be quoted?
--- runRBA_max_prod.gms(101) 15 Mb
--- . phenotype.txt(2) 15 Mb
--- .. RBA_GAMS_defaults_from_FBA.txt(1) 15 Mb
--- ... phenotype_common.txt(8) 15 Mb
--- .... model-version-settings.txt(4) 15 Mb
--- ... phenotype_common.txt(53) 15 Mb
--- .. RBA_GAMS_defaults_from_FBA.txt(530) 15 Mb
--- . phenotype.txt(8) 15 Mb
--- runRBA_max_prod.gms(112) 15 Mb
--- . RBA_enzCapacityConstraints_declares.txt(2226) 15 Mb
--- runRBA_max_prod.gms(122) 15 Mb
--- . RBA_enzCapacityConstraints_eqns_equality_version.txt(2226) 15 Mb
--- runRBA_max_prod.gms(130) 15 Mb 3 Errors
*** Error 257 in /storage/home/ejm6426/scratch/scRBA/application/output_max_withoutMP/odealc/runRBA_max_prod.gms
    Solve statement not checked because of previous errors
--- runRBA_max_prod.gms(173) 15 Mb 4 Errors
*** Error 257 in /storage/home/ejm6426/scratch/scRBA/application/output_max_withoutMP/odealc/runRBA_max_prod.gms
    Solve statement not checked because of previous errors
--- runRBA_max_prod.gms(181) 15 Mb 5 Errors
*** Error 257 in /storage/home/ejm6426/scratch/scRBA/application/output_max_withoutMP/odealc/runRBA_max_prod.gms
    Solve statement not checked because of previous errors
--- runRBA_max_prod.gms(189) 15 Mb 6 Errors
*** Error 257 in /storage/home/ejm6426/scratch/scRBA/application/output_max_withoutMP/odealc/runRBA_max_prod.gms
    Solve statement not checked because of previous errors
--- runRBA_max_prod.gms(192) 15 Mb 7 Errors
*** Error 257 in /storage/home/ejm6426/scratch/scRBA/application/output_max_withoutMP/odealc/runRBA_max_prod.gms
    Solve statement not checked because of previous errors
--- runRBA_max_prod.gms(234) 15 Mb 8 Errors
*** Error 141 in /storage/home/ejm6426/scratch/scRBA/application/output_max_withoutMP/odealc/runRBA_max_prod.gms
    Symbol declared but no values have been assigned. Check for missing
       data definition, assignment, data loading or implicit assignment
       via a solve statement.
       A wild shot: You may have spurious commas in the explanatory
       text of a declaration. Check symbol reference list.
--- runRBA_max_prod.gms(239) 15 Mb 9 Errors
*** Error 257 in /storage/home/ejm6426/scratch/scRBA/application/output_max_withoutMP/odealc/runRBA_max_prod.gms
    Solve statement not checked because of previous errors
--- runRBA_max_prod.gms(248) 15 Mb 10 Errors
*** Error 257 in /storage/home/ejm6426/scratch/scRBA/application/output_max_withoutMP/odealc/runRBA_max_prod.gms
    Solve statement not checked because of previous errors
--- runRBA_max_prod.gms(276) 15 Mb 11 Errors
*** Error 257 in /storage/home/ejm6426/scratch/scRBA/application/output_max_withoutMP/odealc/runRBA_max_prod.gms
    Solve statement not checked because of previous errors
--- runRBA_max_prod.gms(289) 15 Mb 12 Errors
*** Error 257 in /storage/home/ejm6426/scratch/scRBA/application/output_max_withoutMP/odealc/runRBA_max_prod.gms
    Solve statement not checked because of previous errors
--- runRBA_max_prod.gms(296) 15 Mb 13 Errors
*** Error 257 in /storage/home/ejm6426/scratch/scRBA/application/output_max_withoutMP/odealc/runRBA_max_prod.gms
    Solve statement not checked because of previous errors
--- runRBA_max_prod.gms(317) 15 Mb 13 Errors
*** Status: Compilation error(s)
--- Job runRBA_max_prod.gms Stop 10/01/24 19:06:21 elapsed 0:00:01.056
Traceback (most recent call last):
  File "/scratch/ejm6426/scRBA/application/output_max_withoutMP/odealc/runRBA.py", line 36, in <module>
    stat = get_GAMS_modelStat('./runRBA.modelStat.txt')
           ^^^^^^^^^^^^^^^^^^^^^^^^^^^^^^^^^^^^^^^^^^^^
  File "/scratch/ejm6426/scRBA/application/output_max_withoutMP/odealc/../../../pycore/simulate.py", line 2, in get_GAMS_modelStat
    with open(filepath) as f:
         ^^^^^^^^^^^^^^
FileNotFoundError: [Errno 2] No such file or directory: './runRBA.modelStat.txt'
--- Job runRBA_max_prod.gms Start 10/01/24 19:06:22 42.1.0 cb854401 LEX-LEG x86 64bit/Linux
--- Applying:
    /storage/icds/RISE/sw8/gams/gams42.1_linux_x64_64_sfx/gmsprmun.txt
--- GAMS Parameters defined
    Input /storage/home/ejm6426/scratch/scRBA/application/output_max_withoutMP/ibutoh/runRBA_max_prod.gms
    Output /dev/null
    ScrDir /storage/home/ejm6426/scratch/scRBA/application/output_max_withoutMP/ibutoh/225a/
    SysDir /storage/icds/RISE/sw8/gams/gams42.1_linux_x64_64_sfx/
    --carbonSlack 0
    --adjust_constraints_if_infeas 1
Licensee: Single User License                            G231219|0002AO-LNX
          The Pennsylvania State University, Institute for CyberDC15032-S17
          /storage/icds/RISE/sw8/gams/gams42.1_linux_x64_64_sfx/gamslice.txt
          License Admin: Rob Groner, rug262@psu.edu                        
Processor information: 2 socket(s), 24 core(s), and 24 thread(s) available
GAMS 42.1.0   Copyright (C) 1987-2023 GAMS Development. All rights reserved
--- Starting compilation
--- runRBA_max_prod.gms(6) 2 Mb
--- . runRBA_GAMS_settings.txt(20) 2 Mb
--- runRBA_max_prod.gms(37) 2 Mb
--- . RBA_species.txt(7813) 3 Mb
--- runRBA_max_prod.gms(39) 3 Mb
--- . RBA_rxns.txt(16888) 5 Mb
--- runRBA_max_prod.gms(41) 5 Mb
--- . RBA_rxns_prosyn.txt(4964) 5 Mb
--- runRBA_max_prod.gms(43) 5 Mb
--- . RBA_rxns_prowaste.txt(4968) 6 Mb
--- runRBA_max_prod.gms(45) 6 Mb
--- . RBA_nuc_translation.txt(4951) 6 Mb
--- runRBA_max_prod.gms(47) 6 Mb
--- . RBA_mito_translation.txt(15) 6 Mb
--- runRBA_max_prod.gms(49) 6 Mb
--- . RBA_rxns_EXREV.txt(159) 6 Mb
--- runRBA_max_prod.gms(51) 6 Mb
--- . RBA_rxns_EXREV_YNB_RabinowitzVersion.txt(28) 6 Mb
--- runRBA_max_prod.gms(53) 6 Mb
--- . RBA_rxns_whole_biomass.txt(10) 6 Mb
--- runRBA_max_prod.gms(55) 6 Mb
--- . RBA_rxns_add.txt(118) 6 Mb
--- runRBA_max_prod.gms(57) 6 Mb 1 Error
*** Error 282 in /storage/home/ejm6426/scratch/scRBA/application/output_max_withoutMP/ibutoh/runRBA_max_prod.gms
    Unable to open include file
       Hint: Does the filename need to be quoted?
--- runRBA_max_prod.gms(62) 6 Mb
--- . RBA_sij.txt(29615) 6 Mb--- . RBA_sij.txt(46151) 6 Mb--- . RBA_sij.txt(105515) 9 Mb--- . RBA_sij.txt(120650) 10 Mb--- . RBA_sij.txt(180736) 11 Mb--- . RBA_sij.txt(196011) 11 Mb--- . RBA_sij.txt(254669) 14 Mb--- . RBA_sij.txt(268302) 15 Mb
--- runRBA_max_prod.gms(64) 15 Mb
--- . RBA_proteinLength.txt(4964) 15 Mb
--- runRBA_max_prod.gms(66) 15 Mb
--- . RBA_kapp_chemo_lowC_per_hour.txt(2226) 15 Mb
--- runRBA_max_prod.gms(68) 15 Mb
--- . yield_denominators.txt(3) 15 Mb
--- runRBA_max_prod.gms(70) 15 Mb
--- . yield_denominators_expanded.txt(9) 15 Mb
--- runRBA_max_prod.gms(81) 15 Mb 2 Errors
*** Error 282 in /storage/home/ejm6426/scratch/scRBA/application/output_max_withoutMP/ibutoh/runRBA_max_prod.gms
    Unable to open include file
       Hint: Does the filename need to be quoted?
--- runRBA_max_prod.gms(101) 15 Mb
--- . phenotype.txt(2) 15 Mb
--- .. RBA_GAMS_defaults_from_FBA.txt(1) 15 Mb
--- ... phenotype_common.txt(8) 15 Mb
--- .... model-version-settings.txt(4) 15 Mb
--- ... phenotype_common.txt(53) 15 Mb
--- .. RBA_GAMS_defaults_from_FBA.txt(490) 15 Mb
--- . phenotype.txt(8) 15 Mb
--- runRBA_max_prod.gms(112) 15 Mb
--- . RBA_enzCapacityConstraints_declares.txt(2226) 15 Mb
--- runRBA_max_prod.gms(122) 15 Mb
--- . RBA_enzCapacityConstraints_eqns_equality_version.txt(2226) 15 Mb
--- runRBA_max_prod.gms(130) 15 Mb 3 Errors
*** Error 257 in /storage/home/ejm6426/scratch/scRBA/application/output_max_withoutMP/ibutoh/runRBA_max_prod.gms
    Solve statement not checked because of previous errors
--- runRBA_max_prod.gms(173) 15 Mb 4 Errors
*** Error 257 in /storage/home/ejm6426/scratch/scRBA/application/output_max_withoutMP/ibutoh/runRBA_max_prod.gms
    Solve statement not checked because of previous errors
--- runRBA_max_prod.gms(181) 15 Mb 5 Errors
*** Error 257 in /storage/home/ejm6426/scratch/scRBA/application/output_max_withoutMP/ibutoh/runRBA_max_prod.gms
    Solve statement not checked because of previous errors
--- runRBA_max_prod.gms(189) 15 Mb 6 Errors
*** Error 257 in /storage/home/ejm6426/scratch/scRBA/application/output_max_withoutMP/ibutoh/runRBA_max_prod.gms
    Solve statement not checked because of previous errors
--- runRBA_max_prod.gms(192) 15 Mb 7 Errors
*** Error 257 in /storage/home/ejm6426/scratch/scRBA/application/output_max_withoutMP/ibutoh/runRBA_max_prod.gms
    Solve statement not checked because of previous errors
--- runRBA_max_prod.gms(234) 15 Mb 8 Errors
*** Error 141 in /storage/home/ejm6426/scratch/scRBA/application/output_max_withoutMP/ibutoh/runRBA_max_prod.gms
    Symbol declared but no values have been assigned. Check for missing
       data definition, assignment, data loading or implicit assignment
       via a solve statement.
       A wild shot: You may have spurious commas in the explanatory
       text of a declaration. Check symbol reference list.
--- runRBA_max_prod.gms(239) 15 Mb 9 Errors
*** Error 257 in /storage/home/ejm6426/scratch/scRBA/application/output_max_withoutMP/ibutoh/runRBA_max_prod.gms
    Solve statement not checked because of previous errors
--- runRBA_max_prod.gms(248) 15 Mb 10 Errors
*** Error 257 in /storage/home/ejm6426/scratch/scRBA/application/output_max_withoutMP/ibutoh/runRBA_max_prod.gms
    Solve statement not checked because of previous errors
--- runRBA_max_prod.gms(276) 15 Mb 11 Errors
*** Error 257 in /storage/home/ejm6426/scratch/scRBA/application/output_max_withoutMP/ibutoh/runRBA_max_prod.gms
    Solve statement not checked because of previous errors
--- runRBA_max_prod.gms(289) 15 Mb 12 Errors
*** Error 257 in /storage/home/ejm6426/scratch/scRBA/application/output_max_withoutMP/ibutoh/runRBA_max_prod.gms
    Solve statement not checked because of previous errors
--- runRBA_max_prod.gms(296) 15 Mb 13 Errors
*** Error 257 in /storage/home/ejm6426/scratch/scRBA/application/output_max_withoutMP/ibutoh/runRBA_max_prod.gms
    Solve statement not checked because of previous errors
--- runRBA_max_prod.gms(317) 15 Mb 13 Errors
*** Status: Compilation error(s)
--- Job runRBA_max_prod.gms Stop 10/01/24 19:06:23 elapsed 0:00:01.060
Traceback (most recent call last):
  File "/scratch/ejm6426/scRBA/application/output_max_withoutMP/ibutoh/runRBA.py", line 36, in <module>
    stat = get_GAMS_modelStat('./runRBA.modelStat.txt')
           ^^^^^^^^^^^^^^^^^^^^^^^^^^^^^^^^^^^^^^^^^^^^
  File "/scratch/ejm6426/scRBA/application/output_max_withoutMP/ibutoh/../../../pycore/simulate.py", line 2, in get_GAMS_modelStat
    with open(filepath) as f:
         ^^^^^^^^^^^^^^
FileNotFoundError: [Errno 2] No such file or directory: './runRBA.modelStat.txt'
--- Job runRBA_max_prod.gms Start 10/01/24 19:06:24 42.1.0 cb854401 LEX-LEG x86 64bit/Linux
--- Applying:
    /storage/icds/RISE/sw8/gams/gams42.1_linux_x64_64_sfx/gmsprmun.txt
--- GAMS Parameters defined
    Input /storage/home/ejm6426/scratch/scRBA/application/output_max_withoutMP/4hbz/runRBA_max_prod.gms
    Output /dev/null
    ScrDir /storage/home/ejm6426/scratch/scRBA/application/output_max_withoutMP/4hbz/225a/
    SysDir /storage/icds/RISE/sw8/gams/gams42.1_linux_x64_64_sfx/
    --carbonSlack 0
    --adjust_constraints_if_infeas 1
Licensee: Single User License                            G231219|0002AO-LNX
          The Pennsylvania State University, Institute for CyberDC15032-S17
          /storage/icds/RISE/sw8/gams/gams42.1_linux_x64_64_sfx/gamslice.txt
          License Admin: Rob Groner, rug262@psu.edu                        
Processor information: 2 socket(s), 24 core(s), and 24 thread(s) available
GAMS 42.1.0   Copyright (C) 1987-2023 GAMS Development. All rights reserved
--- Starting compilation
--- runRBA_max_prod.gms(6) 2 Mb
--- . runRBA_GAMS_settings.txt(20) 2 Mb
--- runRBA_max_prod.gms(37) 2 Mb
--- . RBA_species.txt(7813) 3 Mb
--- runRBA_max_prod.gms(39) 3 Mb
--- . RBA_rxns.txt(16888) 5 Mb
--- runRBA_max_prod.gms(41) 5 Mb
--- . RBA_rxns_prosyn.txt(4964) 5 Mb
--- runRBA_max_prod.gms(43) 5 Mb
--- . RBA_rxns_prowaste.txt(4968) 6 Mb
--- runRBA_max_prod.gms(45) 6 Mb
--- . RBA_nuc_translation.txt(4951) 6 Mb
--- runRBA_max_prod.gms(47) 6 Mb
--- . RBA_mito_translation.txt(15) 6 Mb
--- runRBA_max_prod.gms(49) 6 Mb
--- . RBA_rxns_EXREV.txt(159) 6 Mb
--- runRBA_max_prod.gms(51) 6 Mb
--- . RBA_rxns_EXREV_YNB_RabinowitzVersion.txt(28) 6 Mb
--- runRBA_max_prod.gms(53) 6 Mb
--- . RBA_rxns_whole_biomass.txt(10) 6 Mb
--- runRBA_max_prod.gms(55) 6 Mb
--- . RBA_rxns_add.txt(118) 6 Mb
--- runRBA_max_prod.gms(57) 6 Mb 1 Error
*** Error 282 in /storage/home/ejm6426/scratch/scRBA/application/output_max_withoutMP/4hbz/runRBA_max_prod.gms
    Unable to open include file
       Hint: Does the filename need to be quoted?
--- runRBA_max_prod.gms(62) 6 Mb
--- . RBA_sij.txt(34564) 6 Mb--- . RBA_sij.txt(50081) 6 Mb--- . RBA_sij.txt(111233) 9 Mb--- . RBA_sij.txt(126572) 10 Mb--- . RBA_sij.txt(187990) 11 Mb--- . RBA_sij.txt(201466) 13 Mb--- . RBA_sij.txt(262059) 14 Mb--- . RBA_sij.txt(268302) 15 Mb
--- runRBA_max_prod.gms(64) 15 Mb
--- . RBA_proteinLength.txt(4964) 15 Mb
--- runRBA_max_prod.gms(66) 15 Mb
--- . RBA_kapp_chemo_lowC_per_hour.txt(1435) 15 Mb--- . RBA_kapp_chemo_lowC_per_hour.txt(2226) 15 Mb
--- runRBA_max_prod.gms(68) 15 Mb
--- . yield_denominators.txt(3) 15 Mb
--- runRBA_max_prod.gms(70) 15 Mb
--- . yield_denominators_expanded.txt(9) 15 Mb
--- runRBA_max_prod.gms(81) 15 Mb 2 Errors
*** Error 282 in /storage/home/ejm6426/scratch/scRBA/application/output_max_withoutMP/4hbz/runRBA_max_prod.gms
    Unable to open include file
       Hint: Does the filename need to be quoted?
--- runRBA_max_prod.gms(101) 15 Mb
--- . phenotype.txt(2) 15 Mb
--- .. RBA_GAMS_defaults_from_FBA.txt(1) 15 Mb
--- ... phenotype_common.txt(8) 15 Mb
--- .... model-version-settings.txt(4) 15 Mb
--- ... phenotype_common.txt(53) 15 Mb
--- .. RBA_GAMS_defaults_from_FBA.txt(493) 15 Mb
--- . phenotype.txt(8) 15 Mb
--- runRBA_max_prod.gms(112) 15 Mb
--- . RBA_enzCapacityConstraints_declares.txt(2226) 15 Mb
--- runRBA_max_prod.gms(122) 15 Mb
--- . RBA_enzCapacityConstraints_eqns_equality_version.txt(2226) 15 Mb
--- runRBA_max_prod.gms(130) 15 Mb 3 Errors
*** Error 257 in /storage/home/ejm6426/scratch/scRBA/application/output_max_withoutMP/4hbz/runRBA_max_prod.gms
    Solve statement not checked because of previous errors
--- runRBA_max_prod.gms(173) 15 Mb 4 Errors
*** Error 257 in /storage/home/ejm6426/scratch/scRBA/application/output_max_withoutMP/4hbz/runRBA_max_prod.gms
    Solve statement not checked because of previous errors
--- runRBA_max_prod.gms(181) 15 Mb 5 Errors
*** Error 257 in /storage/home/ejm6426/scratch/scRBA/application/output_max_withoutMP/4hbz/runRBA_max_prod.gms
    Solve statement not checked because of previous errors
--- runRBA_max_prod.gms(189) 15 Mb 6 Errors
*** Error 257 in /storage/home/ejm6426/scratch/scRBA/application/output_max_withoutMP/4hbz/runRBA_max_prod.gms
    Solve statement not checked because of previous errors
--- runRBA_max_prod.gms(192) 15 Mb 7 Errors
*** Error 257 in /storage/home/ejm6426/scratch/scRBA/application/output_max_withoutMP/4hbz/runRBA_max_prod.gms
    Solve statement not checked because of previous errors
--- runRBA_max_prod.gms(234) 15 Mb 8 Errors
*** Error 141 in /storage/home/ejm6426/scratch/scRBA/application/output_max_withoutMP/4hbz/runRBA_max_prod.gms
    Symbol declared but no values have been assigned. Check for missing
       data definition, assignment, data loading or implicit assignment
       via a solve statement.
       A wild shot: You may have spurious commas in the explanatory
       text of a declaration. Check symbol reference list.
--- runRBA_max_prod.gms(239) 15 Mb 9 Errors
*** Error 257 in /storage/home/ejm6426/scratch/scRBA/application/output_max_withoutMP/4hbz/runRBA_max_prod.gms
    Solve statement not checked because of previous errors
--- runRBA_max_prod.gms(248) 15 Mb 10 Errors
*** Error 257 in /storage/home/ejm6426/scratch/scRBA/application/output_max_withoutMP/4hbz/runRBA_max_prod.gms
    Solve statement not checked because of previous errors
--- runRBA_max_prod.gms(276) 15 Mb 11 Errors
*** Error 257 in /storage/home/ejm6426/scratch/scRBA/application/output_max_withoutMP/4hbz/runRBA_max_prod.gms
    Solve statement not checked because of previous errors
--- runRBA_max_prod.gms(289) 15 Mb 12 Errors
*** Error 257 in /storage/home/ejm6426/scratch/scRBA/application/output_max_withoutMP/4hbz/runRBA_max_prod.gms
    Solve statement not checked because of previous errors
--- runRBA_max_prod.gms(296) 15 Mb 13 Errors
*** Error 257 in /storage/home/ejm6426/scratch/scRBA/application/output_max_withoutMP/4hbz/runRBA_max_prod.gms
    Solve statement not checked because of previous errors
--- runRBA_max_prod.gms(317) 15 Mb 13 Errors
*** Status: Compilation error(s)
--- Job runRBA_max_prod.gms Stop 10/01/24 19:06:25 elapsed 0:00:01.037
Traceback (most recent call last):
  File "/scratch/ejm6426/scRBA/application/output_max_withoutMP/4hbz/runRBA.py", line 36, in <module>
    stat = get_GAMS_modelStat('./runRBA.modelStat.txt')
           ^^^^^^^^^^^^^^^^^^^^^^^^^^^^^^^^^^^^^^^^^^^^
  File "/scratch/ejm6426/scRBA/application/output_max_withoutMP/4hbz/../../../pycore/simulate.py", line 2, in get_GAMS_modelStat
    with open(filepath) as f:
         ^^^^^^^^^^^^^^
FileNotFoundError: [Errno 2] No such file or directory: './runRBA.modelStat.txt'
--- Job runRBA_max_prod.gms Start 10/01/24 19:06:26 42.1.0 cb854401 LEX-LEG x86 64bit/Linux
--- Applying:
    /storage/icds/RISE/sw8/gams/gams42.1_linux_x64_64_sfx/gmsprmun.txt
--- GAMS Parameters defined
    Input /storage/home/ejm6426/scratch/scRBA/application/output_max_withoutMP/cou/runRBA_max_prod.gms
    Output /dev/null
    ScrDir /storage/home/ejm6426/scratch/scRBA/application/output_max_withoutMP/cou/225a/
    SysDir /storage/icds/RISE/sw8/gams/gams42.1_linux_x64_64_sfx/
    --carbonSlack 0
    --adjust_constraints_if_infeas 1
Licensee: Single User License                            G231219|0002AO-LNX
          The Pennsylvania State University, Institute for CyberDC15032-S17
          /storage/icds/RISE/sw8/gams/gams42.1_linux_x64_64_sfx/gamslice.txt
          License Admin: Rob Groner, rug262@psu.edu                        
Processor information: 2 socket(s), 24 core(s), and 24 thread(s) available
GAMS 42.1.0   Copyright (C) 1987-2023 GAMS Development. All rights reserved
--- Starting compilation
--- runRBA_max_prod.gms(6) 2 Mb
--- . runRBA_GAMS_settings.txt(20) 2 Mb
--- runRBA_max_prod.gms(37) 2 Mb
--- . RBA_species.txt(7813) 3 Mb
--- runRBA_max_prod.gms(39) 3 Mb
--- . RBA_rxns.txt(16888) 5 Mb
--- runRBA_max_prod.gms(41) 5 Mb
--- . RBA_rxns_prosyn.txt(4964) 5 Mb
--- runRBA_max_prod.gms(43) 5 Mb
--- . RBA_rxns_prowaste.txt(4968) 6 Mb
--- runRBA_max_prod.gms(45) 6 Mb
--- . RBA_nuc_translation.txt(4951) 6 Mb
--- runRBA_max_prod.gms(47) 6 Mb
--- . RBA_mito_translation.txt(15) 6 Mb
--- runRBA_max_prod.gms(49) 6 Mb
--- . RBA_rxns_EXREV.txt(159) 6 Mb
--- runRBA_max_prod.gms(51) 6 Mb
--- . RBA_rxns_EXREV_YNB_RabinowitzVersion.txt(28) 6 Mb
--- runRBA_max_prod.gms(53) 6 Mb
--- . RBA_rxns_whole_biomass.txt(10) 6 Mb
--- runRBA_max_prod.gms(55) 6 Mb
--- . RBA_rxns_add.txt(118) 6 Mb
--- runRBA_max_prod.gms(57) 6 Mb 1 Error
*** Error 282 in /storage/home/ejm6426/scratch/scRBA/application/output_max_withoutMP/cou/runRBA_max_prod.gms
    Unable to open include file
       Hint: Does the filename need to be quoted?
--- runRBA_max_prod.gms(62) 6 Mb
--- . RBA_sij.txt(29644) 6 Mb--- . RBA_sij.txt(46343) 6 Mb--- . RBA_sij.txt(104774) 9 Mb--- . RBA_sij.txt(120157) 10 Mb--- . RBA_sij.txt(180334) 11 Mb--- . RBA_sij.txt(195706) 11 Mb--- . RBA_sij.txt(254239) 14 Mb--- . RBA_sij.txt(268302) 15 Mb
--- runRBA_max_prod.gms(64) 15 Mb
--- . RBA_proteinLength.txt(4964) 15 Mb
--- runRBA_max_prod.gms(66) 15 Mb
--- . RBA_kapp_chemo_lowC_per_hour.txt(2226) 15 Mb
--- runRBA_max_prod.gms(68) 15 Mb
--- . yield_denominators.txt(3) 15 Mb
--- runRBA_max_prod.gms(70) 15 Mb
--- . yield_denominators_expanded.txt(9) 15 Mb
--- runRBA_max_prod.gms(81) 15 Mb 2 Errors
*** Error 282 in /storage/home/ejm6426/scratch/scRBA/application/output_max_withoutMP/cou/runRBA_max_prod.gms
    Unable to open include file
       Hint: Does the filename need to be quoted?
--- runRBA_max_prod.gms(101) 15 Mb
--- . phenotype.txt(2) 15 Mb
--- .. RBA_GAMS_defaults_from_FBA.txt(1) 15 Mb
--- ... phenotype_common.txt(8) 15 Mb
--- .... model-version-settings.txt(4) 15 Mb
--- ... phenotype_common.txt(53) 15 Mb
--- .. RBA_GAMS_defaults_from_FBA.txt(492) 15 Mb
--- . phenotype.txt(8) 15 Mb
--- runRBA_max_prod.gms(112) 15 Mb
--- . RBA_enzCapacityConstraints_declares.txt(2226) 15 Mb
--- runRBA_max_prod.gms(122) 15 Mb
--- . RBA_enzCapacityConstraints_eqns_equality_version.txt(2226) 15 Mb
--- runRBA_max_prod.gms(130) 15 Mb 3 Errors
*** Error 257 in /storage/home/ejm6426/scratch/scRBA/application/output_max_withoutMP/cou/runRBA_max_prod.gms
    Solve statement not checked because of previous errors
--- runRBA_max_prod.gms(173) 15 Mb 4 Errors
*** Error 257 in /storage/home/ejm6426/scratch/scRBA/application/output_max_withoutMP/cou/runRBA_max_prod.gms
    Solve statement not checked because of previous errors
--- runRBA_max_prod.gms(181) 15 Mb 5 Errors
*** Error 257 in /storage/home/ejm6426/scratch/scRBA/application/output_max_withoutMP/cou/runRBA_max_prod.gms
    Solve statement not checked because of previous errors
--- runRBA_max_prod.gms(189) 15 Mb 6 Errors
*** Error 257 in /storage/home/ejm6426/scratch/scRBA/application/output_max_withoutMP/cou/runRBA_max_prod.gms
    Solve statement not checked because of previous errors
--- runRBA_max_prod.gms(192) 15 Mb 7 Errors
*** Error 257 in /storage/home/ejm6426/scratch/scRBA/application/output_max_withoutMP/cou/runRBA_max_prod.gms
    Solve statement not checked because of previous errors
--- runRBA_max_prod.gms(234) 15 Mb 8 Errors
*** Error 141 in /storage/home/ejm6426/scratch/scRBA/application/output_max_withoutMP/cou/runRBA_max_prod.gms
    Symbol declared but no values have been assigned. Check for missing
       data definition, assignment, data loading or implicit assignment
       via a solve statement.
       A wild shot: You may have spurious commas in the explanatory
       text of a declaration. Check symbol reference list.
--- runRBA_max_prod.gms(239) 15 Mb 9 Errors
*** Error 257 in /storage/home/ejm6426/scratch/scRBA/application/output_max_withoutMP/cou/runRBA_max_prod.gms
    Solve statement not checked because of previous errors
--- runRBA_max_prod.gms(248) 15 Mb 10 Errors
*** Error 257 in /storage/home/ejm6426/scratch/scRBA/application/output_max_withoutMP/cou/runRBA_max_prod.gms
    Solve statement not checked because of previous errors
--- runRBA_max_prod.gms(276) 15 Mb 11 Errors
*** Error 257 in /storage/home/ejm6426/scratch/scRBA/application/output_max_withoutMP/cou/runRBA_max_prod.gms
    Solve statement not checked because of previous errors
--- runRBA_max_prod.gms(289) 15 Mb 12 Errors
*** Error 257 in /storage/home/ejm6426/scratch/scRBA/application/output_max_withoutMP/cou/runRBA_max_prod.gms
    Solve statement not checked because of previous errors
--- runRBA_max_prod.gms(296) 15 Mb 13 Errors
*** Error 257 in /storage/home/ejm6426/scratch/scRBA/application/output_max_withoutMP/cou/runRBA_max_prod.gms
    Solve statement not checked because of previous errors
--- runRBA_max_prod.gms(317) 15 Mb 13 Errors
*** Status: Compilation error(s)
--- Job runRBA_max_prod.gms Stop 10/01/24 19:06:27 elapsed 0:00:01.063
Traceback (most recent call last):
  File "/scratch/ejm6426/scRBA/application/output_max_withoutMP/cou/runRBA.py", line 36, in <module>
    stat = get_GAMS_modelStat('./runRBA.modelStat.txt')
           ^^^^^^^^^^^^^^^^^^^^^^^^^^^^^^^^^^^^^^^^^^^^
  File "/scratch/ejm6426/scRBA/application/output_max_withoutMP/cou/../../../pycore/simulate.py", line 2, in get_GAMS_modelStat
    with open(filepath) as f:
         ^^^^^^^^^^^^^^
FileNotFoundError: [Errno 2] No such file or directory: './runRBA.modelStat.txt'
--- Job runRBA_max_prod.gms Start 10/01/24 19:06:28 42.1.0 cb854401 LEX-LEG x86 64bit/Linux
--- Applying:
    /storage/icds/RISE/sw8/gams/gams42.1_linux_x64_64_sfx/gmsprmun.txt
--- GAMS Parameters defined
    Input /storage/home/ejm6426/scratch/scRBA/application/output_max_withoutMP/3hppb/runRBA_max_prod.gms
    Output /dev/null
    ScrDir /storage/home/ejm6426/scratch/scRBA/application/output_max_withoutMP/3hppb/225a/
    SysDir /storage/icds/RISE/sw8/gams/gams42.1_linux_x64_64_sfx/
    --carbonSlack 0
    --adjust_constraints_if_infeas 1
Licensee: Single User License                            G231219|0002AO-LNX
          The Pennsylvania State University, Institute for CyberDC15032-S17
          /storage/icds/RISE/sw8/gams/gams42.1_linux_x64_64_sfx/gamslice.txt
          License Admin: Rob Groner, rug262@psu.edu                        
Processor information: 2 socket(s), 24 core(s), and 24 thread(s) available
GAMS 42.1.0   Copyright (C) 1987-2023 GAMS Development. All rights reserved
--- Starting compilation
--- runRBA_max_prod.gms(6) 2 Mb
--- . runRBA_GAMS_settings.txt(20) 2 Mb
--- runRBA_max_prod.gms(37) 2 Mb
--- . RBA_species.txt(7813) 3 Mb
--- runRBA_max_prod.gms(39) 3 Mb
--- . RBA_rxns.txt(16888) 5 Mb
--- runRBA_max_prod.gms(41) 5 Mb
--- . RBA_rxns_prosyn.txt(4964) 5 Mb
--- runRBA_max_prod.gms(43) 5 Mb
--- . RBA_rxns_prowaste.txt(4968) 6 Mb
--- runRBA_max_prod.gms(45) 6 Mb
--- . RBA_nuc_translation.txt(4951) 6 Mb
--- runRBA_max_prod.gms(47) 6 Mb
--- . RBA_mito_translation.txt(15) 6 Mb
--- runRBA_max_prod.gms(49) 6 Mb
--- . RBA_rxns_EXREV.txt(159) 6 Mb
--- runRBA_max_prod.gms(51) 6 Mb
--- . RBA_rxns_EXREV_YNB_RabinowitzVersion.txt(28) 6 Mb
--- runRBA_max_prod.gms(53) 6 Mb
--- . RBA_rxns_whole_biomass.txt(10) 6 Mb
--- runRBA_max_prod.gms(55) 6 Mb
--- . RBA_rxns_add.txt(118) 6 Mb
--- runRBA_max_prod.gms(57) 6 Mb 1 Error
*** Error 282 in /storage/home/ejm6426/scratch/scRBA/application/output_max_withoutMP/3hppb/runRBA_max_prod.gms
    Unable to open include file
       Hint: Does the filename need to be quoted?
--- runRBA_max_prod.gms(62) 6 Mb
--- . RBA_sij.txt(31122) 6 Mb--- . RBA_sij.txt(47621) 6 Mb--- . RBA_sij.txt(106460) 9 Mb--- . RBA_sij.txt(121377) 10 Mb--- . RBA_sij.txt(180885) 11 Mb--- . RBA_sij.txt(195868) 11 Mb--- . RBA_sij.txt(252957) 14 Mb--- . RBA_sij.txt(267947) 14 Mb--- . RBA_sij.txt(268302) 15 Mb
--- runRBA_max_prod.gms(64) 15 Mb
--- . RBA_proteinLength.txt(4964) 15 Mb
--- runRBA_max_prod.gms(66) 15 Mb
--- . RBA_kapp_chemo_lowC_per_hour.txt(2226) 15 Mb
--- runRBA_max_prod.gms(68) 15 Mb
--- . yield_denominators.txt(3) 15 Mb
--- runRBA_max_prod.gms(70) 15 Mb
--- . yield_denominators_expanded.txt(9) 15 Mb
--- runRBA_max_prod.gms(81) 15 Mb 2 Errors
*** Error 282 in /storage/home/ejm6426/scratch/scRBA/application/output_max_withoutMP/3hppb/runRBA_max_prod.gms
    Unable to open include file
       Hint: Does the filename need to be quoted?
--- runRBA_max_prod.gms(101) 15 Mb
--- . phenotype.txt(2) 15 Mb
--- .. RBA_GAMS_defaults_from_FBA.txt(1) 15 Mb
--- ... phenotype_common.txt(8) 15 Mb
--- .... model-version-settings.txt(4) 15 Mb
--- ... phenotype_common.txt(53) 15 Mb
--- .. RBA_GAMS_defaults_from_FBA.txt(494) 15 Mb
--- . phenotype.txt(8) 15 Mb
--- runRBA_max_prod.gms(112) 15 Mb
--- . RBA_enzCapacityConstraints_declares.txt(2226) 15 Mb
--- runRBA_max_prod.gms(122) 15 Mb
--- . RBA_enzCapacityConstraints_eqns_equality_version.txt(2226) 15 Mb
--- runRBA_max_prod.gms(130) 15 Mb 3 Errors
*** Error 257 in /storage/home/ejm6426/scratch/scRBA/application/output_max_withoutMP/3hppb/runRBA_max_prod.gms
    Solve statement not checked because of previous errors
--- runRBA_max_prod.gms(173) 15 Mb 4 Errors
*** Error 257 in /storage/home/ejm6426/scratch/scRBA/application/output_max_withoutMP/3hppb/runRBA_max_prod.gms
    Solve statement not checked because of previous errors
--- runRBA_max_prod.gms(181) 15 Mb 5 Errors
*** Error 257 in /storage/home/ejm6426/scratch/scRBA/application/output_max_withoutMP/3hppb/runRBA_max_prod.gms
    Solve statement not checked because of previous errors
--- runRBA_max_prod.gms(189) 15 Mb 6 Errors
*** Error 257 in /storage/home/ejm6426/scratch/scRBA/application/output_max_withoutMP/3hppb/runRBA_max_prod.gms
    Solve statement not checked because of previous errors
--- runRBA_max_prod.gms(192) 15 Mb 7 Errors
*** Error 257 in /storage/home/ejm6426/scratch/scRBA/application/output_max_withoutMP/3hppb/runRBA_max_prod.gms
    Solve statement not checked because of previous errors
--- runRBA_max_prod.gms(234) 15 Mb 8 Errors
*** Error 141 in /storage/home/ejm6426/scratch/scRBA/application/output_max_withoutMP/3hppb/runRBA_max_prod.gms
    Symbol declared but no values have been assigned. Check for missing
       data definition, assignment, data loading or implicit assignment
       via a solve statement.
       A wild shot: You may have spurious commas in the explanatory
       text of a declaration. Check symbol reference list.
--- runRBA_max_prod.gms(239) 15 Mb 9 Errors
*** Error 257 in /storage/home/ejm6426/scratch/scRBA/application/output_max_withoutMP/3hppb/runRBA_max_prod.gms
    Solve statement not checked because of previous errors
--- runRBA_max_prod.gms(248) 15 Mb 10 Errors
*** Error 257 in /storage/home/ejm6426/scratch/scRBA/application/output_max_withoutMP/3hppb/runRBA_max_prod.gms
    Solve statement not checked because of previous errors
--- runRBA_max_prod.gms(276) 15 Mb 11 Errors
*** Error 257 in /storage/home/ejm6426/scratch/scRBA/application/output_max_withoutMP/3hppb/runRBA_max_prod.gms
    Solve statement not checked because of previous errors
--- runRBA_max_prod.gms(289) 15 Mb 12 Errors
*** Error 257 in /storage/home/ejm6426/scratch/scRBA/application/output_max_withoutMP/3hppb/runRBA_max_prod.gms
    Solve statement not checked because of previous errors
--- runRBA_max_prod.gms(296) 15 Mb 13 Errors
*** Error 257 in /storage/home/ejm6426/scratch/scRBA/application/output_max_withoutMP/3hppb/runRBA_max_prod.gms
    Solve statement not checked because of previous errors
--- runRBA_max_prod.gms(317) 15 Mb 13 Errors
*** Status: Compilation error(s)
--- Job runRBA_max_prod.gms Stop 10/01/24 19:06:29 elapsed 0:00:01.068
Traceback (most recent call last):
  File "/scratch/ejm6426/scRBA/application/output_max_withoutMP/3hppb/runRBA.py", line 36, in <module>
    stat = get_GAMS_modelStat('./runRBA.modelStat.txt')
           ^^^^^^^^^^^^^^^^^^^^^^^^^^^^^^^^^^^^^^^^^^^^
  File "/scratch/ejm6426/scRBA/application/output_max_withoutMP/3hppb/../../../pycore/simulate.py", line 2, in get_GAMS_modelStat
    with open(filepath) as f:
         ^^^^^^^^^^^^^^
FileNotFoundError: [Errno 2] No such file or directory: './runRBA.modelStat.txt'
--- Job runRBA_max_prod.gms Start 10/01/24 19:06:30 42.1.0 cb854401 LEX-LEG x86 64bit/Linux
--- Applying:
    /storage/icds/RISE/sw8/gams/gams42.1_linux_x64_64_sfx/gmsprmun.txt
--- GAMS Parameters defined
    Input /storage/home/ejm6426/scratch/scRBA/application/output_max_withoutMP/btd/runRBA_max_prod.gms
    Output /dev/null
    ScrDir /storage/home/ejm6426/scratch/scRBA/application/output_max_withoutMP/btd/225a/
    SysDir /storage/icds/RISE/sw8/gams/gams42.1_linux_x64_64_sfx/
    --carbonSlack 0
    --adjust_constraints_if_infeas 1
Licensee: Single User License                            G231219|0002AO-LNX
          The Pennsylvania State University, Institute for CyberDC15032-S17
          /storage/icds/RISE/sw8/gams/gams42.1_linux_x64_64_sfx/gamslice.txt
          License Admin: Rob Groner, rug262@psu.edu                        
Processor information: 2 socket(s), 24 core(s), and 24 thread(s) available
GAMS 42.1.0   Copyright (C) 1987-2023 GAMS Development. All rights reserved
--- Starting compilation
--- runRBA_max_prod.gms(6) 2 Mb
--- . runRBA_GAMS_settings.txt(20) 2 Mb
--- runRBA_max_prod.gms(37) 2 Mb
--- . RBA_species.txt(7813) 3 Mb
--- runRBA_max_prod.gms(39) 3 Mb
--- . RBA_rxns.txt(16888) 5 Mb
--- runRBA_max_prod.gms(41) 5 Mb
--- . RBA_rxns_prosyn.txt(4964) 5 Mb
--- runRBA_max_prod.gms(43) 5 Mb
--- . RBA_rxns_prowaste.txt(4968) 6 Mb
--- runRBA_max_prod.gms(45) 6 Mb
--- . RBA_nuc_translation.txt(4951) 6 Mb
--- runRBA_max_prod.gms(47) 6 Mb
--- . RBA_mito_translation.txt(15) 6 Mb
--- runRBA_max_prod.gms(49) 6 Mb
--- . RBA_rxns_EXREV.txt(159) 6 Mb
--- runRBA_max_prod.gms(51) 6 Mb
--- . RBA_rxns_EXREV_YNB_RabinowitzVersion.txt(28) 6 Mb
--- runRBA_max_prod.gms(53) 6 Mb
--- . RBA_rxns_whole_biomass.txt(10) 6 Mb
--- runRBA_max_prod.gms(55) 6 Mb
--- . RBA_rxns_add.txt(118) 6 Mb
--- runRBA_max_prod.gms(57) 6 Mb 1 Error
*** Error 282 in /storage/home/ejm6426/scratch/scRBA/application/output_max_withoutMP/btd/runRBA_max_prod.gms
    Unable to open include file
       Hint: Does the filename need to be quoted?
--- runRBA_max_prod.gms(62) 6 Mb
--- . RBA_sij.txt(29905) 6 Mb--- . RBA_sij.txt(46884) 6 Mb--- . RBA_sij.txt(107354) 9 Mb--- . RBA_sij.txt(122903) 10 Mb--- . RBA_sij.txt(184735) 11 Mb--- . RBA_sij.txt(200081) 11 Mb--- . RBA_sij.txt(259396) 14 Mb--- . RBA_sij.txt(268302) 15 Mb
--- runRBA_max_prod.gms(64) 15 Mb
--- . RBA_proteinLength.txt(3915) 15 Mb--- . RBA_proteinLength.txt(4964) 15 Mb
--- runRBA_max_prod.gms(66) 15 Mb
--- . RBA_kapp_chemo_lowC_per_hour.txt(2226) 15 Mb
--- runRBA_max_prod.gms(68) 15 Mb
--- . yield_denominators.txt(3) 15 Mb
--- runRBA_max_prod.gms(70) 15 Mb
--- . yield_denominators_expanded.txt(9) 15 Mb
--- runRBA_max_prod.gms(81) 15 Mb 2 Errors
*** Error 282 in /storage/home/ejm6426/scratch/scRBA/application/output_max_withoutMP/btd/runRBA_max_prod.gms
    Unable to open include file
       Hint: Does the filename need to be quoted?
--- runRBA_max_prod.gms(101) 15 Mb
--- . phenotype.txt(2) 15 Mb
--- .. RBA_GAMS_defaults_from_FBA.txt(1) 15 Mb
--- ... phenotype_common.txt(8) 15 Mb
--- .... model-version-settings.txt(4) 15 Mb
--- ... phenotype_common.txt(53) 15 Mb
--- .. RBA_GAMS_defaults_from_FBA.txt(492) 15 Mb
--- . phenotype.txt(8) 15 Mb
--- runRBA_max_prod.gms(112) 15 Mb
--- . RBA_enzCapacityConstraints_declares.txt(2226) 15 Mb
--- runRBA_max_prod.gms(122) 15 Mb
--- . RBA_enzCapacityConstraints_eqns_equality_version.txt(2226) 15 Mb
--- runRBA_max_prod.gms(130) 15 Mb 3 Errors
*** Error 257 in /storage/home/ejm6426/scratch/scRBA/application/output_max_withoutMP/btd/runRBA_max_prod.gms
    Solve statement not checked because of previous errors
--- runRBA_max_prod.gms(173) 15 Mb 4 Errors
*** Error 257 in /storage/home/ejm6426/scratch/scRBA/application/output_max_withoutMP/btd/runRBA_max_prod.gms
    Solve statement not checked because of previous errors
--- runRBA_max_prod.gms(181) 15 Mb 5 Errors
*** Error 257 in /storage/home/ejm6426/scratch/scRBA/application/output_max_withoutMP/btd/runRBA_max_prod.gms
    Solve statement not checked because of previous errors
--- runRBA_max_prod.gms(189) 15 Mb 6 Errors
*** Error 257 in /storage/home/ejm6426/scratch/scRBA/application/output_max_withoutMP/btd/runRBA_max_prod.gms
    Solve statement not checked because of previous errors
--- runRBA_max_prod.gms(192) 15 Mb 7 Errors
*** Error 257 in /storage/home/ejm6426/scratch/scRBA/application/output_max_withoutMP/btd/runRBA_max_prod.gms
    Solve statement not checked because of previous errors
--- runRBA_max_prod.gms(234) 15 Mb 8 Errors
*** Error 141 in /storage/home/ejm6426/scratch/scRBA/application/output_max_withoutMP/btd/runRBA_max_prod.gms
    Symbol declared but no values have been assigned. Check for missing
       data definition, assignment, data loading or implicit assignment
       via a solve statement.
       A wild shot: You may have spurious commas in the explanatory
       text of a declaration. Check symbol reference list.
--- runRBA_max_prod.gms(239) 15 Mb 9 Errors
*** Error 257 in /storage/home/ejm6426/scratch/scRBA/application/output_max_withoutMP/btd/runRBA_max_prod.gms
    Solve statement not checked because of previous errors
--- runRBA_max_prod.gms(248) 15 Mb 10 Errors
*** Error 257 in /storage/home/ejm6426/scratch/scRBA/application/output_max_withoutMP/btd/runRBA_max_prod.gms
    Solve statement not checked because of previous errors
--- runRBA_max_prod.gms(276) 15 Mb 11 Errors
*** Error 257 in /storage/home/ejm6426/scratch/scRBA/application/output_max_withoutMP/btd/runRBA_max_prod.gms
    Solve statement not checked because of previous errors
--- runRBA_max_prod.gms(289) 15 Mb 12 Errors
*** Error 257 in /storage/home/ejm6426/scratch/scRBA/application/output_max_withoutMP/btd/runRBA_max_prod.gms
    Solve statement not checked because of previous errors
--- runRBA_max_prod.gms(296) 15 Mb 13 Errors
*** Error 257 in /storage/home/ejm6426/scratch/scRBA/application/output_max_withoutMP/btd/runRBA_max_prod.gms
    Solve statement not checked because of previous errors
--- runRBA_max_prod.gms(317) 15 Mb 13 Errors
*** Status: Compilation error(s)
--- Job runRBA_max_prod.gms Stop 10/01/24 19:06:31 elapsed 0:00:01.045
Traceback (most recent call last):
  File "/scratch/ejm6426/scRBA/application/output_max_withoutMP/btd/runRBA.py", line 36, in <module>
    stat = get_GAMS_modelStat('./runRBA.modelStat.txt')
           ^^^^^^^^^^^^^^^^^^^^^^^^^^^^^^^^^^^^^^^^^^^^
  File "/scratch/ejm6426/scRBA/application/output_max_withoutMP/btd/../../../pycore/simulate.py", line 2, in get_GAMS_modelStat
    with open(filepath) as f:
         ^^^^^^^^^^^^^^
FileNotFoundError: [Errno 2] No such file or directory: './runRBA.modelStat.txt'
--- Job runRBA_max_prod.gms Start 10/01/24 19:06:32 42.1.0 cb854401 LEX-LEG x86 64bit/Linux
--- Applying:
    /storage/icds/RISE/sw8/gams/gams42.1_linux_x64_64_sfx/gmsprmun.txt
--- GAMS Parameters defined
    Input /storage/home/ejm6426/scratch/scRBA/application/output_max_withoutMP/retcln/runRBA_max_prod.gms
    Output /dev/null
    ScrDir /storage/home/ejm6426/scratch/scRBA/application/output_max_withoutMP/retcln/225a/
    SysDir /storage/icds/RISE/sw8/gams/gams42.1_linux_x64_64_sfx/
    --carbonSlack 0
    --adjust_constraints_if_infeas 1
Licensee: Single User License                            G231219|0002AO-LNX
          The Pennsylvania State University, Institute for CyberDC15032-S17
          /storage/icds/RISE/sw8/gams/gams42.1_linux_x64_64_sfx/gamslice.txt
          License Admin: Rob Groner, rug262@psu.edu                        
Processor information: 2 socket(s), 24 core(s), and 24 thread(s) available
GAMS 42.1.0   Copyright (C) 1987-2023 GAMS Development. All rights reserved
--- Starting compilation
--- runRBA_max_prod.gms(6) 2 Mb
--- . runRBA_GAMS_settings.txt(20) 2 Mb
--- runRBA_max_prod.gms(37) 2 Mb
--- . RBA_species.txt(7813) 3 Mb
--- runRBA_max_prod.gms(39) 3 Mb
--- . RBA_rxns.txt(16888) 5 Mb
--- runRBA_max_prod.gms(41) 5 Mb
--- . RBA_rxns_prosyn.txt(4964) 5 Mb
--- runRBA_max_prod.gms(43) 5 Mb
--- . RBA_rxns_prowaste.txt(4968) 6 Mb
--- runRBA_max_prod.gms(45) 6 Mb
--- . RBA_nuc_translation.txt(4951) 6 Mb
--- runRBA_max_prod.gms(47) 6 Mb
--- . RBA_mito_translation.txt(15) 6 Mb
--- runRBA_max_prod.gms(49) 6 Mb
--- . RBA_rxns_EXREV.txt(159) 6 Mb
--- runRBA_max_prod.gms(51) 6 Mb
--- . RBA_rxns_EXREV_YNB_RabinowitzVersion.txt(28) 6 Mb
--- runRBA_max_prod.gms(53) 6 Mb
--- . RBA_rxns_whole_biomass.txt(10) 6 Mb
--- runRBA_max_prod.gms(55) 6 Mb
--- . RBA_rxns_add.txt(118) 6 Mb
--- runRBA_max_prod.gms(57) 6 Mb 1 Error
*** Error 282 in /storage/home/ejm6426/scratch/scRBA/application/output_max_withoutMP/retcln/runRBA_max_prod.gms
    Unable to open include file
       Hint: Does the filename need to be quoted?
--- runRBA_max_prod.gms(62) 6 Mb
--- . RBA_sij.txt(28837) 6 Mb--- . RBA_sij.txt(44761) 6 Mb--- . RBA_sij.txt(102362) 9 Mb--- . RBA_sij.txt(117300) 10 Mb--- . RBA_sij.txt(176665) 11 Mb--- . RBA_sij.txt(192193) 11 Mb--- . RBA_sij.txt(250082) 14 Mb--- . RBA_sij.txt(265258) 14 Mb--- . RBA_sij.txt(268302) 15 Mb
--- runRBA_max_prod.gms(64) 15 Mb
--- . RBA_proteinLength.txt(4964) 15 Mb
--- runRBA_max_prod.gms(66) 15 Mb
--- . RBA_kapp_chemo_lowC_per_hour.txt(2226) 15 Mb
--- runRBA_max_prod.gms(68) 15 Mb
--- . yield_denominators.txt(3) 15 Mb
--- runRBA_max_prod.gms(70) 15 Mb
--- . yield_denominators_expanded.txt(9) 15 Mb
--- runRBA_max_prod.gms(81) 15 Mb 2 Errors
*** Error 282 in /storage/home/ejm6426/scratch/scRBA/application/output_max_withoutMP/retcln/runRBA_max_prod.gms
    Unable to open include file
       Hint: Does the filename need to be quoted?
--- runRBA_max_prod.gms(101) 15 Mb
--- . phenotype.txt(2) 15 Mb
--- .. RBA_GAMS_defaults_from_FBA.txt(1) 15 Mb
--- ... phenotype_common.txt(8) 15 Mb
--- .... model-version-settings.txt(4) 15 Mb
--- ... phenotype_common.txt(53) 15 Mb
--- .. RBA_GAMS_defaults_from_FBA.txt(503) 15 Mb
--- . phenotype.txt(8) 15 Mb
--- runRBA_max_prod.gms(112) 15 Mb
--- . RBA_enzCapacityConstraints_declares.txt(2226) 15 Mb
--- runRBA_max_prod.gms(122) 15 Mb
--- . RBA_enzCapacityConstraints_eqns_equality_version.txt(2226) 15 Mb
--- runRBA_max_prod.gms(130) 15 Mb 3 Errors
*** Error 257 in /storage/home/ejm6426/scratch/scRBA/application/output_max_withoutMP/retcln/runRBA_max_prod.gms
    Solve statement not checked because of previous errors
--- runRBA_max_prod.gms(173) 15 Mb 4 Errors
*** Error 257 in /storage/home/ejm6426/scratch/scRBA/application/output_max_withoutMP/retcln/runRBA_max_prod.gms
    Solve statement not checked because of previous errors
--- runRBA_max_prod.gms(181) 15 Mb 5 Errors
*** Error 257 in /storage/home/ejm6426/scratch/scRBA/application/output_max_withoutMP/retcln/runRBA_max_prod.gms
    Solve statement not checked because of previous errors
--- runRBA_max_prod.gms(189) 15 Mb 6 Errors
*** Error 257 in /storage/home/ejm6426/scratch/scRBA/application/output_max_withoutMP/retcln/runRBA_max_prod.gms
    Solve statement not checked because of previous errors
--- runRBA_max_prod.gms(192) 15 Mb 7 Errors
*** Error 257 in /storage/home/ejm6426/scratch/scRBA/application/output_max_withoutMP/retcln/runRBA_max_prod.gms
    Solve statement not checked because of previous errors
--- runRBA_max_prod.gms(234) 15 Mb 8 Errors
*** Error 141 in /storage/home/ejm6426/scratch/scRBA/application/output_max_withoutMP/retcln/runRBA_max_prod.gms
    Symbol declared but no values have been assigned. Check for missing
       data definition, assignment, data loading or implicit assignment
       via a solve statement.
       A wild shot: You may have spurious commas in the explanatory
       text of a declaration. Check symbol reference list.
--- runRBA_max_prod.gms(239) 15 Mb 9 Errors
*** Error 257 in /storage/home/ejm6426/scratch/scRBA/application/output_max_withoutMP/retcln/runRBA_max_prod.gms
    Solve statement not checked because of previous errors
--- runRBA_max_prod.gms(248) 15 Mb 10 Errors
*** Error 257 in /storage/home/ejm6426/scratch/scRBA/application/output_max_withoutMP/retcln/runRBA_max_prod.gms
    Solve statement not checked because of previous errors
--- runRBA_max_prod.gms(276) 15 Mb 11 Errors
*** Error 257 in /storage/home/ejm6426/scratch/scRBA/application/output_max_withoutMP/retcln/runRBA_max_prod.gms
    Solve statement not checked because of previous errors
--- runRBA_max_prod.gms(289) 15 Mb 12 Errors
*** Error 257 in /storage/home/ejm6426/scratch/scRBA/application/output_max_withoutMP/retcln/runRBA_max_prod.gms
    Solve statement not checked because of previous errors
--- runRBA_max_prod.gms(296) 15 Mb 13 Errors
*** Error 257 in /storage/home/ejm6426/scratch/scRBA/application/output_max_withoutMP/retcln/runRBA_max_prod.gms
    Solve statement not checked because of previous errors
--- runRBA_max_prod.gms(317) 15 Mb 13 Errors
*** Status: Compilation error(s)
--- Job runRBA_max_prod.gms Stop 10/01/24 19:06:33 elapsed 0:00:01.079
Traceback (most recent call last):
  File "/scratch/ejm6426/scRBA/application/output_max_withoutMP/retcln/runRBA.py", line 36, in <module>
    stat = get_GAMS_modelStat('./runRBA.modelStat.txt')
           ^^^^^^^^^^^^^^^^^^^^^^^^^^^^^^^^^^^^^^^^^^^^
  File "/scratch/ejm6426/scRBA/application/output_max_withoutMP/retcln/../../../pycore/simulate.py", line 2, in get_GAMS_modelStat
    with open(filepath) as f:
         ^^^^^^^^^^^^^^
FileNotFoundError: [Errno 2] No such file or directory: './runRBA.modelStat.txt'
--- Job runRBA_max_prod.gms Start 10/01/24 19:06:34 42.1.0 cb854401 LEX-LEG x86 64bit/Linux
--- Applying:
    /storage/icds/RISE/sw8/gams/gams42.1_linux_x64_64_sfx/gmsprmun.txt
--- GAMS Parameters defined
    Input /storage/home/ejm6426/scratch/scRBA/application/output_max_withoutMP/3hppa/runRBA_max_prod.gms
    Output /dev/null
    ScrDir /storage/home/ejm6426/scratch/scRBA/application/output_max_withoutMP/3hppa/225a/
    SysDir /storage/icds/RISE/sw8/gams/gams42.1_linux_x64_64_sfx/
    --carbonSlack 0
    --adjust_constraints_if_infeas 1
Licensee: Single User License                            G231219|0002AO-LNX
          The Pennsylvania State University, Institute for CyberDC15032-S17
          /storage/icds/RISE/sw8/gams/gams42.1_linux_x64_64_sfx/gamslice.txt
          License Admin: Rob Groner, rug262@psu.edu                        
Processor information: 2 socket(s), 24 core(s), and 24 thread(s) available
GAMS 42.1.0   Copyright (C) 1987-2023 GAMS Development. All rights reserved
--- Starting compilation
--- runRBA_max_prod.gms(6) 2 Mb
--- . runRBA_GAMS_settings.txt(20) 2 Mb
--- runRBA_max_prod.gms(37) 2 Mb
--- . RBA_species.txt(7813) 3 Mb
--- runRBA_max_prod.gms(39) 3 Mb
--- . RBA_rxns.txt(16888) 5 Mb
--- runRBA_max_prod.gms(41) 5 Mb
--- . RBA_rxns_prosyn.txt(4964) 5 Mb
--- runRBA_max_prod.gms(43) 5 Mb
--- . RBA_rxns_prowaste.txt(4968) 6 Mb
--- runRBA_max_prod.gms(45) 6 Mb
--- . RBA_nuc_translation.txt(4951) 6 Mb
--- runRBA_max_prod.gms(47) 6 Mb
--- . RBA_mito_translation.txt(15) 6 Mb
--- runRBA_max_prod.gms(49) 6 Mb
--- . RBA_rxns_EXREV.txt(159) 6 Mb
--- runRBA_max_prod.gms(51) 6 Mb
--- . RBA_rxns_EXREV_YNB_RabinowitzVersion.txt(28) 6 Mb
--- runRBA_max_prod.gms(53) 6 Mb
--- . RBA_rxns_whole_biomass.txt(10) 6 Mb
--- runRBA_max_prod.gms(55) 6 Mb
--- . RBA_rxns_add.txt(118) 6 Mb
--- runRBA_max_prod.gms(57) 6 Mb 1 Error
*** Error 282 in /storage/home/ejm6426/scratch/scRBA/application/output_max_withoutMP/3hppa/runRBA_max_prod.gms
    Unable to open include file
       Hint: Does the filename need to be quoted?
--- runRBA_max_prod.gms(62) 6 Mb
--- . RBA_sij.txt(29524) 6 Mb--- . RBA_sij.txt(45498) 6 Mb--- . RBA_sij.txt(103915) 9 Mb--- . RBA_sij.txt(118845) 10 Mb--- . RBA_sij.txt(178299) 11 Mb--- . RBA_sij.txt(193631) 11 Mb--- . RBA_sij.txt(250549) 14 Mb--- . RBA_sij.txt(265540) 14 Mb--- . RBA_sij.txt(268302) 15 Mb
--- runRBA_max_prod.gms(64) 15 Mb
--- . RBA_proteinLength.txt(4964) 15 Mb
--- runRBA_max_prod.gms(66) 15 Mb
--- . RBA_kapp_chemo_lowC_per_hour.txt(2226) 15 Mb
--- runRBA_max_prod.gms(68) 15 Mb
--- . yield_denominators.txt(3) 15 Mb
--- runRBA_max_prod.gms(70) 15 Mb
--- . yield_denominators_expanded.txt(9) 15 Mb
--- runRBA_max_prod.gms(81) 15 Mb 2 Errors
*** Error 282 in /storage/home/ejm6426/scratch/scRBA/application/output_max_withoutMP/3hppa/runRBA_max_prod.gms
    Unable to open include file
       Hint: Does the filename need to be quoted?
--- runRBA_max_prod.gms(101) 15 Mb
--- . phenotype.txt(2) 15 Mb
--- .. RBA_GAMS_defaults_from_FBA.txt(1) 15 Mb
--- ... phenotype_common.txt(8) 15 Mb
--- .... model-version-settings.txt(4) 15 Mb
--- ... phenotype_common.txt(53) 15 Mb
--- .. RBA_GAMS_defaults_from_FBA.txt(493) 15 Mb
--- . phenotype.txt(8) 15 Mb
--- runRBA_max_prod.gms(112) 15 Mb
--- . RBA_enzCapacityConstraints_declares.txt(2226) 15 Mb
--- runRBA_max_prod.gms(122) 15 Mb
--- . RBA_enzCapacityConstraints_eqns_equality_version.txt(2226) 15 Mb
--- runRBA_max_prod.gms(130) 15 Mb 3 Errors
*** Error 257 in /storage/home/ejm6426/scratch/scRBA/application/output_max_withoutMP/3hppa/runRBA_max_prod.gms
    Solve statement not checked because of previous errors
--- runRBA_max_prod.gms(173) 15 Mb 4 Errors
*** Error 257 in /storage/home/ejm6426/scratch/scRBA/application/output_max_withoutMP/3hppa/runRBA_max_prod.gms
    Solve statement not checked because of previous errors
--- runRBA_max_prod.gms(181) 15 Mb 5 Errors
*** Error 257 in /storage/home/ejm6426/scratch/scRBA/application/output_max_withoutMP/3hppa/runRBA_max_prod.gms
    Solve statement not checked because of previous errors
--- runRBA_max_prod.gms(189) 15 Mb 6 Errors
*** Error 257 in /storage/home/ejm6426/scratch/scRBA/application/output_max_withoutMP/3hppa/runRBA_max_prod.gms
    Solve statement not checked because of previous errors
--- runRBA_max_prod.gms(192) 15 Mb 7 Errors
*** Error 257 in /storage/home/ejm6426/scratch/scRBA/application/output_max_withoutMP/3hppa/runRBA_max_prod.gms
    Solve statement not checked because of previous errors
--- runRBA_max_prod.gms(234) 15 Mb 8 Errors
*** Error 141 in /storage/home/ejm6426/scratch/scRBA/application/output_max_withoutMP/3hppa/runRBA_max_prod.gms
    Symbol declared but no values have been assigned. Check for missing
       data definition, assignment, data loading or implicit assignment
       via a solve statement.
       A wild shot: You may have spurious commas in the explanatory
       text of a declaration. Check symbol reference list.
--- runRBA_max_prod.gms(239) 15 Mb 9 Errors
*** Error 257 in /storage/home/ejm6426/scratch/scRBA/application/output_max_withoutMP/3hppa/runRBA_max_prod.gms
    Solve statement not checked because of previous errors
--- runRBA_max_prod.gms(248) 15 Mb 10 Errors
*** Error 257 in /storage/home/ejm6426/scratch/scRBA/application/output_max_withoutMP/3hppa/runRBA_max_prod.gms
    Solve statement not checked because of previous errors
--- runRBA_max_prod.gms(276) 15 Mb 11 Errors
*** Error 257 in /storage/home/ejm6426/scratch/scRBA/application/output_max_withoutMP/3hppa/runRBA_max_prod.gms
    Solve statement not checked because of previous errors
--- runRBA_max_prod.gms(289) 15 Mb 12 Errors
*** Error 257 in /storage/home/ejm6426/scratch/scRBA/application/output_max_withoutMP/3hppa/runRBA_max_prod.gms
    Solve statement not checked because of previous errors
--- runRBA_max_prod.gms(296) 15 Mb 13 Errors
*** Error 257 in /storage/home/ejm6426/scratch/scRBA/application/output_max_withoutMP/3hppa/runRBA_max_prod.gms
    Solve statement not checked because of previous errors
--- runRBA_max_prod.gms(317) 15 Mb 13 Errors
*** Status: Compilation error(s)
--- Job runRBA_max_prod.gms Stop 10/01/24 19:06:36 elapsed 0:00:01.080
Traceback (most recent call last):
  File "/scratch/ejm6426/scRBA/application/output_max_withoutMP/3hppa/runRBA.py", line 36, in <module>
    stat = get_GAMS_modelStat('./runRBA.modelStat.txt')
           ^^^^^^^^^^^^^^^^^^^^^^^^^^^^^^^^^^^^^^^^^^^^
  File "/scratch/ejm6426/scRBA/application/output_max_withoutMP/3hppa/../../../pycore/simulate.py", line 2, in get_GAMS_modelStat
    with open(filepath) as f:
         ^^^^^^^^^^^^^^
FileNotFoundError: [Errno 2] No such file or directory: './runRBA.modelStat.txt'
--- Job runRBA_max_prod.gms Start 10/01/24 19:06:37 42.1.0 cb854401 LEX-LEG x86 64bit/Linux
--- Applying:
    /storage/icds/RISE/sw8/gams/gams42.1_linux_x64_64_sfx/gmsprmun.txt
--- GAMS Parameters defined
    Input /storage/home/ejm6426/scratch/scRBA/application/output_max_withoutMP/3hppb/runRBA_max_prod.gms
    Output /dev/null
    ScrDir /storage/home/ejm6426/scratch/scRBA/application/output_max_withoutMP/3hppb/225a/
    SysDir /storage/icds/RISE/sw8/gams/gams42.1_linux_x64_64_sfx/
    --carbonSlack 0
    --adjust_constraints_if_infeas 1
Licensee: Single User License                            G231219|0002AO-LNX
          The Pennsylvania State University, Institute for CyberDC15032-S17
          /storage/icds/RISE/sw8/gams/gams42.1_linux_x64_64_sfx/gamslice.txt
          License Admin: Rob Groner, rug262@psu.edu                        
Processor information: 2 socket(s), 24 core(s), and 24 thread(s) available
GAMS 42.1.0   Copyright (C) 1987-2023 GAMS Development. All rights reserved
--- Starting compilation
--- runRBA_max_prod.gms(6) 2 Mb
--- . runRBA_GAMS_settings.txt(20) 2 Mb
--- runRBA_max_prod.gms(37) 2 Mb
--- . RBA_species.txt(7813) 3 Mb
--- runRBA_max_prod.gms(39) 3 Mb
--- . RBA_rxns.txt(16888) 5 Mb
--- runRBA_max_prod.gms(41) 5 Mb
--- . RBA_rxns_prosyn.txt(4964) 5 Mb
--- runRBA_max_prod.gms(43) 5 Mb
--- . RBA_rxns_prowaste.txt(4968) 6 Mb
--- runRBA_max_prod.gms(45) 6 Mb
--- . RBA_nuc_translation.txt(4951) 6 Mb
--- runRBA_max_prod.gms(47) 6 Mb
--- . RBA_mito_translation.txt(15) 6 Mb
--- runRBA_max_prod.gms(49) 6 Mb
--- . RBA_rxns_EXREV.txt(159) 6 Mb
--- runRBA_max_prod.gms(51) 6 Mb
--- . RBA_rxns_EXREV_YNB_RabinowitzVersion.txt(28) 6 Mb
--- runRBA_max_prod.gms(53) 6 Mb
--- . RBA_rxns_whole_biomass.txt(10) 6 Mb
--- runRBA_max_prod.gms(55) 6 Mb
--- . RBA_rxns_add.txt(118) 6 Mb
--- runRBA_max_prod.gms(57) 6 Mb 1 Error
*** Error 282 in /storage/home/ejm6426/scratch/scRBA/application/output_max_withoutMP/3hppb/runRBA_max_prod.gms
    Unable to open include file
       Hint: Does the filename need to be quoted?
--- runRBA_max_prod.gms(62) 6 Mb
--- . RBA_sij.txt(29630) 6 Mb--- . RBA_sij.txt(45616) 6 Mb--- . RBA_sij.txt(103312) 9 Mb--- . RBA_sij.txt(118467) 10 Mb--- . RBA_sij.txt(177422) 11 Mb--- . RBA_sij.txt(192380) 11 Mb--- . RBA_sij.txt(250082) 14 Mb--- . RBA_sij.txt(264636) 14 Mb--- . RBA_sij.txt(268302) 15 Mb
--- runRBA_max_prod.gms(64) 15 Mb
--- . RBA_proteinLength.txt(4964) 15 Mb
--- runRBA_max_prod.gms(66) 15 Mb
--- . RBA_kapp_chemo_lowC_per_hour.txt(2226) 15 Mb
--- runRBA_max_prod.gms(68) 15 Mb
--- . yield_denominators.txt(3) 15 Mb
--- runRBA_max_prod.gms(70) 15 Mb
--- . yield_denominators_expanded.txt(9) 15 Mb
--- runRBA_max_prod.gms(81) 15 Mb 2 Errors
*** Error 282 in /storage/home/ejm6426/scratch/scRBA/application/output_max_withoutMP/3hppb/runRBA_max_prod.gms
    Unable to open include file
       Hint: Does the filename need to be quoted?
--- runRBA_max_prod.gms(101) 15 Mb
--- . phenotype.txt(2) 15 Mb
--- .. RBA_GAMS_defaults_from_FBA.txt(1) 15 Mb
--- ... phenotype_common.txt(8) 15 Mb
--- .... model-version-settings.txt(4) 15 Mb
--- ... phenotype_common.txt(53) 15 Mb
--- .. RBA_GAMS_defaults_from_FBA.txt(494) 15 Mb
--- . phenotype.txt(8) 15 Mb
--- runRBA_max_prod.gms(112) 15 Mb
--- . RBA_enzCapacityConstraints_declares.txt(2226) 15 Mb
--- runRBA_max_prod.gms(122) 15 Mb
--- . RBA_enzCapacityConstraints_eqns_equality_version.txt(2226) 15 Mb
--- runRBA_max_prod.gms(130) 15 Mb 3 Errors
*** Error 257 in /storage/home/ejm6426/scratch/scRBA/application/output_max_withoutMP/3hppb/runRBA_max_prod.gms
    Solve statement not checked because of previous errors
--- runRBA_max_prod.gms(173) 15 Mb 4 Errors
*** Error 257 in /storage/home/ejm6426/scratch/scRBA/application/output_max_withoutMP/3hppb/runRBA_max_prod.gms
    Solve statement not checked because of previous errors
--- runRBA_max_prod.gms(181) 15 Mb 5 Errors
*** Error 257 in /storage/home/ejm6426/scratch/scRBA/application/output_max_withoutMP/3hppb/runRBA_max_prod.gms
    Solve statement not checked because of previous errors
--- runRBA_max_prod.gms(189) 15 Mb 6 Errors
*** Error 257 in /storage/home/ejm6426/scratch/scRBA/application/output_max_withoutMP/3hppb/runRBA_max_prod.gms
    Solve statement not checked because of previous errors
--- runRBA_max_prod.gms(192) 15 Mb 7 Errors
*** Error 257 in /storage/home/ejm6426/scratch/scRBA/application/output_max_withoutMP/3hppb/runRBA_max_prod.gms
    Solve statement not checked because of previous errors
--- runRBA_max_prod.gms(234) 15 Mb 8 Errors
*** Error 141 in /storage/home/ejm6426/scratch/scRBA/application/output_max_withoutMP/3hppb/runRBA_max_prod.gms
    Symbol declared but no values have been assigned. Check for missing
       data definition, assignment, data loading or implicit assignment
       via a solve statement.
       A wild shot: You may have spurious commas in the explanatory
       text of a declaration. Check symbol reference list.
--- runRBA_max_prod.gms(239) 15 Mb 9 Errors
*** Error 257 in /storage/home/ejm6426/scratch/scRBA/application/output_max_withoutMP/3hppb/runRBA_max_prod.gms
    Solve statement not checked because of previous errors
--- runRBA_max_prod.gms(248) 15 Mb 10 Errors
*** Error 257 in /storage/home/ejm6426/scratch/scRBA/application/output_max_withoutMP/3hppb/runRBA_max_prod.gms
    Solve statement not checked because of previous errors
--- runRBA_max_prod.gms(276) 15 Mb 11 Errors
*** Error 257 in /storage/home/ejm6426/scratch/scRBA/application/output_max_withoutMP/3hppb/runRBA_max_prod.gms
    Solve statement not checked because of previous errors
--- runRBA_max_prod.gms(289) 15 Mb 12 Errors
*** Error 257 in /storage/home/ejm6426/scratch/scRBA/application/output_max_withoutMP/3hppb/runRBA_max_prod.gms
    Solve statement not checked because of previous errors
--- runRBA_max_prod.gms(296) 15 Mb 13 Errors
*** Error 257 in /storage/home/ejm6426/scratch/scRBA/application/output_max_withoutMP/3hppb/runRBA_max_prod.gms
    Solve statement not checked because of previous errors
--- runRBA_max_prod.gms(317) 15 Mb 13 Errors
*** Status: Compilation error(s)
--- Job runRBA_max_prod.gms Stop 10/01/24 19:06:38 elapsed 0:00:01.083
Traceback (most recent call last):
  File "/scratch/ejm6426/scRBA/application/output_max_withoutMP/3hppb/runRBA.py", line 36, in <module>
    stat = get_GAMS_modelStat('./runRBA.modelStat.txt')
           ^^^^^^^^^^^^^^^^^^^^^^^^^^^^^^^^^^^^^^^^^^^^
  File "/scratch/ejm6426/scRBA/application/output_max_withoutMP/3hppb/../../../pycore/simulate.py", line 2, in get_GAMS_modelStat
    with open(filepath) as f:
         ^^^^^^^^^^^^^^
FileNotFoundError: [Errno 2] No such file or directory: './runRBA.modelStat.txt'
--- Job runRBA_max_prod.gms Start 10/01/24 19:06:39 42.1.0 cb854401 LEX-LEG x86 64bit/Linux
--- Applying:
    /storage/icds/RISE/sw8/gams/gams42.1_linux_x64_64_sfx/gmsprmun.txt
--- GAMS Parameters defined
    Input /storage/home/ejm6426/scratch/scRBA/application/output_max_withoutMP/styr/runRBA_max_prod.gms
    Output /dev/null
    ScrDir /storage/home/ejm6426/scratch/scRBA/application/output_max_withoutMP/styr/225a/
    SysDir /storage/icds/RISE/sw8/gams/gams42.1_linux_x64_64_sfx/
    --carbonSlack 0
    --adjust_constraints_if_infeas 1
Licensee: Single User License                            G231219|0002AO-LNX
          The Pennsylvania State University, Institute for CyberDC15032-S17
          /storage/icds/RISE/sw8/gams/gams42.1_linux_x64_64_sfx/gamslice.txt
          License Admin: Rob Groner, rug262@psu.edu                        
Processor information: 2 socket(s), 24 core(s), and 24 thread(s) available
GAMS 42.1.0   Copyright (C) 1987-2023 GAMS Development. All rights reserved
--- Starting compilation
--- runRBA_max_prod.gms(6) 2 Mb
--- . runRBA_GAMS_settings.txt(20) 2 Mb
--- runRBA_max_prod.gms(37) 2 Mb
--- . RBA_species.txt(7813) 3 Mb
--- runRBA_max_prod.gms(39) 3 Mb
--- . RBA_rxns.txt(16888) 5 Mb
--- runRBA_max_prod.gms(41) 5 Mb
--- . RBA_rxns_prosyn.txt(4964) 5 Mb
--- runRBA_max_prod.gms(43) 5 Mb
--- . RBA_rxns_prowaste.txt(4968) 6 Mb
--- runRBA_max_prod.gms(45) 6 Mb
--- . RBA_nuc_translation.txt(4951) 6 Mb
--- runRBA_max_prod.gms(47) 6 Mb
--- . RBA_mito_translation.txt(15) 6 Mb
--- runRBA_max_prod.gms(49) 6 Mb
--- . RBA_rxns_EXREV.txt(159) 6 Mb
--- runRBA_max_prod.gms(51) 6 Mb
--- . RBA_rxns_EXREV_YNB_RabinowitzVersion.txt(28) 6 Mb
--- runRBA_max_prod.gms(53) 6 Mb
--- . RBA_rxns_whole_biomass.txt(10) 6 Mb
--- runRBA_max_prod.gms(55) 6 Mb
--- . RBA_rxns_add.txt(118) 6 Mb
--- runRBA_max_prod.gms(57) 6 Mb 1 Error
*** Error 282 in /storage/home/ejm6426/scratch/scRBA/application/output_max_withoutMP/styr/runRBA_max_prod.gms
    Unable to open include file
       Hint: Does the filename need to be quoted?
--- runRBA_max_prod.gms(62) 6 Mb
--- . RBA_sij.txt(27565) 6 Mb--- . RBA_sij.txt(43454) 6 Mb--- . RBA_sij.txt(100510) 9 Mb--- . RBA_sij.txt(115329) 10 Mb--- . RBA_sij.txt(173278) 11 Mb--- . RBA_sij.txt(188052) 11 Mb--- . RBA_sij.txt(245699) 13 Mb--- . RBA_sij.txt(258785) 14 Mb--- . RBA_sij.txt(268302) 15 Mb
--- runRBA_max_prod.gms(64) 15 Mb
--- . RBA_proteinLength.txt(4964) 15 Mb
--- runRBA_max_prod.gms(66) 15 Mb
--- . RBA_kapp_chemo_lowC_per_hour.txt(2226) 15 Mb
--- runRBA_max_prod.gms(68) 15 Mb
--- . yield_denominators.txt(3) 15 Mb
--- runRBA_max_prod.gms(70) 15 Mb
--- . yield_denominators_expanded.txt(9) 15 Mb
--- runRBA_max_prod.gms(81) 15 Mb 2 Errors
*** Error 282 in /storage/home/ejm6426/scratch/scRBA/application/output_max_withoutMP/styr/runRBA_max_prod.gms
    Unable to open include file
       Hint: Does the filename need to be quoted?
--- runRBA_max_prod.gms(101) 15 Mb
--- . phenotype.txt(2) 15 Mb
--- .. RBA_GAMS_defaults_from_FBA.txt(1) 15 Mb
--- ... phenotype_common.txt(8) 15 Mb
--- .... model-version-settings.txt(4) 15 Mb
--- ... phenotype_common.txt(53) 15 Mb
--- .. RBA_GAMS_defaults_from_FBA.txt(493) 15 Mb
--- . phenotype.txt(8) 15 Mb
--- runRBA_max_prod.gms(112) 15 Mb
--- . RBA_enzCapacityConstraints_declares.txt(2226) 15 Mb
--- runRBA_max_prod.gms(122) 15 Mb
--- . RBA_enzCapacityConstraints_eqns_equality_version.txt(2226) 15 Mb
--- runRBA_max_prod.gms(130) 15 Mb 3 Errors
*** Error 257 in /storage/home/ejm6426/scratch/scRBA/application/output_max_withoutMP/styr/runRBA_max_prod.gms
    Solve statement not checked because of previous errors
--- runRBA_max_prod.gms(173) 15 Mb 4 Errors
*** Error 257 in /storage/home/ejm6426/scratch/scRBA/application/output_max_withoutMP/styr/runRBA_max_prod.gms
    Solve statement not checked because of previous errors
--- runRBA_max_prod.gms(181) 15 Mb 5 Errors
*** Error 257 in /storage/home/ejm6426/scratch/scRBA/application/output_max_withoutMP/styr/runRBA_max_prod.gms
    Solve statement not checked because of previous errors
--- runRBA_max_prod.gms(189) 15 Mb 6 Errors
*** Error 257 in /storage/home/ejm6426/scratch/scRBA/application/output_max_withoutMP/styr/runRBA_max_prod.gms
    Solve statement not checked because of previous errors
--- runRBA_max_prod.gms(192) 15 Mb 7 Errors
*** Error 257 in /storage/home/ejm6426/scratch/scRBA/application/output_max_withoutMP/styr/runRBA_max_prod.gms
    Solve statement not checked because of previous errors
--- runRBA_max_prod.gms(234) 15 Mb 8 Errors
*** Error 141 in /storage/home/ejm6426/scratch/scRBA/application/output_max_withoutMP/styr/runRBA_max_prod.gms
    Symbol declared but no values have been assigned. Check for missing
       data definition, assignment, data loading or implicit assignment
       via a solve statement.
       A wild shot: You may have spurious commas in the explanatory
       text of a declaration. Check symbol reference list.
--- runRBA_max_prod.gms(239) 15 Mb 9 Errors
*** Error 257 in /storage/home/ejm6426/scratch/scRBA/application/output_max_withoutMP/styr/runRBA_max_prod.gms
    Solve statement not checked because of previous errors
--- runRBA_max_prod.gms(248) 15 Mb 10 Errors
*** Error 257 in /storage/home/ejm6426/scratch/scRBA/application/output_max_withoutMP/styr/runRBA_max_prod.gms
    Solve statement not checked because of previous errors
--- runRBA_max_prod.gms(276) 15 Mb 11 Errors
*** Error 257 in /storage/home/ejm6426/scratch/scRBA/application/output_max_withoutMP/styr/runRBA_max_prod.gms
    Solve statement not checked because of previous errors
--- runRBA_max_prod.gms(289) 15 Mb 12 Errors
*** Error 257 in /storage/home/ejm6426/scratch/scRBA/application/output_max_withoutMP/styr/runRBA_max_prod.gms
    Solve statement not checked because of previous errors
--- runRBA_max_prod.gms(296) 15 Mb 13 Errors
*** Error 257 in /storage/home/ejm6426/scratch/scRBA/application/output_max_withoutMP/styr/runRBA_max_prod.gms
    Solve statement not checked because of previous errors
--- runRBA_max_prod.gms(317) 15 Mb 13 Errors
*** Status: Compilation error(s)
--- Job runRBA_max_prod.gms Stop 10/01/24 19:06:40 elapsed 0:00:01.107
Traceback (most recent call last):
  File "/scratch/ejm6426/scRBA/application/output_max_withoutMP/styr/runRBA.py", line 36, in <module>
    stat = get_GAMS_modelStat('./runRBA.modelStat.txt')
           ^^^^^^^^^^^^^^^^^^^^^^^^^^^^^^^^^^^^^^^^^^^^
  File "/scratch/ejm6426/scRBA/application/output_max_withoutMP/styr/../../../pycore/simulate.py", line 2, in get_GAMS_modelStat
    with open(filepath) as f:
         ^^^^^^^^^^^^^^
FileNotFoundError: [Errno 2] No such file or directory: './runRBA.modelStat.txt'
--- Job runRBA_max_prod.gms Start 10/01/24 19:06:41 42.1.0 cb854401 LEX-LEG x86 64bit/Linux
--- Applying:
    /storage/icds/RISE/sw8/gams/gams42.1_linux_x64_64_sfx/gmsprmun.txt
--- GAMS Parameters defined
    Input /storage/home/ejm6426/scratch/scRBA/application/output_max_withoutMP/muco/runRBA_max_prod.gms
    Output /dev/null
    ScrDir /storage/home/ejm6426/scratch/scRBA/application/output_max_withoutMP/muco/225a/
    SysDir /storage/icds/RISE/sw8/gams/gams42.1_linux_x64_64_sfx/
    --carbonSlack 0
    --adjust_constraints_if_infeas 1
Licensee: Single User License                            G231219|0002AO-LNX
          The Pennsylvania State University, Institute for CyberDC15032-S17
          /storage/icds/RISE/sw8/gams/gams42.1_linux_x64_64_sfx/gamslice.txt
          License Admin: Rob Groner, rug262@psu.edu                        
Processor information: 2 socket(s), 24 core(s), and 24 thread(s) available
GAMS 42.1.0   Copyright (C) 1987-2023 GAMS Development. All rights reserved
--- Starting compilation
--- runRBA_max_prod.gms(6) 2 Mb
--- . runRBA_GAMS_settings.txt(20) 2 Mb
--- runRBA_max_prod.gms(37) 2 Mb
--- . RBA_species.txt(7813) 3 Mb
--- runRBA_max_prod.gms(39) 3 Mb
--- . RBA_rxns.txt(16888) 5 Mb
--- runRBA_max_prod.gms(41) 5 Mb
--- . RBA_rxns_prosyn.txt(4964) 5 Mb
--- runRBA_max_prod.gms(43) 5 Mb
--- . RBA_rxns_prowaste.txt(4968) 6 Mb
--- runRBA_max_prod.gms(45) 6 Mb
--- . RBA_nuc_translation.txt(4951) 6 Mb
--- runRBA_max_prod.gms(47) 6 Mb
--- . RBA_mito_translation.txt(15) 6 Mb
--- runRBA_max_prod.gms(49) 6 Mb
--- . RBA_rxns_EXREV.txt(159) 6 Mb
--- runRBA_max_prod.gms(51) 6 Mb
--- . RBA_rxns_EXREV_YNB_RabinowitzVersion.txt(28) 6 Mb
--- runRBA_max_prod.gms(53) 6 Mb
--- . RBA_rxns_whole_biomass.txt(10) 6 Mb
--- runRBA_max_prod.gms(55) 6 Mb
--- . RBA_rxns_add.txt(118) 6 Mb
--- runRBA_max_prod.gms(57) 6 Mb 1 Error
*** Error 282 in /storage/home/ejm6426/scratch/scRBA/application/output_max_withoutMP/muco/runRBA_max_prod.gms
    Unable to open include file
       Hint: Does the filename need to be quoted?
--- runRBA_max_prod.gms(62) 6 Mb
--- . RBA_sij.txt(28984) 6 Mb--- . RBA_sij.txt(45142) 6 Mb--- . RBA_sij.txt(103979) 9 Mb--- . RBA_sij.txt(119394) 10 Mb--- . RBA_sij.txt(180855) 11 Mb--- . RBA_sij.txt(195700) 11 Mb--- . RBA_sij.txt(254277) 14 Mb--- . RBA_sij.txt(268302) 15 Mb
--- runRBA_max_prod.gms(64) 15 Mb
--- . RBA_proteinLength.txt(4964) 15 Mb
--- runRBA_max_prod.gms(66) 15 Mb
--- . RBA_kapp_chemo_lowC_per_hour.txt(2226) 15 Mb
--- runRBA_max_prod.gms(68) 15 Mb
--- . yield_denominators.txt(3) 15 Mb
--- runRBA_max_prod.gms(70) 15 Mb
--- . yield_denominators_expanded.txt(9) 15 Mb
--- runRBA_max_prod.gms(81) 15 Mb 2 Errors
*** Error 282 in /storage/home/ejm6426/scratch/scRBA/application/output_max_withoutMP/muco/runRBA_max_prod.gms
    Unable to open include file
       Hint: Does the filename need to be quoted?
--- runRBA_max_prod.gms(101) 15 Mb
--- . phenotype.txt(2) 15 Mb
--- .. RBA_GAMS_defaults_from_FBA.txt(1) 15 Mb
--- ... phenotype_common.txt(8) 15 Mb
--- .... model-version-settings.txt(4) 15 Mb
--- ... phenotype_common.txt(53) 15 Mb
--- .. RBA_GAMS_defaults_from_FBA.txt(494) 15 Mb
--- . phenotype.txt(8) 15 Mb
--- runRBA_max_prod.gms(112) 15 Mb
--- . RBA_enzCapacityConstraints_declares.txt(2226) 15 Mb
--- runRBA_max_prod.gms(122) 15 Mb
--- . RBA_enzCapacityConstraints_eqns_equality_version.txt(2226) 15 Mb
--- runRBA_max_prod.gms(130) 15 Mb 3 Errors
*** Error 257 in /storage/home/ejm6426/scratch/scRBA/application/output_max_withoutMP/muco/runRBA_max_prod.gms
    Solve statement not checked because of previous errors
--- runRBA_max_prod.gms(173) 15 Mb 4 Errors
*** Error 257 in /storage/home/ejm6426/scratch/scRBA/application/output_max_withoutMP/muco/runRBA_max_prod.gms
    Solve statement not checked because of previous errors
--- runRBA_max_prod.gms(181) 15 Mb 5 Errors
*** Error 257 in /storage/home/ejm6426/scratch/scRBA/application/output_max_withoutMP/muco/runRBA_max_prod.gms
    Solve statement not checked because of previous errors
--- runRBA_max_prod.gms(189) 15 Mb 6 Errors
*** Error 257 in /storage/home/ejm6426/scratch/scRBA/application/output_max_withoutMP/muco/runRBA_max_prod.gms
    Solve statement not checked because of previous errors
--- runRBA_max_prod.gms(192) 15 Mb 7 Errors
*** Error 257 in /storage/home/ejm6426/scratch/scRBA/application/output_max_withoutMP/muco/runRBA_max_prod.gms
    Solve statement not checked because of previous errors
--- runRBA_max_prod.gms(234) 15 Mb 8 Errors
*** Error 141 in /storage/home/ejm6426/scratch/scRBA/application/output_max_withoutMP/muco/runRBA_max_prod.gms
    Symbol declared but no values have been assigned. Check for missing
       data definition, assignment, data loading or implicit assignment
       via a solve statement.
       A wild shot: You may have spurious commas in the explanatory
       text of a declaration. Check symbol reference list.
--- runRBA_max_prod.gms(239) 15 Mb 9 Errors
*** Error 257 in /storage/home/ejm6426/scratch/scRBA/application/output_max_withoutMP/muco/runRBA_max_prod.gms
    Solve statement not checked because of previous errors
--- runRBA_max_prod.gms(248) 15 Mb 10 Errors
*** Error 257 in /storage/home/ejm6426/scratch/scRBA/application/output_max_withoutMP/muco/runRBA_max_prod.gms
    Solve statement not checked because of previous errors
--- runRBA_max_prod.gms(276) 15 Mb 11 Errors
*** Error 257 in /storage/home/ejm6426/scratch/scRBA/application/output_max_withoutMP/muco/runRBA_max_prod.gms
    Solve statement not checked because of previous errors
--- runRBA_max_prod.gms(289) 15 Mb 12 Errors
*** Error 257 in /storage/home/ejm6426/scratch/scRBA/application/output_max_withoutMP/muco/runRBA_max_prod.gms
    Solve statement not checked because of previous errors
--- runRBA_max_prod.gms(296) 15 Mb 13 Errors
*** Error 257 in /storage/home/ejm6426/scratch/scRBA/application/output_max_withoutMP/muco/runRBA_max_prod.gms
    Solve statement not checked because of previous errors
--- runRBA_max_prod.gms(317) 15 Mb 13 Errors
*** Status: Compilation error(s)
--- Job runRBA_max_prod.gms Stop 10/01/24 19:06:42 elapsed 0:00:01.063
Traceback (most recent call last):
  File "/scratch/ejm6426/scRBA/application/output_max_withoutMP/muco/runRBA.py", line 36, in <module>
    stat = get_GAMS_modelStat('./runRBA.modelStat.txt')
           ^^^^^^^^^^^^^^^^^^^^^^^^^^^^^^^^^^^^^^^^^^^^
  File "/scratch/ejm6426/scRBA/application/output_max_withoutMP/muco/../../../pycore/simulate.py", line 2, in get_GAMS_modelStat
    with open(filepath) as f:
         ^^^^^^^^^^^^^^
FileNotFoundError: [Errno 2] No such file or directory: './runRBA.modelStat.txt'
--- Job runRBA_max_prod.gms Start 10/01/24 19:06:43 42.1.0 cb854401 LEX-LEG x86 64bit/Linux
--- Applying:
    /storage/icds/RISE/sw8/gams/gams42.1_linux_x64_64_sfx/gmsprmun.txt
--- GAMS Parameters defined
    Input /storage/home/ejm6426/scratch/scRBA/application/output_max_withoutMP/tal/runRBA_max_prod.gms
    Output /dev/null
    ScrDir /storage/home/ejm6426/scratch/scRBA/application/output_max_withoutMP/tal/225a/
    SysDir /storage/icds/RISE/sw8/gams/gams42.1_linux_x64_64_sfx/
    --carbonSlack 0
    --adjust_constraints_if_infeas 1
Licensee: Single User License                            G231219|0002AO-LNX
          The Pennsylvania State University, Institute for CyberDC15032-S17
          /storage/icds/RISE/sw8/gams/gams42.1_linux_x64_64_sfx/gamslice.txt
          License Admin: Rob Groner, rug262@psu.edu                        
Processor information: 2 socket(s), 24 core(s), and 24 thread(s) available
GAMS 42.1.0   Copyright (C) 1987-2023 GAMS Development. All rights reserved
--- Starting compilation
--- runRBA_max_prod.gms(6) 2 Mb
--- . runRBA_GAMS_settings.txt(20) 2 Mb
--- runRBA_max_prod.gms(37) 2 Mb
--- . RBA_species.txt(7813) 3 Mb
--- runRBA_max_prod.gms(39) 3 Mb
--- . RBA_rxns.txt(16888) 5 Mb
--- runRBA_max_prod.gms(41) 5 Mb
--- . RBA_rxns_prosyn.txt(4964) 5 Mb
--- runRBA_max_prod.gms(43) 5 Mb
--- . RBA_rxns_prowaste.txt(4968) 6 Mb
--- runRBA_max_prod.gms(45) 6 Mb
--- . RBA_nuc_translation.txt(4951) 6 Mb
--- runRBA_max_prod.gms(47) 6 Mb
--- . RBA_mito_translation.txt(15) 6 Mb
--- runRBA_max_prod.gms(49) 6 Mb
--- . RBA_rxns_EXREV.txt(159) 6 Mb
--- runRBA_max_prod.gms(51) 6 Mb
--- . RBA_rxns_EXREV_YNB_RabinowitzVersion.txt(28) 6 Mb
--- runRBA_max_prod.gms(53) 6 Mb
--- . RBA_rxns_whole_biomass.txt(10) 6 Mb
--- runRBA_max_prod.gms(55) 6 Mb
--- . RBA_rxns_add.txt(118) 6 Mb
--- runRBA_max_prod.gms(57) 6 Mb 1 Error
*** Error 282 in /storage/home/ejm6426/scratch/scRBA/application/output_max_withoutMP/tal/runRBA_max_prod.gms
    Unable to open include file
       Hint: Does the filename need to be quoted?
--- runRBA_max_prod.gms(62) 6 Mb
--- . RBA_sij.txt(30008) 6 Mb--- . RBA_sij.txt(46966) 6 Mb--- . RBA_sij.txt(106717) 9 Mb--- . RBA_sij.txt(122231) 10 Mb--- . RBA_sij.txt(183789) 11 Mb--- . RBA_sij.txt(199479) 11 Mb--- . RBA_sij.txt(258872) 14 Mb--- . RBA_sij.txt(268302) 15 Mb
--- runRBA_max_prod.gms(64) 15 Mb
--- . RBA_proteinLength.txt(2800) 15 Mb--- . RBA_proteinLength.txt(4964) 15 Mb
--- runRBA_max_prod.gms(66) 15 Mb
--- . RBA_kapp_chemo_lowC_per_hour.txt(2226) 15 Mb
--- runRBA_max_prod.gms(68) 15 Mb
--- . yield_denominators.txt(2) 15 Mb
--- runRBA_max_prod.gms(70) 15 Mb
--- . yield_denominators_expanded.txt(7) 15 Mb
--- runRBA_max_prod.gms(81) 15 Mb 2 Errors
*** Error 282 in /storage/home/ejm6426/scratch/scRBA/application/output_max_withoutMP/tal/runRBA_max_prod.gms
    Unable to open include file
       Hint: Does the filename need to be quoted?
--- runRBA_max_prod.gms(101) 15 Mb
--- . phenotype.txt(2) 15 Mb
--- .. RBA_GAMS_defaults_from_FBA.txt(1) 15 Mb
--- ... phenotype_common.txt(8) 15 Mb
--- .... model-version-settings.txt(4) 15 Mb
--- ... phenotype_common.txt(53) 15 Mb
--- .. RBA_GAMS_defaults_from_FBA.txt(488) 15 Mb
--- . phenotype.txt(8) 15 Mb
--- runRBA_max_prod.gms(112) 15 Mb
--- . RBA_enzCapacityConstraints_declares.txt(2226) 15 Mb
--- runRBA_max_prod.gms(122) 15 Mb
--- . RBA_enzCapacityConstraints_eqns_equality_version.txt(2226) 15 Mb
--- runRBA_max_prod.gms(130) 15 Mb 3 Errors
*** Error 257 in /storage/home/ejm6426/scratch/scRBA/application/output_max_withoutMP/tal/runRBA_max_prod.gms
    Solve statement not checked because of previous errors
--- runRBA_max_prod.gms(173) 15 Mb 4 Errors
*** Error 257 in /storage/home/ejm6426/scratch/scRBA/application/output_max_withoutMP/tal/runRBA_max_prod.gms
    Solve statement not checked because of previous errors
--- runRBA_max_prod.gms(181) 15 Mb 5 Errors
*** Error 257 in /storage/home/ejm6426/scratch/scRBA/application/output_max_withoutMP/tal/runRBA_max_prod.gms
    Solve statement not checked because of previous errors
--- runRBA_max_prod.gms(189) 15 Mb 6 Errors
*** Error 257 in /storage/home/ejm6426/scratch/scRBA/application/output_max_withoutMP/tal/runRBA_max_prod.gms
    Solve statement not checked because of previous errors
--- runRBA_max_prod.gms(192) 15 Mb 7 Errors
*** Error 257 in /storage/home/ejm6426/scratch/scRBA/application/output_max_withoutMP/tal/runRBA_max_prod.gms
    Solve statement not checked because of previous errors
--- runRBA_max_prod.gms(234) 15 Mb 8 Errors
*** Error 141 in /storage/home/ejm6426/scratch/scRBA/application/output_max_withoutMP/tal/runRBA_max_prod.gms
    Symbol declared but no values have been assigned. Check for missing
       data definition, assignment, data loading or implicit assignment
       via a solve statement.
       A wild shot: You may have spurious commas in the explanatory
       text of a declaration. Check symbol reference list.
--- runRBA_max_prod.gms(239) 15 Mb 9 Errors
*** Error 257 in /storage/home/ejm6426/scratch/scRBA/application/output_max_withoutMP/tal/runRBA_max_prod.gms
    Solve statement not checked because of previous errors
--- runRBA_max_prod.gms(248) 15 Mb 10 Errors
*** Error 257 in /storage/home/ejm6426/scratch/scRBA/application/output_max_withoutMP/tal/runRBA_max_prod.gms
    Solve statement not checked because of previous errors
--- runRBA_max_prod.gms(276) 15 Mb 11 Errors
*** Error 257 in /storage/home/ejm6426/scratch/scRBA/application/output_max_withoutMP/tal/runRBA_max_prod.gms
    Solve statement not checked because of previous errors
--- runRBA_max_prod.gms(289) 15 Mb 12 Errors
*** Error 257 in /storage/home/ejm6426/scratch/scRBA/application/output_max_withoutMP/tal/runRBA_max_prod.gms
    Solve statement not checked because of previous errors
--- runRBA_max_prod.gms(296) 15 Mb 13 Errors
*** Error 257 in /storage/home/ejm6426/scratch/scRBA/application/output_max_withoutMP/tal/runRBA_max_prod.gms
    Solve statement not checked because of previous errors
--- runRBA_max_prod.gms(317) 15 Mb 13 Errors
*** Status: Compilation error(s)
--- Job runRBA_max_prod.gms Stop 10/01/24 19:06:44 elapsed 0:00:01.048
Traceback (most recent call last):
  File "/scratch/ejm6426/scRBA/application/output_max_withoutMP/tal/runRBA.py", line 36, in <module>
    stat = get_GAMS_modelStat('./runRBA.modelStat.txt')
           ^^^^^^^^^^^^^^^^^^^^^^^^^^^^^^^^^^^^^^^^^^^^
  File "/scratch/ejm6426/scRBA/application/output_max_withoutMP/tal/../../../pycore/simulate.py", line 2, in get_GAMS_modelStat
    with open(filepath) as f:
         ^^^^^^^^^^^^^^
FileNotFoundError: [Errno 2] No such file or directory: './runRBA.modelStat.txt'
--- Job runRBA_max_prod.gms Start 10/01/24 19:06:45 42.1.0 cb854401 LEX-LEG x86 64bit/Linux
--- Applying:
    /storage/icds/RISE/sw8/gams/gams42.1_linux_x64_64_sfx/gmsprmun.txt
--- GAMS Parameters defined
    Input /storage/home/ejm6426/scratch/scRBA/application/output_max_withoutMP/citm/runRBA_max_prod.gms
    Output /dev/null
    ScrDir /storage/home/ejm6426/scratch/scRBA/application/output_max_withoutMP/citm/225a/
    SysDir /storage/icds/RISE/sw8/gams/gams42.1_linux_x64_64_sfx/
    --carbonSlack 0
    --adjust_constraints_if_infeas 1
Licensee: Single User License                            G231219|0002AO-LNX
          The Pennsylvania State University, Institute for CyberDC15032-S17
          /storage/icds/RISE/sw8/gams/gams42.1_linux_x64_64_sfx/gamslice.txt
          License Admin: Rob Groner, rug262@psu.edu                        
Processor information: 2 socket(s), 24 core(s), and 24 thread(s) available
GAMS 42.1.0   Copyright (C) 1987-2023 GAMS Development. All rights reserved
--- Starting compilation
--- runRBA_max_prod.gms(6) 2 Mb
--- . runRBA_GAMS_settings.txt(20) 2 Mb
--- runRBA_max_prod.gms(37) 2 Mb
--- . RBA_species.txt(7813) 3 Mb
--- runRBA_max_prod.gms(39) 3 Mb
--- . RBA_rxns.txt(16888) 5 Mb
--- runRBA_max_prod.gms(41) 5 Mb
--- . RBA_rxns_prosyn.txt(4964) 5 Mb
--- runRBA_max_prod.gms(43) 5 Mb
--- . RBA_rxns_prowaste.txt(4968) 6 Mb
--- runRBA_max_prod.gms(45) 6 Mb
--- . RBA_nuc_translation.txt(4951) 6 Mb
--- runRBA_max_prod.gms(47) 6 Mb
--- . RBA_mito_translation.txt(15) 6 Mb
--- runRBA_max_prod.gms(49) 6 Mb
--- . RBA_rxns_EXREV.txt(159) 6 Mb
--- runRBA_max_prod.gms(51) 6 Mb
--- . RBA_rxns_EXREV_YNB_RabinowitzVersion.txt(28) 6 Mb
--- runRBA_max_prod.gms(53) 6 Mb
--- . RBA_rxns_whole_biomass.txt(10) 6 Mb
--- runRBA_max_prod.gms(55) 6 Mb
--- . RBA_rxns_add.txt(118) 6 Mb
--- runRBA_max_prod.gms(57) 6 Mb 1 Error
*** Error 282 in /storage/home/ejm6426/scratch/scRBA/application/output_max_withoutMP/citm/runRBA_max_prod.gms
    Unable to open include file
       Hint: Does the filename need to be quoted?
--- runRBA_max_prod.gms(62) 6 Mb
--- . RBA_sij.txt(29563) 6 Mb--- . RBA_sij.txt(45850) 6 Mb--- . RBA_sij.txt(104449) 9 Mb--- . RBA_sij.txt(119434) 10 Mb--- . RBA_sij.txt(178720) 11 Mb--- . RBA_sij.txt(193778) 11 Mb--- . RBA_sij.txt(251040) 14 Mb--- . RBA_sij.txt(266226) 14 Mb--- . RBA_sij.txt(268302) 15 Mb
--- runRBA_max_prod.gms(64) 15 Mb
--- . RBA_proteinLength.txt(4964) 15 Mb
--- runRBA_max_prod.gms(66) 15 Mb
--- . RBA_kapp_chemo_lowC_per_hour.txt(2226) 15 Mb
--- runRBA_max_prod.gms(68) 15 Mb
--- . yield_denominators.txt(3) 15 Mb
--- runRBA_max_prod.gms(70) 15 Mb
--- . yield_denominators_expanded.txt(9) 15 Mb
--- runRBA_max_prod.gms(81) 15 Mb 2 Errors
*** Error 282 in /storage/home/ejm6426/scratch/scRBA/application/output_max_withoutMP/citm/runRBA_max_prod.gms
    Unable to open include file
       Hint: Does the filename need to be quoted?
--- runRBA_max_prod.gms(101) 15 Mb
--- . phenotype.txt(2) 15 Mb
--- .. RBA_GAMS_defaults_from_FBA.txt(1) 15 Mb
--- ... phenotype_common.txt(8) 15 Mb
--- .... model-version-settings.txt(4) 15 Mb
--- ... phenotype_common.txt(53) 15 Mb
--- .. RBA_GAMS_defaults_from_FBA.txt(492) 15 Mb
--- . phenotype.txt(8) 15 Mb
--- runRBA_max_prod.gms(112) 15 Mb
--- . RBA_enzCapacityConstraints_declares.txt(2226) 15 Mb
--- runRBA_max_prod.gms(122) 15 Mb
--- . RBA_enzCapacityConstraints_eqns_equality_version.txt(2226) 15 Mb
--- runRBA_max_prod.gms(130) 15 Mb 3 Errors
*** Error 257 in /storage/home/ejm6426/scratch/scRBA/application/output_max_withoutMP/citm/runRBA_max_prod.gms
    Solve statement not checked because of previous errors
--- runRBA_max_prod.gms(173) 15 Mb 4 Errors
*** Error 257 in /storage/home/ejm6426/scratch/scRBA/application/output_max_withoutMP/citm/runRBA_max_prod.gms
    Solve statement not checked because of previous errors
--- runRBA_max_prod.gms(181) 15 Mb 5 Errors
*** Error 257 in /storage/home/ejm6426/scratch/scRBA/application/output_max_withoutMP/citm/runRBA_max_prod.gms
    Solve statement not checked because of previous errors
--- runRBA_max_prod.gms(189) 15 Mb 6 Errors
*** Error 257 in /storage/home/ejm6426/scratch/scRBA/application/output_max_withoutMP/citm/runRBA_max_prod.gms
    Solve statement not checked because of previous errors
--- runRBA_max_prod.gms(192) 15 Mb 7 Errors
*** Error 257 in /storage/home/ejm6426/scratch/scRBA/application/output_max_withoutMP/citm/runRBA_max_prod.gms
    Solve statement not checked because of previous errors
--- runRBA_max_prod.gms(234) 15 Mb 8 Errors
*** Error 141 in /storage/home/ejm6426/scratch/scRBA/application/output_max_withoutMP/citm/runRBA_max_prod.gms
    Symbol declared but no values have been assigned. Check for missing
       data definition, assignment, data loading or implicit assignment
       via a solve statement.
       A wild shot: You may have spurious commas in the explanatory
       text of a declaration. Check symbol reference list.
--- runRBA_max_prod.gms(239) 15 Mb 9 Errors
*** Error 257 in /storage/home/ejm6426/scratch/scRBA/application/output_max_withoutMP/citm/runRBA_max_prod.gms
    Solve statement not checked because of previous errors
--- runRBA_max_prod.gms(248) 15 Mb 10 Errors
*** Error 257 in /storage/home/ejm6426/scratch/scRBA/application/output_max_withoutMP/citm/runRBA_max_prod.gms
    Solve statement not checked because of previous errors
--- runRBA_max_prod.gms(276) 15 Mb 11 Errors
*** Error 257 in /storage/home/ejm6426/scratch/scRBA/application/output_max_withoutMP/citm/runRBA_max_prod.gms
    Solve statement not checked because of previous errors
--- runRBA_max_prod.gms(289) 15 Mb 12 Errors
*** Error 257 in /storage/home/ejm6426/scratch/scRBA/application/output_max_withoutMP/citm/runRBA_max_prod.gms
    Solve statement not checked because of previous errors
--- runRBA_max_prod.gms(296) 15 Mb 13 Errors
*** Error 257 in /storage/home/ejm6426/scratch/scRBA/application/output_max_withoutMP/citm/runRBA_max_prod.gms
    Solve statement not checked because of previous errors
--- runRBA_max_prod.gms(317) 15 Mb 13 Errors
*** Status: Compilation error(s)
--- Job runRBA_max_prod.gms Stop 10/01/24 19:06:46 elapsed 0:00:01.076
Traceback (most recent call last):
  File "/scratch/ejm6426/scRBA/application/output_max_withoutMP/citm/runRBA.py", line 36, in <module>
    stat = get_GAMS_modelStat('./runRBA.modelStat.txt')
           ^^^^^^^^^^^^^^^^^^^^^^^^^^^^^^^^^^^^^^^^^^^^
  File "/scratch/ejm6426/scRBA/application/output_max_withoutMP/citm/../../../pycore/simulate.py", line 2, in get_GAMS_modelStat
    with open(filepath) as f:
         ^^^^^^^^^^^^^^
FileNotFoundError: [Errno 2] No such file or directory: './runRBA.modelStat.txt'
--- Job runRBA_max_prod.gms Start 10/01/24 19:06:47 42.1.0 cb854401 LEX-LEG x86 64bit/Linux
--- Applying:
    /storage/icds/RISE/sw8/gams/gams42.1_linux_x64_64_sfx/gmsprmun.txt
--- GAMS Parameters defined
    Input /storage/home/ejm6426/scratch/scRBA/application/output_max_withoutMP/polyhb/runRBA_max_prod.gms
    Output /dev/null
    ScrDir /storage/home/ejm6426/scratch/scRBA/application/output_max_withoutMP/polyhb/225a/
    SysDir /storage/icds/RISE/sw8/gams/gams42.1_linux_x64_64_sfx/
    --carbonSlack 0
    --adjust_constraints_if_infeas 1
Licensee: Single User License                            G231219|0002AO-LNX
          The Pennsylvania State University, Institute for CyberDC15032-S17
          /storage/icds/RISE/sw8/gams/gams42.1_linux_x64_64_sfx/gamslice.txt
          License Admin: Rob Groner, rug262@psu.edu                        
Processor information: 2 socket(s), 24 core(s), and 24 thread(s) available
GAMS 42.1.0   Copyright (C) 1987-2023 GAMS Development. All rights reserved
--- Starting compilation
--- runRBA_max_prod.gms(6) 2 Mb
--- . runRBA_GAMS_settings.txt(20) 2 Mb
--- runRBA_max_prod.gms(37) 2 Mb
--- . RBA_species.txt(7813) 3 Mb
--- runRBA_max_prod.gms(39) 3 Mb
--- . RBA_rxns.txt(16888) 5 Mb
--- runRBA_max_prod.gms(41) 5 Mb
--- . RBA_rxns_prosyn.txt(4964) 5 Mb
--- runRBA_max_prod.gms(43) 5 Mb
--- . RBA_rxns_prowaste.txt(4968) 6 Mb
--- runRBA_max_prod.gms(45) 6 Mb
--- . RBA_nuc_translation.txt(4951) 6 Mb
--- runRBA_max_prod.gms(47) 6 Mb
--- . RBA_mito_translation.txt(15) 6 Mb
--- runRBA_max_prod.gms(49) 6 Mb
--- . RBA_rxns_EXREV.txt(159) 6 Mb
--- runRBA_max_prod.gms(51) 6 Mb
--- . RBA_rxns_EXREV_YNB_RabinowitzVersion.txt(28) 6 Mb
--- runRBA_max_prod.gms(53) 6 Mb
--- . RBA_rxns_whole_biomass.txt(10) 6 Mb
--- runRBA_max_prod.gms(55) 6 Mb
--- . RBA_rxns_add.txt(118) 6 Mb
--- runRBA_max_prod.gms(57) 6 Mb 1 Error
*** Error 282 in /storage/home/ejm6426/scratch/scRBA/application/output_max_withoutMP/polyhb/runRBA_max_prod.gms
    Unable to open include file
       Hint: Does the filename need to be quoted?
--- runRBA_max_prod.gms(62) 6 Mb
--- . RBA_sij.txt(30231) 6 Mb--- . RBA_sij.txt(46805) 6 Mb--- . RBA_sij.txt(105409) 9 Mb--- . RBA_sij.txt(120370) 10 Mb--- . RBA_sij.txt(179520) 11 Mb--- . RBA_sij.txt(194574) 11 Mb--- . RBA_sij.txt(251515) 14 Mb--- . RBA_sij.txt(266476) 14 Mb--- . RBA_sij.txt(268302) 15 Mb
--- runRBA_max_prod.gms(64) 15 Mb
--- . RBA_proteinLength.txt(4964) 15 Mb
--- runRBA_max_prod.gms(66) 15 Mb
--- . RBA_kapp_chemo_lowC_per_hour.txt(2226) 15 Mb
--- runRBA_max_prod.gms(68) 15 Mb
--- . yield_denominators.txt(3) 15 Mb
--- runRBA_max_prod.gms(70) 15 Mb
--- . yield_denominators_expanded.txt(9) 15 Mb
--- runRBA_max_prod.gms(81) 15 Mb 2 Errors
*** Error 282 in /storage/home/ejm6426/scratch/scRBA/application/output_max_withoutMP/polyhb/runRBA_max_prod.gms
    Unable to open include file
       Hint: Does the filename need to be quoted?
--- runRBA_max_prod.gms(101) 15 Mb
--- . phenotype.txt(2) 15 Mb
--- .. RBA_GAMS_defaults_from_FBA.txt(1) 15 Mb
--- ... phenotype_common.txt(8) 15 Mb
--- .... model-version-settings.txt(4) 15 Mb
--- ... phenotype_common.txt(53) 15 Mb
--- .. RBA_GAMS_defaults_from_FBA.txt(493) 15 Mb
--- . phenotype.txt(8) 15 Mb
--- runRBA_max_prod.gms(112) 15 Mb
--- . RBA_enzCapacityConstraints_declares.txt(2226) 15 Mb
--- runRBA_max_prod.gms(122) 15 Mb
--- . RBA_enzCapacityConstraints_eqns_equality_version.txt(2226) 15 Mb
--- runRBA_max_prod.gms(130) 15 Mb 3 Errors
*** Error 257 in /storage/home/ejm6426/scratch/scRBA/application/output_max_withoutMP/polyhb/runRBA_max_prod.gms
    Solve statement not checked because of previous errors
--- runRBA_max_prod.gms(173) 15 Mb 4 Errors
*** Error 257 in /storage/home/ejm6426/scratch/scRBA/application/output_max_withoutMP/polyhb/runRBA_max_prod.gms
    Solve statement not checked because of previous errors
--- runRBA_max_prod.gms(181) 15 Mb 5 Errors
*** Error 257 in /storage/home/ejm6426/scratch/scRBA/application/output_max_withoutMP/polyhb/runRBA_max_prod.gms
    Solve statement not checked because of previous errors
--- runRBA_max_prod.gms(189) 15 Mb 6 Errors
*** Error 257 in /storage/home/ejm6426/scratch/scRBA/application/output_max_withoutMP/polyhb/runRBA_max_prod.gms
    Solve statement not checked because of previous errors
--- runRBA_max_prod.gms(192) 15 Mb 7 Errors
*** Error 257 in /storage/home/ejm6426/scratch/scRBA/application/output_max_withoutMP/polyhb/runRBA_max_prod.gms
    Solve statement not checked because of previous errors
--- runRBA_max_prod.gms(234) 15 Mb 8 Errors
*** Error 141 in /storage/home/ejm6426/scratch/scRBA/application/output_max_withoutMP/polyhb/runRBA_max_prod.gms
    Symbol declared but no values have been assigned. Check for missing
       data definition, assignment, data loading or implicit assignment
       via a solve statement.
       A wild shot: You may have spurious commas in the explanatory
       text of a declaration. Check symbol reference list.
--- runRBA_max_prod.gms(239) 15 Mb 9 Errors
*** Error 257 in /storage/home/ejm6426/scratch/scRBA/application/output_max_withoutMP/polyhb/runRBA_max_prod.gms
    Solve statement not checked because of previous errors
--- runRBA_max_prod.gms(248) 15 Mb 10 Errors
*** Error 257 in /storage/home/ejm6426/scratch/scRBA/application/output_max_withoutMP/polyhb/runRBA_max_prod.gms
    Solve statement not checked because of previous errors
--- runRBA_max_prod.gms(276) 15 Mb 11 Errors
*** Error 257 in /storage/home/ejm6426/scratch/scRBA/application/output_max_withoutMP/polyhb/runRBA_max_prod.gms
    Solve statement not checked because of previous errors
--- runRBA_max_prod.gms(289) 15 Mb 12 Errors
*** Error 257 in /storage/home/ejm6426/scratch/scRBA/application/output_max_withoutMP/polyhb/runRBA_max_prod.gms
    Solve statement not checked because of previous errors
--- runRBA_max_prod.gms(296) 15 Mb 13 Errors
*** Error 257 in /storage/home/ejm6426/scratch/scRBA/application/output_max_withoutMP/polyhb/runRBA_max_prod.gms
    Solve statement not checked because of previous errors
--- runRBA_max_prod.gms(317) 15 Mb 13 Errors
*** Status: Compilation error(s)
--- Job runRBA_max_prod.gms Stop 10/01/24 19:06:48 elapsed 0:00:01.077
Traceback (most recent call last):
  File "/scratch/ejm6426/scRBA/application/output_max_withoutMP/polyhb/runRBA.py", line 36, in <module>
    stat = get_GAMS_modelStat('./runRBA.modelStat.txt')
           ^^^^^^^^^^^^^^^^^^^^^^^^^^^^^^^^^^^^^^^^^^^^
  File "/scratch/ejm6426/scRBA/application/output_max_withoutMP/polyhb/../../../pycore/simulate.py", line 2, in get_GAMS_modelStat
    with open(filepath) as f:
         ^^^^^^^^^^^^^^
FileNotFoundError: [Errno 2] No such file or directory: './runRBA.modelStat.txt'
--- Job runRBA_max_prod.gms Start 10/01/24 19:06:49 42.1.0 cb854401 LEX-LEG x86 64bit/Linux
--- Applying:
    /storage/icds/RISE/sw8/gams/gams42.1_linux_x64_64_sfx/gmsprmun.txt
--- GAMS Parameters defined
    Input /storage/home/ejm6426/scratch/scRBA/application/output_max_withoutMP/tag/runRBA_max_prod.gms
    Output /dev/null
    ScrDir /storage/home/ejm6426/scratch/scRBA/application/output_max_withoutMP/tag/225a/
    SysDir /storage/icds/RISE/sw8/gams/gams42.1_linux_x64_64_sfx/
    --carbonSlack 0
    --adjust_constraints_if_infeas 1
Licensee: Single User License                            G231219|0002AO-LNX
          The Pennsylvania State University, Institute for CyberDC15032-S17
          /storage/icds/RISE/sw8/gams/gams42.1_linux_x64_64_sfx/gamslice.txt
          License Admin: Rob Groner, rug262@psu.edu                        
Processor information: 2 socket(s), 24 core(s), and 24 thread(s) available
GAMS 42.1.0   Copyright (C) 1987-2023 GAMS Development. All rights reserved
--- Starting compilation
--- runRBA_max_prod.gms(6) 2 Mb
--- . runRBA_GAMS_settings.txt(20) 2 Mb
--- runRBA_max_prod.gms(37) 2 Mb
--- . RBA_species.txt(7813) 3 Mb
--- runRBA_max_prod.gms(39) 3 Mb
--- . RBA_rxns.txt(16888) 5 Mb
--- runRBA_max_prod.gms(41) 5 Mb
--- . RBA_rxns_prosyn.txt(4964) 5 Mb
--- runRBA_max_prod.gms(43) 5 Mb
--- . RBA_rxns_prowaste.txt(4968) 6 Mb
--- runRBA_max_prod.gms(45) 6 Mb
--- . RBA_nuc_translation.txt(4951) 6 Mb
--- runRBA_max_prod.gms(47) 6 Mb
--- . RBA_mito_translation.txt(15) 6 Mb
--- runRBA_max_prod.gms(49) 6 Mb
--- . RBA_rxns_EXREV.txt(159) 6 Mb
--- runRBA_max_prod.gms(51) 6 Mb
--- . RBA_rxns_EXREV_YNB_RabinowitzVersion.txt(28) 6 Mb
--- runRBA_max_prod.gms(53) 6 Mb
--- . RBA_rxns_whole_biomass.txt(10) 6 Mb
--- runRBA_max_prod.gms(55) 6 Mb
--- . RBA_rxns_add.txt(118) 6 Mb
--- runRBA_max_prod.gms(57) 6 Mb 1 Error
*** Error 282 in /storage/home/ejm6426/scratch/scRBA/application/output_max_withoutMP/tag/runRBA_max_prod.gms
    Unable to open include file
       Hint: Does the filename need to be quoted?
--- runRBA_max_prod.gms(62) 6 Mb
--- . RBA_sij.txt(28669) 6 Mb--- . RBA_sij.txt(44875) 6 Mb--- . RBA_sij.txt(102760) 9 Mb--- . RBA_sij.txt(117625) 10 Mb--- . RBA_sij.txt(176131) 11 Mb--- . RBA_sij.txt(190903) 11 Mb--- . RBA_sij.txt(249550) 13 Mb--- . RBA_sij.txt(262482) 14 Mb--- . RBA_sij.txt(268302) 15 Mb
--- runRBA_max_prod.gms(64) 15 Mb
--- . RBA_proteinLength.txt(4964) 15 Mb
--- runRBA_max_prod.gms(66) 15 Mb
--- . RBA_kapp_chemo_lowC_per_hour.txt(2226) 15 Mb
--- runRBA_max_prod.gms(68) 15 Mb
--- . yield_denominators.txt(3) 15 Mb
--- runRBA_max_prod.gms(70) 15 Mb
--- . yield_denominators_expanded.txt(9) 15 Mb
--- runRBA_max_prod.gms(81) 15 Mb 2 Errors
*** Error 282 in /storage/home/ejm6426/scratch/scRBA/application/output_max_withoutMP/tag/runRBA_max_prod.gms
    Unable to open include file
       Hint: Does the filename need to be quoted?
--- runRBA_max_prod.gms(101) 15 Mb
--- . phenotype.txt(2) 15 Mb
--- .. RBA_GAMS_defaults_from_FBA.txt(1) 15 Mb
--- ... phenotype_common.txt(8) 15 Mb
--- .... model-version-settings.txt(4) 15 Mb
--- ... phenotype_common.txt(53) 15 Mb
--- .. RBA_GAMS_defaults_from_FBA.txt(491) 15 Mb
--- . phenotype.txt(8) 15 Mb
--- runRBA_max_prod.gms(112) 15 Mb
--- . RBA_enzCapacityConstraints_declares.txt(2226) 15 Mb
--- runRBA_max_prod.gms(122) 15 Mb
--- . RBA_enzCapacityConstraints_eqns_equality_version.txt(2226) 15 Mb
--- runRBA_max_prod.gms(130) 15 Mb 3 Errors
*** Error 257 in /storage/home/ejm6426/scratch/scRBA/application/output_max_withoutMP/tag/runRBA_max_prod.gms
    Solve statement not checked because of previous errors
--- runRBA_max_prod.gms(173) 15 Mb 4 Errors
*** Error 257 in /storage/home/ejm6426/scratch/scRBA/application/output_max_withoutMP/tag/runRBA_max_prod.gms
    Solve statement not checked because of previous errors
--- runRBA_max_prod.gms(181) 15 Mb 5 Errors
*** Error 257 in /storage/home/ejm6426/scratch/scRBA/application/output_max_withoutMP/tag/runRBA_max_prod.gms
    Solve statement not checked because of previous errors
--- runRBA_max_prod.gms(189) 15 Mb 6 Errors
*** Error 257 in /storage/home/ejm6426/scratch/scRBA/application/output_max_withoutMP/tag/runRBA_max_prod.gms
    Solve statement not checked because of previous errors
--- runRBA_max_prod.gms(192) 15 Mb 7 Errors
*** Error 257 in /storage/home/ejm6426/scratch/scRBA/application/output_max_withoutMP/tag/runRBA_max_prod.gms
    Solve statement not checked because of previous errors
--- runRBA_max_prod.gms(234) 15 Mb 8 Errors
*** Error 141 in /storage/home/ejm6426/scratch/scRBA/application/output_max_withoutMP/tag/runRBA_max_prod.gms
    Symbol declared but no values have been assigned. Check for missing
       data definition, assignment, data loading or implicit assignment
       via a solve statement.
       A wild shot: You may have spurious commas in the explanatory
       text of a declaration. Check symbol reference list.
--- runRBA_max_prod.gms(239) 15 Mb 9 Errors
*** Error 257 in /storage/home/ejm6426/scratch/scRBA/application/output_max_withoutMP/tag/runRBA_max_prod.gms
    Solve statement not checked because of previous errors
--- runRBA_max_prod.gms(248) 15 Mb 10 Errors
*** Error 257 in /storage/home/ejm6426/scratch/scRBA/application/output_max_withoutMP/tag/runRBA_max_prod.gms
    Solve statement not checked because of previous errors
--- runRBA_max_prod.gms(276) 15 Mb 11 Errors
*** Error 257 in /storage/home/ejm6426/scratch/scRBA/application/output_max_withoutMP/tag/runRBA_max_prod.gms
    Solve statement not checked because of previous errors
--- runRBA_max_prod.gms(289) 15 Mb 12 Errors
*** Error 257 in /storage/home/ejm6426/scratch/scRBA/application/output_max_withoutMP/tag/runRBA_max_prod.gms
    Solve statement not checked because of previous errors
--- runRBA_max_prod.gms(296) 15 Mb 13 Errors
*** Error 257 in /storage/home/ejm6426/scratch/scRBA/application/output_max_withoutMP/tag/runRBA_max_prod.gms
    Solve statement not checked because of previous errors
--- runRBA_max_prod.gms(317) 15 Mb 13 Errors
*** Status: Compilation error(s)
--- Job runRBA_max_prod.gms Stop 10/01/24 19:06:50 elapsed 0:00:01.092
Traceback (most recent call last):
  File "/scratch/ejm6426/scRBA/application/output_max_withoutMP/tag/runRBA.py", line 36, in <module>
    stat = get_GAMS_modelStat('./runRBA.modelStat.txt')
           ^^^^^^^^^^^^^^^^^^^^^^^^^^^^^^^^^^^^^^^^^^^^
  File "/scratch/ejm6426/scRBA/application/output_max_withoutMP/tag/../../../pycore/simulate.py", line 2, in get_GAMS_modelStat
    with open(filepath) as f:
         ^^^^^^^^^^^^^^
FileNotFoundError: [Errno 2] No such file or directory: './runRBA.modelStat.txt'
--- Job runRBA_max_prod.gms Start 10/01/24 19:06:51 42.1.0 cb854401 LEX-LEG x86 64bit/Linux
--- Applying:
    /storage/icds/RISE/sw8/gams/gams42.1_linux_x64_64_sfx/gmsprmun.txt
--- GAMS Parameters defined
    Input /storage/home/ejm6426/scratch/scRBA/application/output_max_withoutMP/skm/runRBA_max_prod.gms
    Output /dev/null
    ScrDir /storage/home/ejm6426/scratch/scRBA/application/output_max_withoutMP/skm/225a/
    SysDir /storage/icds/RISE/sw8/gams/gams42.1_linux_x64_64_sfx/
    --carbonSlack 0
    --adjust_constraints_if_infeas 1
Licensee: Single User License                            G231219|0002AO-LNX
          The Pennsylvania State University, Institute for CyberDC15032-S17
          /storage/icds/RISE/sw8/gams/gams42.1_linux_x64_64_sfx/gamslice.txt
          License Admin: Rob Groner, rug262@psu.edu                        
Processor information: 2 socket(s), 24 core(s), and 24 thread(s) available
GAMS 42.1.0   Copyright (C) 1987-2023 GAMS Development. All rights reserved
--- Starting compilation
--- runRBA_max_prod.gms(6) 2 Mb
--- . runRBA_GAMS_settings.txt(20) 2 Mb
--- runRBA_max_prod.gms(37) 2 Mb
--- . RBA_species.txt(7813) 3 Mb
--- runRBA_max_prod.gms(39) 3 Mb
--- . RBA_rxns.txt(16888) 5 Mb
--- runRBA_max_prod.gms(41) 5 Mb
--- . RBA_rxns_prosyn.txt(4964) 5 Mb
--- runRBA_max_prod.gms(43) 5 Mb
--- . RBA_rxns_prowaste.txt(4968) 6 Mb
--- runRBA_max_prod.gms(45) 6 Mb
--- . RBA_nuc_translation.txt(4951) 6 Mb
--- runRBA_max_prod.gms(47) 6 Mb
--- . RBA_mito_translation.txt(15) 6 Mb
--- runRBA_max_prod.gms(49) 6 Mb
--- . RBA_rxns_EXREV.txt(159) 6 Mb
--- runRBA_max_prod.gms(51) 6 Mb
--- . RBA_rxns_EXREV_YNB_RabinowitzVersion.txt(28) 6 Mb
--- runRBA_max_prod.gms(53) 6 Mb
--- . RBA_rxns_whole_biomass.txt(10) 6 Mb
--- runRBA_max_prod.gms(55) 6 Mb
--- . RBA_rxns_add.txt(118) 6 Mb
--- runRBA_max_prod.gms(57) 6 Mb 1 Error
*** Error 282 in /storage/home/ejm6426/scratch/scRBA/application/output_max_withoutMP/skm/runRBA_max_prod.gms
    Unable to open include file
       Hint: Does the filename need to be quoted?
--- runRBA_max_prod.gms(62) 6 Mb
--- . RBA_sij.txt(30345) 6 Mb--- . RBA_sij.txt(46651) 6 Mb--- . RBA_sij.txt(106191) 9 Mb--- . RBA_sij.txt(121641) 10 Mb--- . RBA_sij.txt(182466) 11 Mb--- . RBA_sij.txt(198001) 11 Mb--- . RBA_sij.txt(254265) 14 Mb--- . RBA_sij.txt(268302) 15 Mb
--- runRBA_max_prod.gms(64) 15 Mb
--- . RBA_proteinLength.txt(4964) 15 Mb
--- runRBA_max_prod.gms(66) 15 Mb
--- . RBA_kapp_chemo_lowC_per_hour.txt(2226) 15 Mb
--- runRBA_max_prod.gms(68) 15 Mb
--- . yield_denominators.txt(3) 15 Mb
--- runRBA_max_prod.gms(70) 15 Mb
--- . yield_denominators_expanded.txt(9) 15 Mb
--- runRBA_max_prod.gms(81) 15 Mb 2 Errors
*** Error 282 in /storage/home/ejm6426/scratch/scRBA/application/output_max_withoutMP/skm/runRBA_max_prod.gms
    Unable to open include file
       Hint: Does the filename need to be quoted?
--- runRBA_max_prod.gms(101) 15 Mb
--- . phenotype.txt(2) 15 Mb
--- .. RBA_GAMS_defaults_from_FBA.txt(1) 15 Mb
--- ... phenotype_common.txt(8) 15 Mb
--- .... model-version-settings.txt(4) 15 Mb
--- ... phenotype_common.txt(53) 15 Mb
--- .. RBA_GAMS_defaults_from_FBA.txt(491) 15 Mb
--- . phenotype.txt(8) 15 Mb
--- runRBA_max_prod.gms(112) 15 Mb
--- . RBA_enzCapacityConstraints_declares.txt(2226) 15 Mb
--- runRBA_max_prod.gms(122) 15 Mb
--- . RBA_enzCapacityConstraints_eqns_equality_version.txt(2226) 15 Mb
--- runRBA_max_prod.gms(130) 15 Mb 3 Errors
*** Error 257 in /storage/home/ejm6426/scratch/scRBA/application/output_max_withoutMP/skm/runRBA_max_prod.gms
    Solve statement not checked because of previous errors
--- runRBA_max_prod.gms(173) 15 Mb 4 Errors
*** Error 257 in /storage/home/ejm6426/scratch/scRBA/application/output_max_withoutMP/skm/runRBA_max_prod.gms
    Solve statement not checked because of previous errors
--- runRBA_max_prod.gms(181) 15 Mb 5 Errors
*** Error 257 in /storage/home/ejm6426/scratch/scRBA/application/output_max_withoutMP/skm/runRBA_max_prod.gms
    Solve statement not checked because of previous errors
--- runRBA_max_prod.gms(189) 15 Mb 6 Errors
*** Error 257 in /storage/home/ejm6426/scratch/scRBA/application/output_max_withoutMP/skm/runRBA_max_prod.gms
    Solve statement not checked because of previous errors
--- runRBA_max_prod.gms(192) 15 Mb 7 Errors
*** Error 257 in /storage/home/ejm6426/scratch/scRBA/application/output_max_withoutMP/skm/runRBA_max_prod.gms
    Solve statement not checked because of previous errors
--- runRBA_max_prod.gms(234) 15 Mb 8 Errors
*** Error 141 in /storage/home/ejm6426/scratch/scRBA/application/output_max_withoutMP/skm/runRBA_max_prod.gms
    Symbol declared but no values have been assigned. Check for missing
       data definition, assignment, data loading or implicit assignment
       via a solve statement.
       A wild shot: You may have spurious commas in the explanatory
       text of a declaration. Check symbol reference list.
--- runRBA_max_prod.gms(239) 15 Mb 9 Errors
*** Error 257 in /storage/home/ejm6426/scratch/scRBA/application/output_max_withoutMP/skm/runRBA_max_prod.gms
    Solve statement not checked because of previous errors
--- runRBA_max_prod.gms(248) 15 Mb 10 Errors
*** Error 257 in /storage/home/ejm6426/scratch/scRBA/application/output_max_withoutMP/skm/runRBA_max_prod.gms
    Solve statement not checked because of previous errors
--- runRBA_max_prod.gms(276) 15 Mb 11 Errors
*** Error 257 in /storage/home/ejm6426/scratch/scRBA/application/output_max_withoutMP/skm/runRBA_max_prod.gms
    Solve statement not checked because of previous errors
--- runRBA_max_prod.gms(289) 15 Mb 12 Errors
*** Error 257 in /storage/home/ejm6426/scratch/scRBA/application/output_max_withoutMP/skm/runRBA_max_prod.gms
    Solve statement not checked because of previous errors
--- runRBA_max_prod.gms(296) 15 Mb 13 Errors
*** Error 257 in /storage/home/ejm6426/scratch/scRBA/application/output_max_withoutMP/skm/runRBA_max_prod.gms
    Solve statement not checked because of previous errors
--- runRBA_max_prod.gms(317) 15 Mb 13 Errors
*** Status: Compilation error(s)
--- Job runRBA_max_prod.gms Stop 10/01/24 19:06:52 elapsed 0:00:01.066
Traceback (most recent call last):
  File "/scratch/ejm6426/scRBA/application/output_max_withoutMP/skm/runRBA.py", line 36, in <module>
    stat = get_GAMS_modelStat('./runRBA.modelStat.txt')
           ^^^^^^^^^^^^^^^^^^^^^^^^^^^^^^^^^^^^^^^^^^^^
  File "/scratch/ejm6426/scRBA/application/output_max_withoutMP/skm/../../../pycore/simulate.py", line 2, in get_GAMS_modelStat
    with open(filepath) as f:
         ^^^^^^^^^^^^^^
FileNotFoundError: [Errno 2] No such file or directory: './runRBA.modelStat.txt'
--- Job runRBA_max_prod.gms Start 10/01/24 19:06:54 42.1.0 cb854401 LEX-LEG x86 64bit/Linux
--- Applying:
    /storage/icds/RISE/sw8/gams/gams42.1_linux_x64_64_sfx/gmsprmun.txt
--- GAMS Parameters defined
    Input /storage/home/ejm6426/scratch/scRBA/application/output_max_withoutMP/btoh/runRBA_max_prod.gms
    Output /dev/null
    ScrDir /storage/home/ejm6426/scratch/scRBA/application/output_max_withoutMP/btoh/225a/
    SysDir /storage/icds/RISE/sw8/gams/gams42.1_linux_x64_64_sfx/
    --carbonSlack 0
    --adjust_constraints_if_infeas 1
Licensee: Single User License                            G231219|0002AO-LNX
          The Pennsylvania State University, Institute for CyberDC15032-S17
          /storage/icds/RISE/sw8/gams/gams42.1_linux_x64_64_sfx/gamslice.txt
          License Admin: Rob Groner, rug262@psu.edu                        
Processor information: 2 socket(s), 24 core(s), and 24 thread(s) available
GAMS 42.1.0   Copyright (C) 1987-2023 GAMS Development. All rights reserved
--- Starting compilation
--- runRBA_max_prod.gms(6) 2 Mb
--- . runRBA_GAMS_settings.txt(20) 2 Mb
--- runRBA_max_prod.gms(37) 2 Mb
--- . RBA_species.txt(7813) 3 Mb
--- runRBA_max_prod.gms(39) 3 Mb
--- . RBA_rxns.txt(16888) 5 Mb
--- runRBA_max_prod.gms(41) 5 Mb
--- . RBA_rxns_prosyn.txt(4964) 5 Mb
--- runRBA_max_prod.gms(43) 5 Mb
--- . RBA_rxns_prowaste.txt(4968) 6 Mb
--- runRBA_max_prod.gms(45) 6 Mb
--- . RBA_nuc_translation.txt(4951) 6 Mb
--- runRBA_max_prod.gms(47) 6 Mb
--- . RBA_mito_translation.txt(15) 6 Mb
--- runRBA_max_prod.gms(49) 6 Mb
--- . RBA_rxns_EXREV.txt(159) 6 Mb
--- runRBA_max_prod.gms(51) 6 Mb
--- . RBA_rxns_EXREV_YNB_RabinowitzVersion.txt(28) 6 Mb
--- runRBA_max_prod.gms(53) 6 Mb
--- . RBA_rxns_whole_biomass.txt(10) 6 Mb
--- runRBA_max_prod.gms(55) 6 Mb
--- . RBA_rxns_add.txt(118) 6 Mb
--- runRBA_max_prod.gms(57) 6 Mb 1 Error
*** Error 282 in /storage/home/ejm6426/scratch/scRBA/application/output_max_withoutMP/btoh/runRBA_max_prod.gms
    Unable to open include file
       Hint: Does the filename need to be quoted?
--- runRBA_max_prod.gms(62) 6 Mb
--- . RBA_sij.txt(29942) 6 Mb--- . RBA_sij.txt(46572) 6 Mb--- . RBA_sij.txt(104916) 9 Mb--- . RBA_sij.txt(120060) 10 Mb--- . RBA_sij.txt(178894) 11 Mb--- . RBA_sij.txt(194461) 11 Mb--- . RBA_sij.txt(252735) 14 Mb--- . RBA_sij.txt(268089) 14 Mb--- . RBA_sij.txt(268302) 15 Mb
--- runRBA_max_prod.gms(64) 15 Mb
--- . RBA_proteinLength.txt(4964) 15 Mb
--- runRBA_max_prod.gms(66) 15 Mb
--- . RBA_kapp_chemo_lowC_per_hour.txt(2226) 15 Mb
--- runRBA_max_prod.gms(68) 15 Mb
--- . yield_denominators.txt(3) 15 Mb
--- runRBA_max_prod.gms(70) 15 Mb
--- . yield_denominators_expanded.txt(9) 15 Mb
--- runRBA_max_prod.gms(81) 15 Mb 2 Errors
*** Error 282 in /storage/home/ejm6426/scratch/scRBA/application/output_max_withoutMP/btoh/runRBA_max_prod.gms
    Unable to open include file
       Hint: Does the filename need to be quoted?
--- runRBA_max_prod.gms(101) 15 Mb
--- . phenotype.txt(2) 15 Mb
--- .. RBA_GAMS_defaults_from_FBA.txt(1) 15 Mb
--- ... phenotype_common.txt(8) 15 Mb
--- .... model-version-settings.txt(4) 15 Mb
--- ... phenotype_common.txt(53) 15 Mb
--- .. RBA_GAMS_defaults_from_FBA.txt(501) 15 Mb
--- . phenotype.txt(8) 15 Mb
--- runRBA_max_prod.gms(112) 15 Mb
--- . RBA_enzCapacityConstraints_declares.txt(2226) 15 Mb
--- runRBA_max_prod.gms(122) 15 Mb
--- . RBA_enzCapacityConstraints_eqns_equality_version.txt(2226) 15 Mb
--- runRBA_max_prod.gms(130) 15 Mb 3 Errors
*** Error 257 in /storage/home/ejm6426/scratch/scRBA/application/output_max_withoutMP/btoh/runRBA_max_prod.gms
    Solve statement not checked because of previous errors
--- runRBA_max_prod.gms(173) 15 Mb 4 Errors
*** Error 257 in /storage/home/ejm6426/scratch/scRBA/application/output_max_withoutMP/btoh/runRBA_max_prod.gms
    Solve statement not checked because of previous errors
--- runRBA_max_prod.gms(181) 15 Mb 5 Errors
*** Error 257 in /storage/home/ejm6426/scratch/scRBA/application/output_max_withoutMP/btoh/runRBA_max_prod.gms
    Solve statement not checked because of previous errors
--- runRBA_max_prod.gms(189) 15 Mb 6 Errors
*** Error 257 in /storage/home/ejm6426/scratch/scRBA/application/output_max_withoutMP/btoh/runRBA_max_prod.gms
    Solve statement not checked because of previous errors
--- runRBA_max_prod.gms(192) 15 Mb 7 Errors
*** Error 257 in /storage/home/ejm6426/scratch/scRBA/application/output_max_withoutMP/btoh/runRBA_max_prod.gms
    Solve statement not checked because of previous errors
--- runRBA_max_prod.gms(234) 15 Mb 8 Errors
*** Error 141 in /storage/home/ejm6426/scratch/scRBA/application/output_max_withoutMP/btoh/runRBA_max_prod.gms
    Symbol declared but no values have been assigned. Check for missing
       data definition, assignment, data loading or implicit assignment
       via a solve statement.
       A wild shot: You may have spurious commas in the explanatory
       text of a declaration. Check symbol reference list.
--- runRBA_max_prod.gms(239) 15 Mb 9 Errors
*** Error 257 in /storage/home/ejm6426/scratch/scRBA/application/output_max_withoutMP/btoh/runRBA_max_prod.gms
    Solve statement not checked because of previous errors
--- runRBA_max_prod.gms(248) 15 Mb 10 Errors
*** Error 257 in /storage/home/ejm6426/scratch/scRBA/application/output_max_withoutMP/btoh/runRBA_max_prod.gms
    Solve statement not checked because of previous errors
--- runRBA_max_prod.gms(276) 15 Mb 11 Errors
*** Error 257 in /storage/home/ejm6426/scratch/scRBA/application/output_max_withoutMP/btoh/runRBA_max_prod.gms
    Solve statement not checked because of previous errors
--- runRBA_max_prod.gms(289) 15 Mb 12 Errors
*** Error 257 in /storage/home/ejm6426/scratch/scRBA/application/output_max_withoutMP/btoh/runRBA_max_prod.gms
    Solve statement not checked because of previous errors
--- runRBA_max_prod.gms(296) 15 Mb 13 Errors
*** Error 257 in /storage/home/ejm6426/scratch/scRBA/application/output_max_withoutMP/btoh/runRBA_max_prod.gms
    Solve statement not checked because of previous errors
--- runRBA_max_prod.gms(317) 15 Mb 13 Errors
*** Status: Compilation error(s)
--- Job runRBA_max_prod.gms Stop 10/01/24 19:06:55 elapsed 0:00:01.067
Traceback (most recent call last):
  File "/scratch/ejm6426/scRBA/application/output_max_withoutMP/btoh/runRBA.py", line 36, in <module>
    stat = get_GAMS_modelStat('./runRBA.modelStat.txt')
           ^^^^^^^^^^^^^^^^^^^^^^^^^^^^^^^^^^^^^^^^^^^^
  File "/scratch/ejm6426/scRBA/application/output_max_withoutMP/btoh/../../../pycore/simulate.py", line 2, in get_GAMS_modelStat
    with open(filepath) as f:
         ^^^^^^^^^^^^^^
FileNotFoundError: [Errno 2] No such file or directory: './runRBA.modelStat.txt'
--- Job runRBA_max_prod.gms Start 10/01/24 19:06:56 42.1.0 cb854401 LEX-LEG x86 64bit/Linux
--- Applying:
    /storage/icds/RISE/sw8/gams/gams42.1_linux_x64_64_sfx/gmsprmun.txt
--- GAMS Parameters defined
    Input /storage/home/ejm6426/scratch/scRBA/application/output_max_withoutMP/sesqt/runRBA_max_prod.gms
    Output /dev/null
    ScrDir /storage/home/ejm6426/scratch/scRBA/application/output_max_withoutMP/sesqt/225a/
    SysDir /storage/icds/RISE/sw8/gams/gams42.1_linux_x64_64_sfx/
    --carbonSlack 0
    --adjust_constraints_if_infeas 1
Licensee: Single User License                            G231219|0002AO-LNX
          The Pennsylvania State University, Institute for CyberDC15032-S17
          /storage/icds/RISE/sw8/gams/gams42.1_linux_x64_64_sfx/gamslice.txt
          License Admin: Rob Groner, rug262@psu.edu                        
Processor information: 2 socket(s), 24 core(s), and 24 thread(s) available
GAMS 42.1.0   Copyright (C) 1987-2023 GAMS Development. All rights reserved
--- Starting compilation
--- runRBA_max_prod.gms(6) 2 Mb
--- . runRBA_GAMS_settings.txt(20) 2 Mb
--- runRBA_max_prod.gms(37) 2 Mb
--- . RBA_species.txt(7813) 3 Mb
--- runRBA_max_prod.gms(39) 3 Mb
--- . RBA_rxns.txt(16888) 5 Mb
--- runRBA_max_prod.gms(41) 5 Mb
--- . RBA_rxns_prosyn.txt(4964) 5 Mb
--- runRBA_max_prod.gms(43) 5 Mb
--- . RBA_rxns_prowaste.txt(4968) 6 Mb
--- runRBA_max_prod.gms(45) 6 Mb
--- . RBA_nuc_translation.txt(4951) 6 Mb
--- runRBA_max_prod.gms(47) 6 Mb
--- . RBA_mito_translation.txt(15) 6 Mb
--- runRBA_max_prod.gms(49) 6 Mb
--- . RBA_rxns_EXREV.txt(159) 6 Mb
--- runRBA_max_prod.gms(51) 6 Mb
--- . RBA_rxns_EXREV_YNB_RabinowitzVersion.txt(28) 6 Mb
--- runRBA_max_prod.gms(53) 6 Mb
--- . RBA_rxns_whole_biomass.txt(10) 6 Mb
--- runRBA_max_prod.gms(55) 6 Mb
--- . RBA_rxns_add.txt(118) 6 Mb
--- runRBA_max_prod.gms(57) 6 Mb 1 Error
*** Error 282 in /storage/home/ejm6426/scratch/scRBA/application/output_max_withoutMP/sesqt/runRBA_max_prod.gms
    Unable to open include file
       Hint: Does the filename need to be quoted?
--- runRBA_max_prod.gms(62) 6 Mb
--- . RBA_sij.txt(33885) 6 Mb--- . RBA_sij.txt(50081) 6 Mb--- . RBA_sij.txt(107874) 9 Mb--- . RBA_sij.txt(122718) 10 Mb--- . RBA_sij.txt(180644) 11 Mb--- . RBA_sij.txt(195208) 11 Mb--- . RBA_sij.txt(251686) 14 Mb--- . RBA_sij.txt(266984) 14 Mb--- . RBA_sij.txt(268302) 15 Mb
--- runRBA_max_prod.gms(64) 15 Mb
--- . RBA_proteinLength.txt(4964) 15 Mb
--- runRBA_max_prod.gms(66) 15 Mb
--- . RBA_kapp_chemo_lowC_per_hour.txt(2226) 15 Mb
--- runRBA_max_prod.gms(68) 15 Mb
--- . yield_denominators.txt(3) 15 Mb
--- runRBA_max_prod.gms(70) 15 Mb
--- . yield_denominators_expanded.txt(9) 15 Mb
--- runRBA_max_prod.gms(81) 15 Mb 2 Errors
*** Error 282 in /storage/home/ejm6426/scratch/scRBA/application/output_max_withoutMP/sesqt/runRBA_max_prod.gms
    Unable to open include file
       Hint: Does the filename need to be quoted?
--- runRBA_max_prod.gms(101) 15 Mb
--- . phenotype.txt(2) 15 Mb
--- .. RBA_GAMS_defaults_from_FBA.txt(1) 15 Mb
--- ... phenotype_common.txt(8) 15 Mb
--- .... model-version-settings.txt(4) 15 Mb
--- ... phenotype_common.txt(53) 15 Mb
--- .. RBA_GAMS_defaults_from_FBA.txt(492) 15 Mb
--- . phenotype.txt(8) 15 Mb
--- runRBA_max_prod.gms(112) 15 Mb
--- . RBA_enzCapacityConstraints_declares.txt(2226) 15 Mb
--- runRBA_max_prod.gms(122) 15 Mb
--- . RBA_enzCapacityConstraints_eqns_equality_version.txt(2226) 15 Mb
--- runRBA_max_prod.gms(130) 15 Mb 3 Errors
*** Error 257 in /storage/home/ejm6426/scratch/scRBA/application/output_max_withoutMP/sesqt/runRBA_max_prod.gms
    Solve statement not checked because of previous errors
--- runRBA_max_prod.gms(173) 15 Mb 4 Errors
*** Error 257 in /storage/home/ejm6426/scratch/scRBA/application/output_max_withoutMP/sesqt/runRBA_max_prod.gms
    Solve statement not checked because of previous errors
--- runRBA_max_prod.gms(181) 15 Mb 5 Errors
*** Error 257 in /storage/home/ejm6426/scratch/scRBA/application/output_max_withoutMP/sesqt/runRBA_max_prod.gms
    Solve statement not checked because of previous errors
--- runRBA_max_prod.gms(189) 15 Mb 6 Errors
*** Error 257 in /storage/home/ejm6426/scratch/scRBA/application/output_max_withoutMP/sesqt/runRBA_max_prod.gms
    Solve statement not checked because of previous errors
--- runRBA_max_prod.gms(192) 15 Mb 7 Errors
*** Error 257 in /storage/home/ejm6426/scratch/scRBA/application/output_max_withoutMP/sesqt/runRBA_max_prod.gms
    Solve statement not checked because of previous errors
--- runRBA_max_prod.gms(234) 15 Mb 8 Errors
*** Error 141 in /storage/home/ejm6426/scratch/scRBA/application/output_max_withoutMP/sesqt/runRBA_max_prod.gms
    Symbol declared but no values have been assigned. Check for missing
       data definition, assignment, data loading or implicit assignment
       via a solve statement.
       A wild shot: You may have spurious commas in the explanatory
       text of a declaration. Check symbol reference list.
--- runRBA_max_prod.gms(239) 15 Mb 9 Errors
*** Error 257 in /storage/home/ejm6426/scratch/scRBA/application/output_max_withoutMP/sesqt/runRBA_max_prod.gms
    Solve statement not checked because of previous errors
--- runRBA_max_prod.gms(248) 15 Mb 10 Errors
*** Error 257 in /storage/home/ejm6426/scratch/scRBA/application/output_max_withoutMP/sesqt/runRBA_max_prod.gms
    Solve statement not checked because of previous errors
--- runRBA_max_prod.gms(276) 15 Mb 11 Errors
*** Error 257 in /storage/home/ejm6426/scratch/scRBA/application/output_max_withoutMP/sesqt/runRBA_max_prod.gms
    Solve statement not checked because of previous errors
--- runRBA_max_prod.gms(289) 15 Mb 12 Errors
*** Error 257 in /storage/home/ejm6426/scratch/scRBA/application/output_max_withoutMP/sesqt/runRBA_max_prod.gms
    Solve statement not checked because of previous errors
--- runRBA_max_prod.gms(296) 15 Mb 13 Errors
*** Error 257 in /storage/home/ejm6426/scratch/scRBA/application/output_max_withoutMP/sesqt/runRBA_max_prod.gms
    Solve statement not checked because of previous errors
--- runRBA_max_prod.gms(317) 15 Mb 13 Errors
*** Status: Compilation error(s)
--- Job runRBA_max_prod.gms Stop 10/01/24 19:06:57 elapsed 0:00:01.074
Traceback (most recent call last):
  File "/scratch/ejm6426/scRBA/application/output_max_withoutMP/sesqt/runRBA.py", line 36, in <module>
    stat = get_GAMS_modelStat('./runRBA.modelStat.txt')
           ^^^^^^^^^^^^^^^^^^^^^^^^^^^^^^^^^^^^^^^^^^^^
  File "/scratch/ejm6426/scRBA/application/output_max_withoutMP/sesqt/../../../pycore/simulate.py", line 2, in get_GAMS_modelStat
    with open(filepath) as f:
         ^^^^^^^^^^^^^^
FileNotFoundError: [Errno 2] No such file or directory: './runRBA.modelStat.txt'
--- Job runRBA_max_prod.gms Start 10/01/24 19:06:58 42.1.0 cb854401 LEX-LEG x86 64bit/Linux
--- Applying:
    /storage/icds/RISE/sw8/gams/gams42.1_linux_x64_64_sfx/gmsprmun.txt
--- GAMS Parameters defined
    Input /storage/home/ejm6426/scratch/scRBA/application/output_max_withoutMP/3hppa/runRBA_max_prod.gms
    Output /dev/null
    ScrDir /storage/home/ejm6426/scratch/scRBA/application/output_max_withoutMP/3hppa/225a/
    SysDir /storage/icds/RISE/sw8/gams/gams42.1_linux_x64_64_sfx/
    --carbonSlack 0
    --adjust_constraints_if_infeas 1
Licensee: Single User License                            G231219|0002AO-LNX
          The Pennsylvania State University, Institute for CyberDC15032-S17
          /storage/icds/RISE/sw8/gams/gams42.1_linux_x64_64_sfx/gamslice.txt
          License Admin: Rob Groner, rug262@psu.edu                        
Processor information: 2 socket(s), 24 core(s), and 24 thread(s) available
GAMS 42.1.0   Copyright (C) 1987-2023 GAMS Development. All rights reserved
--- Starting compilation
--- runRBA_max_prod.gms(6) 2 Mb
--- . runRBA_GAMS_settings.txt(20) 2 Mb
--- runRBA_max_prod.gms(37) 2 Mb
--- . RBA_species.txt(7813) 3 Mb
--- runRBA_max_prod.gms(39) 3 Mb
--- . RBA_rxns.txt(16888) 5 Mb
--- runRBA_max_prod.gms(41) 5 Mb
--- . RBA_rxns_prosyn.txt(4964) 5 Mb
--- runRBA_max_prod.gms(43) 5 Mb
--- . RBA_rxns_prowaste.txt(4968) 6 Mb
--- runRBA_max_prod.gms(45) 6 Mb
--- . RBA_nuc_translation.txt(4951) 6 Mb
--- runRBA_max_prod.gms(47) 6 Mb
--- . RBA_mito_translation.txt(15) 6 Mb
--- runRBA_max_prod.gms(49) 6 Mb
--- . RBA_rxns_EXREV.txt(159) 6 Mb
--- runRBA_max_prod.gms(51) 6 Mb
--- . RBA_rxns_EXREV_YNB_RabinowitzVersion.txt(28) 6 Mb
--- runRBA_max_prod.gms(53) 6 Mb
--- . RBA_rxns_whole_biomass.txt(10) 6 Mb
--- runRBA_max_prod.gms(55) 6 Mb
--- . RBA_rxns_add.txt(118) 6 Mb
--- runRBA_max_prod.gms(57) 6 Mb 1 Error
*** Error 282 in /storage/home/ejm6426/scratch/scRBA/application/output_max_withoutMP/3hppa/runRBA_max_prod.gms
    Unable to open include file
       Hint: Does the filename need to be quoted?
--- runRBA_max_prod.gms(62) 6 Mb
--- . RBA_sij.txt(28274) 6 Mb--- . RBA_sij.txt(43970) 6 Mb--- . RBA_sij.txt(100661) 9 Mb--- . RBA_sij.txt(115131) 10 Mb--- . RBA_sij.txt(172939) 11 Mb--- . RBA_sij.txt(187698) 11 Mb--- . RBA_sij.txt(245834) 13 Mb--- . RBA_sij.txt(258816) 14 Mb--- . RBA_sij.txt(268302) 15 Mb
--- runRBA_max_prod.gms(64) 15 Mb
--- . RBA_proteinLength.txt(4964) 15 Mb
--- runRBA_max_prod.gms(66) 15 Mb
--- . RBA_kapp_chemo_lowC_per_hour.txt(2226) 15 Mb
--- runRBA_max_prod.gms(68) 15 Mb
--- . yield_denominators.txt(3) 15 Mb
--- runRBA_max_prod.gms(70) 15 Mb
--- . yield_denominators_expanded.txt(9) 15 Mb
--- runRBA_max_prod.gms(81) 15 Mb 2 Errors
*** Error 282 in /storage/home/ejm6426/scratch/scRBA/application/output_max_withoutMP/3hppa/runRBA_max_prod.gms
    Unable to open include file
       Hint: Does the filename need to be quoted?
--- runRBA_max_prod.gms(101) 15 Mb
--- . phenotype.txt(2) 15 Mb
--- .. RBA_GAMS_defaults_from_FBA.txt(1) 15 Mb
--- ... phenotype_common.txt(8) 15 Mb
--- .... model-version-settings.txt(4) 15 Mb
--- ... phenotype_common.txt(53) 15 Mb
--- .. RBA_GAMS_defaults_from_FBA.txt(493) 15 Mb
--- . phenotype.txt(8) 15 Mb
--- runRBA_max_prod.gms(112) 15 Mb
--- . RBA_enzCapacityConstraints_declares.txt(2226) 15 Mb
--- runRBA_max_prod.gms(122) 15 Mb
--- . RBA_enzCapacityConstraints_eqns_equality_version.txt(2226) 15 Mb
--- runRBA_max_prod.gms(130) 15 Mb 3 Errors
*** Error 257 in /storage/home/ejm6426/scratch/scRBA/application/output_max_withoutMP/3hppa/runRBA_max_prod.gms
    Solve statement not checked because of previous errors
--- runRBA_max_prod.gms(173) 15 Mb 4 Errors
*** Error 257 in /storage/home/ejm6426/scratch/scRBA/application/output_max_withoutMP/3hppa/runRBA_max_prod.gms
    Solve statement not checked because of previous errors
--- runRBA_max_prod.gms(181) 15 Mb 5 Errors
*** Error 257 in /storage/home/ejm6426/scratch/scRBA/application/output_max_withoutMP/3hppa/runRBA_max_prod.gms
    Solve statement not checked because of previous errors
--- runRBA_max_prod.gms(189) 15 Mb 6 Errors
*** Error 257 in /storage/home/ejm6426/scratch/scRBA/application/output_max_withoutMP/3hppa/runRBA_max_prod.gms
    Solve statement not checked because of previous errors
--- runRBA_max_prod.gms(192) 15 Mb 7 Errors
*** Error 257 in /storage/home/ejm6426/scratch/scRBA/application/output_max_withoutMP/3hppa/runRBA_max_prod.gms
    Solve statement not checked because of previous errors
--- runRBA_max_prod.gms(234) 15 Mb 8 Errors
*** Error 141 in /storage/home/ejm6426/scratch/scRBA/application/output_max_withoutMP/3hppa/runRBA_max_prod.gms
    Symbol declared but no values have been assigned. Check for missing
       data definition, assignment, data loading or implicit assignment
       via a solve statement.
       A wild shot: You may have spurious commas in the explanatory
       text of a declaration. Check symbol reference list.
--- runRBA_max_prod.gms(239) 15 Mb 9 Errors
*** Error 257 in /storage/home/ejm6426/scratch/scRBA/application/output_max_withoutMP/3hppa/runRBA_max_prod.gms
    Solve statement not checked because of previous errors
--- runRBA_max_prod.gms(248) 15 Mb 10 Errors
*** Error 257 in /storage/home/ejm6426/scratch/scRBA/application/output_max_withoutMP/3hppa/runRBA_max_prod.gms
    Solve statement not checked because of previous errors
--- runRBA_max_prod.gms(276) 15 Mb 11 Errors
*** Error 257 in /storage/home/ejm6426/scratch/scRBA/application/output_max_withoutMP/3hppa/runRBA_max_prod.gms
    Solve statement not checked because of previous errors
--- runRBA_max_prod.gms(289) 15 Mb 12 Errors
*** Error 257 in /storage/home/ejm6426/scratch/scRBA/application/output_max_withoutMP/3hppa/runRBA_max_prod.gms
    Solve statement not checked because of previous errors
--- runRBA_max_prod.gms(296) 15 Mb 13 Errors
*** Error 257 in /storage/home/ejm6426/scratch/scRBA/application/output_max_withoutMP/3hppa/runRBA_max_prod.gms
    Solve statement not checked because of previous errors
--- runRBA_max_prod.gms(317) 15 Mb 13 Errors
*** Status: Compilation error(s)
--- Job runRBA_max_prod.gms Stop 10/01/24 19:06:59 elapsed 0:00:01.099
Traceback (most recent call last):
  File "/scratch/ejm6426/scRBA/application/output_max_withoutMP/3hppa/runRBA.py", line 36, in <module>
    stat = get_GAMS_modelStat('./runRBA.modelStat.txt')
           ^^^^^^^^^^^^^^^^^^^^^^^^^^^^^^^^^^^^^^^^^^^^
  File "/scratch/ejm6426/scRBA/application/output_max_withoutMP/3hppa/../../../pycore/simulate.py", line 2, in get_GAMS_modelStat
    with open(filepath) as f:
         ^^^^^^^^^^^^^^
FileNotFoundError: [Errno 2] No such file or directory: './runRBA.modelStat.txt'
--- Job runRBA_max_prod.gms Start 10/01/24 19:07:00 42.1.0 cb854401 LEX-LEG x86 64bit/Linux
--- Applying:
    /storage/icds/RISE/sw8/gams/gams42.1_linux_x64_64_sfx/gmsprmun.txt
--- GAMS Parameters defined
    Input /storage/home/ejm6426/scratch/scRBA/application/output_max_withoutMP/nrgn/runRBA_max_prod.gms
    Output /dev/null
    ScrDir /storage/home/ejm6426/scratch/scRBA/application/output_max_withoutMP/nrgn/225a/
    SysDir /storage/icds/RISE/sw8/gams/gams42.1_linux_x64_64_sfx/
    --carbonSlack 0
    --adjust_constraints_if_infeas 1
Licensee: Single User License                            G231219|0002AO-LNX
          The Pennsylvania State University, Institute for CyberDC15032-S17
          /storage/icds/RISE/sw8/gams/gams42.1_linux_x64_64_sfx/gamslice.txt
          License Admin: Rob Groner, rug262@psu.edu                        
Processor information: 2 socket(s), 24 core(s), and 24 thread(s) available
GAMS 42.1.0   Copyright (C) 1987-2023 GAMS Development. All rights reserved
--- Starting compilation
--- runRBA_max_prod.gms(6) 2 Mb
--- . runRBA_GAMS_settings.txt(20) 2 Mb
--- runRBA_max_prod.gms(37) 2 Mb
--- . RBA_species.txt(7813) 3 Mb
--- runRBA_max_prod.gms(39) 3 Mb
--- . RBA_rxns.txt(16888) 5 Mb
--- runRBA_max_prod.gms(41) 5 Mb
--- . RBA_rxns_prosyn.txt(4964) 5 Mb
--- runRBA_max_prod.gms(43) 5 Mb
--- . RBA_rxns_prowaste.txt(4968) 6 Mb
--- runRBA_max_prod.gms(45) 6 Mb
--- . RBA_nuc_translation.txt(4951) 6 Mb
--- runRBA_max_prod.gms(47) 6 Mb
--- . RBA_mito_translation.txt(15) 6 Mb
--- runRBA_max_prod.gms(49) 6 Mb
--- . RBA_rxns_EXREV.txt(159) 6 Mb
--- runRBA_max_prod.gms(51) 6 Mb
--- . RBA_rxns_EXREV_YNB_RabinowitzVersion.txt(28) 6 Mb
--- runRBA_max_prod.gms(53) 6 Mb
--- . RBA_rxns_whole_biomass.txt(10) 6 Mb
--- runRBA_max_prod.gms(55) 6 Mb
--- . RBA_rxns_add.txt(118) 6 Mb
--- runRBA_max_prod.gms(57) 6 Mb 1 Error
*** Error 282 in /storage/home/ejm6426/scratch/scRBA/application/output_max_withoutMP/nrgn/runRBA_max_prod.gms
    Unable to open include file
       Hint: Does the filename need to be quoted?
--- runRBA_max_prod.gms(62) 6 Mb
--- . RBA_sij.txt(25199) 6 Mb--- . RBA_sij.txt(41185) 6 Mb--- . RBA_sij.txt(99804) 8 Mb--- . RBA_sij.txt(112980) 9 Mb--- . RBA_sij.txt(170862) 11 Mb--- . RBA_sij.txt(185783) 11 Mb--- . RBA_sij.txt(243854) 13 Mb--- . RBA_sij.txt(256909) 14 Mb--- . RBA_sij.txt(268302) 15 Mb
--- runRBA_max_prod.gms(64) 15 Mb
--- . RBA_proteinLength.txt(4964) 15 Mb
--- runRBA_max_prod.gms(66) 15 Mb
--- . RBA_kapp_chemo_lowC_per_hour.txt(2226) 15 Mb
--- runRBA_max_prod.gms(68) 15 Mb
--- . yield_denominators.txt(3) 15 Mb
--- runRBA_max_prod.gms(70) 15 Mb
--- . yield_denominators_expanded.txt(9) 15 Mb
--- runRBA_max_prod.gms(81) 15 Mb 2 Errors
*** Error 282 in /storage/home/ejm6426/scratch/scRBA/application/output_max_withoutMP/nrgn/runRBA_max_prod.gms
    Unable to open include file
       Hint: Does the filename need to be quoted?
--- runRBA_max_prod.gms(101) 15 Mb
--- . phenotype.txt(2) 15 Mb
--- .. RBA_GAMS_defaults_from_FBA.txt(1) 15 Mb
--- ... phenotype_common.txt(8) 15 Mb
--- .... model-version-settings.txt(4) 15 Mb
--- ... phenotype_common.txt(53) 15 Mb
--- .. RBA_GAMS_defaults_from_FBA.txt(495) 15 Mb
--- . phenotype.txt(8) 15 Mb
--- runRBA_max_prod.gms(112) 15 Mb
--- . RBA_enzCapacityConstraints_declares.txt(2226) 15 Mb
--- runRBA_max_prod.gms(122) 15 Mb
--- . RBA_enzCapacityConstraints_eqns_equality_version.txt(2226) 15 Mb
--- runRBA_max_prod.gms(130) 15 Mb 3 Errors
*** Error 257 in /storage/home/ejm6426/scratch/scRBA/application/output_max_withoutMP/nrgn/runRBA_max_prod.gms
    Solve statement not checked because of previous errors
--- runRBA_max_prod.gms(173) 15 Mb 4 Errors
*** Error 257 in /storage/home/ejm6426/scratch/scRBA/application/output_max_withoutMP/nrgn/runRBA_max_prod.gms
    Solve statement not checked because of previous errors
--- runRBA_max_prod.gms(181) 15 Mb 5 Errors
*** Error 257 in /storage/home/ejm6426/scratch/scRBA/application/output_max_withoutMP/nrgn/runRBA_max_prod.gms
    Solve statement not checked because of previous errors
--- runRBA_max_prod.gms(189) 15 Mb 6 Errors
*** Error 257 in /storage/home/ejm6426/scratch/scRBA/application/output_max_withoutMP/nrgn/runRBA_max_prod.gms
    Solve statement not checked because of previous errors
--- runRBA_max_prod.gms(192) 15 Mb 7 Errors
*** Error 257 in /storage/home/ejm6426/scratch/scRBA/application/output_max_withoutMP/nrgn/runRBA_max_prod.gms
    Solve statement not checked because of previous errors
--- runRBA_max_prod.gms(234) 15 Mb 8 Errors
*** Error 141 in /storage/home/ejm6426/scratch/scRBA/application/output_max_withoutMP/nrgn/runRBA_max_prod.gms
    Symbol declared but no values have been assigned. Check for missing
       data definition, assignment, data loading or implicit assignment
       via a solve statement.
       A wild shot: You may have spurious commas in the explanatory
       text of a declaration. Check symbol reference list.
--- runRBA_max_prod.gms(239) 15 Mb 9 Errors
*** Error 257 in /storage/home/ejm6426/scratch/scRBA/application/output_max_withoutMP/nrgn/runRBA_max_prod.gms
    Solve statement not checked because of previous errors
--- runRBA_max_prod.gms(248) 15 Mb 10 Errors
*** Error 257 in /storage/home/ejm6426/scratch/scRBA/application/output_max_withoutMP/nrgn/runRBA_max_prod.gms
    Solve statement not checked because of previous errors
--- runRBA_max_prod.gms(276) 15 Mb 11 Errors
*** Error 257 in /storage/home/ejm6426/scratch/scRBA/application/output_max_withoutMP/nrgn/runRBA_max_prod.gms
    Solve statement not checked because of previous errors
--- runRBA_max_prod.gms(289) 15 Mb 12 Errors
*** Error 257 in /storage/home/ejm6426/scratch/scRBA/application/output_max_withoutMP/nrgn/runRBA_max_prod.gms
    Solve statement not checked because of previous errors
--- runRBA_max_prod.gms(296) 15 Mb 13 Errors
*** Error 257 in /storage/home/ejm6426/scratch/scRBA/application/output_max_withoutMP/nrgn/runRBA_max_prod.gms
    Solve statement not checked because of previous errors
--- runRBA_max_prod.gms(317) 15 Mb 13 Errors
*** Status: Compilation error(s)
--- Job runRBA_max_prod.gms Stop 10/01/24 19:07:01 elapsed 0:00:01.109
Traceback (most recent call last):
  File "/scratch/ejm6426/scRBA/application/output_max_withoutMP/nrgn/runRBA.py", line 36, in <module>
    stat = get_GAMS_modelStat('./runRBA.modelStat.txt')
           ^^^^^^^^^^^^^^^^^^^^^^^^^^^^^^^^^^^^^^^^^^^^
  File "/scratch/ejm6426/scRBA/application/output_max_withoutMP/nrgn/../../../pycore/simulate.py", line 2, in get_GAMS_modelStat
    with open(filepath) as f:
         ^^^^^^^^^^^^^^
FileNotFoundError: [Errno 2] No such file or directory: './runRBA.modelStat.txt'
--- Job runRBA_max_prod.gms Start 10/01/24 19:07:02 42.1.0 cb854401 LEX-LEG x86 64bit/Linux
--- Applying:
    /storage/icds/RISE/sw8/gams/gams42.1_linux_x64_64_sfx/gmsprmun.txt
--- GAMS Parameters defined
    Input /storage/home/ejm6426/scratch/scRBA/application/output_max_withoutMP/hxdcol/runRBA_max_prod.gms
    Output /dev/null
    ScrDir /storage/home/ejm6426/scratch/scRBA/application/output_max_withoutMP/hxdcol/225a/
    SysDir /storage/icds/RISE/sw8/gams/gams42.1_linux_x64_64_sfx/
    --carbonSlack 0
    --adjust_constraints_if_infeas 1
Licensee: Single User License                            G231219|0002AO-LNX
          The Pennsylvania State University, Institute for CyberDC15032-S17
          /storage/icds/RISE/sw8/gams/gams42.1_linux_x64_64_sfx/gamslice.txt
          License Admin: Rob Groner, rug262@psu.edu                        
Processor information: 2 socket(s), 24 core(s), and 24 thread(s) available
GAMS 42.1.0   Copyright (C) 1987-2023 GAMS Development. All rights reserved
--- Starting compilation
--- runRBA_max_prod.gms(6) 2 Mb
--- . runRBA_GAMS_settings.txt(20) 2 Mb
--- runRBA_max_prod.gms(37) 2 Mb
--- . RBA_species.txt(7813) 3 Mb
--- runRBA_max_prod.gms(39) 3 Mb
--- . RBA_rxns.txt(16888) 5 Mb
--- runRBA_max_prod.gms(41) 5 Mb
--- . RBA_rxns_prosyn.txt(4964) 5 Mb
--- runRBA_max_prod.gms(43) 5 Mb
--- . RBA_rxns_prowaste.txt(4968) 6 Mb
--- runRBA_max_prod.gms(45) 6 Mb
--- . RBA_nuc_translation.txt(4951) 6 Mb
--- runRBA_max_prod.gms(47) 6 Mb
--- . RBA_mito_translation.txt(15) 6 Mb
--- runRBA_max_prod.gms(49) 6 Mb
--- . RBA_rxns_EXREV.txt(159) 6 Mb
--- runRBA_max_prod.gms(51) 6 Mb
--- . RBA_rxns_EXREV_YNB_RabinowitzVersion.txt(28) 6 Mb
--- runRBA_max_prod.gms(53) 6 Mb
--- . RBA_rxns_whole_biomass.txt(10) 6 Mb
--- runRBA_max_prod.gms(55) 6 Mb
--- . RBA_rxns_add.txt(118) 6 Mb
--- runRBA_max_prod.gms(57) 6 Mb 1 Error
*** Error 282 in /storage/home/ejm6426/scratch/scRBA/application/output_max_withoutMP/hxdcol/runRBA_max_prod.gms
    Unable to open include file
       Hint: Does the filename need to be quoted?
--- runRBA_max_prod.gms(62) 6 Mb
--- . RBA_sij.txt(29862) 6 Mb--- . RBA_sij.txt(46024) 6 Mb--- . RBA_sij.txt(104841) 9 Mb--- . RBA_sij.txt(120304) 10 Mb--- . RBA_sij.txt(180587) 11 Mb--- . RBA_sij.txt(195391) 11 Mb--- . RBA_sij.txt(252423) 14 Mb--- . RBA_sij.txt(267357) 14 Mb--- . RBA_sij.txt(268302) 15 Mb
--- runRBA_max_prod.gms(64) 15 Mb
--- . RBA_proteinLength.txt(4964) 15 Mb
--- runRBA_max_prod.gms(66) 15 Mb
--- . RBA_kapp_chemo_lowC_per_hour.txt(2226) 15 Mb
--- runRBA_max_prod.gms(68) 15 Mb
--- . yield_denominators.txt(3) 15 Mb
--- runRBA_max_prod.gms(70) 15 Mb
--- . yield_denominators_expanded.txt(9) 15 Mb
--- runRBA_max_prod.gms(81) 15 Mb 2 Errors
*** Error 282 in /storage/home/ejm6426/scratch/scRBA/application/output_max_withoutMP/hxdcol/runRBA_max_prod.gms
    Unable to open include file
       Hint: Does the filename need to be quoted?
--- runRBA_max_prod.gms(101) 15 Mb
--- . phenotype.txt(2) 15 Mb
--- .. RBA_GAMS_defaults_from_FBA.txt(1) 15 Mb
--- ... phenotype_common.txt(8) 15 Mb
--- .... model-version-settings.txt(4) 15 Mb
--- ... phenotype_common.txt(53) 15 Mb
--- .. RBA_GAMS_defaults_from_FBA.txt(492) 15 Mb
--- . phenotype.txt(8) 15 Mb
--- runRBA_max_prod.gms(112) 15 Mb
--- . RBA_enzCapacityConstraints_declares.txt(2226) 15 Mb
--- runRBA_max_prod.gms(122) 15 Mb
--- . RBA_enzCapacityConstraints_eqns_equality_version.txt(2226) 15 Mb
--- runRBA_max_prod.gms(130) 15 Mb 3 Errors
*** Error 257 in /storage/home/ejm6426/scratch/scRBA/application/output_max_withoutMP/hxdcol/runRBA_max_prod.gms
    Solve statement not checked because of previous errors
--- runRBA_max_prod.gms(173) 15 Mb 4 Errors
*** Error 257 in /storage/home/ejm6426/scratch/scRBA/application/output_max_withoutMP/hxdcol/runRBA_max_prod.gms
    Solve statement not checked because of previous errors
--- runRBA_max_prod.gms(181) 15 Mb 5 Errors
*** Error 257 in /storage/home/ejm6426/scratch/scRBA/application/output_max_withoutMP/hxdcol/runRBA_max_prod.gms
    Solve statement not checked because of previous errors
--- runRBA_max_prod.gms(189) 15 Mb 6 Errors
*** Error 257 in /storage/home/ejm6426/scratch/scRBA/application/output_max_withoutMP/hxdcol/runRBA_max_prod.gms
    Solve statement not checked because of previous errors
--- runRBA_max_prod.gms(192) 15 Mb 7 Errors
*** Error 257 in /storage/home/ejm6426/scratch/scRBA/application/output_max_withoutMP/hxdcol/runRBA_max_prod.gms
    Solve statement not checked because of previous errors
--- runRBA_max_prod.gms(234) 15 Mb 8 Errors
*** Error 141 in /storage/home/ejm6426/scratch/scRBA/application/output_max_withoutMP/hxdcol/runRBA_max_prod.gms
    Symbol declared but no values have been assigned. Check for missing
       data definition, assignment, data loading or implicit assignment
       via a solve statement.
       A wild shot: You may have spurious commas in the explanatory
       text of a declaration. Check symbol reference list.
--- runRBA_max_prod.gms(239) 15 Mb 9 Errors
*** Error 257 in /storage/home/ejm6426/scratch/scRBA/application/output_max_withoutMP/hxdcol/runRBA_max_prod.gms
    Solve statement not checked because of previous errors
--- runRBA_max_prod.gms(248) 15 Mb 10 Errors
*** Error 257 in /storage/home/ejm6426/scratch/scRBA/application/output_max_withoutMP/hxdcol/runRBA_max_prod.gms
    Solve statement not checked because of previous errors
--- runRBA_max_prod.gms(276) 15 Mb 11 Errors
*** Error 257 in /storage/home/ejm6426/scratch/scRBA/application/output_max_withoutMP/hxdcol/runRBA_max_prod.gms
    Solve statement not checked because of previous errors
--- runRBA_max_prod.gms(289) 15 Mb 12 Errors
*** Error 257 in /storage/home/ejm6426/scratch/scRBA/application/output_max_withoutMP/hxdcol/runRBA_max_prod.gms
    Solve statement not checked because of previous errors
--- runRBA_max_prod.gms(296) 15 Mb 13 Errors
*** Error 257 in /storage/home/ejm6426/scratch/scRBA/application/output_max_withoutMP/hxdcol/runRBA_max_prod.gms
    Solve statement not checked because of previous errors
--- runRBA_max_prod.gms(317) 15 Mb 13 Errors
*** Status: Compilation error(s)
--- Job runRBA_max_prod.gms Stop 10/01/24 19:07:03 elapsed 0:00:01.077
Traceback (most recent call last):
  File "/scratch/ejm6426/scRBA/application/output_max_withoutMP/hxdcol/runRBA.py", line 36, in <module>
    stat = get_GAMS_modelStat('./runRBA.modelStat.txt')
           ^^^^^^^^^^^^^^^^^^^^^^^^^^^^^^^^^^^^^^^^^^^^
  File "/scratch/ejm6426/scRBA/application/output_max_withoutMP/hxdcol/../../../pycore/simulate.py", line 2, in get_GAMS_modelStat
    with open(filepath) as f:
         ^^^^^^^^^^^^^^
FileNotFoundError: [Errno 2] No such file or directory: './runRBA.modelStat.txt'
--- Job runRBA_max_prod.gms Start 10/01/24 19:07:04 42.1.0 cb854401 LEX-LEG x86 64bit/Linux
--- Applying:
    /storage/icds/RISE/sw8/gams/gams42.1_linux_x64_64_sfx/gmsprmun.txt
--- GAMS Parameters defined
    Input /storage/home/ejm6426/scratch/scRBA/application/output_max_withoutMP/arte/runRBA_max_prod.gms
    Output /dev/null
    ScrDir /storage/home/ejm6426/scratch/scRBA/application/output_max_withoutMP/arte/225a/
    SysDir /storage/icds/RISE/sw8/gams/gams42.1_linux_x64_64_sfx/
    --carbonSlack 0
    --adjust_constraints_if_infeas 1
Licensee: Single User License                            G231219|0002AO-LNX
          The Pennsylvania State University, Institute for CyberDC15032-S17
          /storage/icds/RISE/sw8/gams/gams42.1_linux_x64_64_sfx/gamslice.txt
          License Admin: Rob Groner, rug262@psu.edu                        
Processor information: 2 socket(s), 24 core(s), and 24 thread(s) available
GAMS 42.1.0   Copyright (C) 1987-2023 GAMS Development. All rights reserved
--- Starting compilation
--- runRBA_max_prod.gms(6) 2 Mb
--- . runRBA_GAMS_settings.txt(20) 2 Mb
--- runRBA_max_prod.gms(37) 2 Mb
--- . RBA_species.txt(7813) 3 Mb
--- runRBA_max_prod.gms(39) 3 Mb
--- . RBA_rxns.txt(16888) 5 Mb
--- runRBA_max_prod.gms(41) 5 Mb
--- . RBA_rxns_prosyn.txt(4964) 5 Mb
--- runRBA_max_prod.gms(43) 5 Mb
--- . RBA_rxns_prowaste.txt(4968) 6 Mb
--- runRBA_max_prod.gms(45) 6 Mb
--- . RBA_nuc_translation.txt(4951) 6 Mb
--- runRBA_max_prod.gms(47) 6 Mb
--- . RBA_mito_translation.txt(15) 6 Mb
--- runRBA_max_prod.gms(49) 6 Mb
--- . RBA_rxns_EXREV.txt(159) 6 Mb
--- runRBA_max_prod.gms(51) 6 Mb
--- . RBA_rxns_EXREV_YNB_RabinowitzVersion.txt(28) 6 Mb
--- runRBA_max_prod.gms(53) 6 Mb
--- . RBA_rxns_whole_biomass.txt(10) 6 Mb
--- runRBA_max_prod.gms(55) 6 Mb
--- . RBA_rxns_add.txt(118) 6 Mb
--- runRBA_max_prod.gms(57) 6 Mb 1 Error
*** Error 282 in /storage/home/ejm6426/scratch/scRBA/application/output_max_withoutMP/arte/runRBA_max_prod.gms
    Unable to open include file
       Hint: Does the filename need to be quoted?
--- runRBA_max_prod.gms(62) 6 Mb
--- . RBA_sij.txt(29612) 6 Mb--- . RBA_sij.txt(46121) 6 Mb--- . RBA_sij.txt(103790) 9 Mb--- . RBA_sij.txt(119258) 10 Mb--- . RBA_sij.txt(179714) 11 Mb--- . RBA_sij.txt(195208) 11 Mb--- . RBA_sij.txt(252129) 14 Mb--- . RBA_sij.txt(267591) 14 Mb--- . RBA_sij.txt(268302) 15 Mb
--- runRBA_max_prod.gms(64) 15 Mb
--- . RBA_proteinLength.txt(4964) 15 Mb
--- runRBA_max_prod.gms(66) 15 Mb
--- . RBA_kapp_chemo_lowC_per_hour.txt(2226) 15 Mb
--- runRBA_max_prod.gms(68) 15 Mb
--- . yield_denominators.txt(3) 15 Mb
--- runRBA_max_prod.gms(70) 15 Mb
--- . yield_denominators_expanded.txt(9) 15 Mb
--- runRBA_max_prod.gms(81) 15 Mb 2 Errors
*** Error 282 in /storage/home/ejm6426/scratch/scRBA/application/output_max_withoutMP/arte/runRBA_max_prod.gms
    Unable to open include file
       Hint: Does the filename need to be quoted?
--- runRBA_max_prod.gms(101) 15 Mb
--- . phenotype.txt(2) 15 Mb
--- .. RBA_GAMS_defaults_from_FBA.txt(1) 15 Mb
--- ... phenotype_common.txt(8) 15 Mb
--- .... model-version-settings.txt(4) 15 Mb
--- ... phenotype_common.txt(53) 15 Mb
--- .. RBA_GAMS_defaults_from_FBA.txt(494) 15 Mb
--- . phenotype.txt(8) 15 Mb
--- runRBA_max_prod.gms(112) 15 Mb
--- . RBA_enzCapacityConstraints_declares.txt(2226) 15 Mb
--- runRBA_max_prod.gms(122) 15 Mb
--- . RBA_enzCapacityConstraints_eqns_equality_version.txt(2226) 15 Mb
--- runRBA_max_prod.gms(130) 15 Mb 3 Errors
*** Error 257 in /storage/home/ejm6426/scratch/scRBA/application/output_max_withoutMP/arte/runRBA_max_prod.gms
    Solve statement not checked because of previous errors
--- runRBA_max_prod.gms(173) 15 Mb 4 Errors
*** Error 257 in /storage/home/ejm6426/scratch/scRBA/application/output_max_withoutMP/arte/runRBA_max_prod.gms
    Solve statement not checked because of previous errors
--- runRBA_max_prod.gms(181) 15 Mb 5 Errors
*** Error 257 in /storage/home/ejm6426/scratch/scRBA/application/output_max_withoutMP/arte/runRBA_max_prod.gms
    Solve statement not checked because of previous errors
--- runRBA_max_prod.gms(189) 15 Mb 6 Errors
*** Error 257 in /storage/home/ejm6426/scratch/scRBA/application/output_max_withoutMP/arte/runRBA_max_prod.gms
    Solve statement not checked because of previous errors
--- runRBA_max_prod.gms(192) 15 Mb 7 Errors
*** Error 257 in /storage/home/ejm6426/scratch/scRBA/application/output_max_withoutMP/arte/runRBA_max_prod.gms
    Solve statement not checked because of previous errors
--- runRBA_max_prod.gms(234) 15 Mb 8 Errors
*** Error 141 in /storage/home/ejm6426/scratch/scRBA/application/output_max_withoutMP/arte/runRBA_max_prod.gms
    Symbol declared but no values have been assigned. Check for missing
       data definition, assignment, data loading or implicit assignment
       via a solve statement.
       A wild shot: You may have spurious commas in the explanatory
       text of a declaration. Check symbol reference list.
--- runRBA_max_prod.gms(239) 15 Mb 9 Errors
*** Error 257 in /storage/home/ejm6426/scratch/scRBA/application/output_max_withoutMP/arte/runRBA_max_prod.gms
    Solve statement not checked because of previous errors
--- runRBA_max_prod.gms(248) 15 Mb 10 Errors
*** Error 257 in /storage/home/ejm6426/scratch/scRBA/application/output_max_withoutMP/arte/runRBA_max_prod.gms
    Solve statement not checked because of previous errors
--- runRBA_max_prod.gms(276) 15 Mb 11 Errors
*** Error 257 in /storage/home/ejm6426/scratch/scRBA/application/output_max_withoutMP/arte/runRBA_max_prod.gms
    Solve statement not checked because of previous errors
--- runRBA_max_prod.gms(289) 15 Mb 12 Errors
*** Error 257 in /storage/home/ejm6426/scratch/scRBA/application/output_max_withoutMP/arte/runRBA_max_prod.gms
    Solve statement not checked because of previous errors
--- runRBA_max_prod.gms(296) 15 Mb 13 Errors
*** Error 257 in /storage/home/ejm6426/scratch/scRBA/application/output_max_withoutMP/arte/runRBA_max_prod.gms
    Solve statement not checked because of previous errors
--- runRBA_max_prod.gms(317) 15 Mb 13 Errors
*** Status: Compilation error(s)
--- Job runRBA_max_prod.gms Stop 10/01/24 19:07:06 elapsed 0:00:01.070
Traceback (most recent call last):
  File "/scratch/ejm6426/scRBA/application/output_max_withoutMP/arte/runRBA.py", line 36, in <module>
    stat = get_GAMS_modelStat('./runRBA.modelStat.txt')
           ^^^^^^^^^^^^^^^^^^^^^^^^^^^^^^^^^^^^^^^^^^^^
  File "/scratch/ejm6426/scRBA/application/output_max_withoutMP/arte/../../../pycore/simulate.py", line 2, in get_GAMS_modelStat
    with open(filepath) as f:
         ^^^^^^^^^^^^^^
FileNotFoundError: [Errno 2] No such file or directory: './runRBA.modelStat.txt'
--- Job runRBA_max_prod.gms Start 10/01/24 19:07:06 42.1.0 cb854401 LEX-LEG x86 64bit/Linux
--- Applying:
    /storage/icds/RISE/sw8/gams/gams42.1_linux_x64_64_sfx/gmsprmun.txt
--- GAMS Parameters defined
    Input /storage/home/ejm6426/scratch/scRBA/application/output_max_withoutMP/rsvtol/runRBA_max_prod.gms
    Output /dev/null
    ScrDir /storage/home/ejm6426/scratch/scRBA/application/output_max_withoutMP/rsvtol/225a/
    SysDir /storage/icds/RISE/sw8/gams/gams42.1_linux_x64_64_sfx/
    --carbonSlack 0
    --adjust_constraints_if_infeas 1
Licensee: Single User License                            G231219|0002AO-LNX
          The Pennsylvania State University, Institute for CyberDC15032-S17
          /storage/icds/RISE/sw8/gams/gams42.1_linux_x64_64_sfx/gamslice.txt
          License Admin: Rob Groner, rug262@psu.edu                        
Processor information: 2 socket(s), 24 core(s), and 24 thread(s) available
GAMS 42.1.0   Copyright (C) 1987-2023 GAMS Development. All rights reserved
--- Starting compilation
--- runRBA_max_prod.gms(6) 2 Mb
--- . runRBA_GAMS_settings.txt(20) 2 Mb
--- runRBA_max_prod.gms(37) 2 Mb
--- . RBA_species.txt(7813) 3 Mb
--- runRBA_max_prod.gms(39) 3 Mb
--- . RBA_rxns.txt(16888) 5 Mb
--- runRBA_max_prod.gms(41) 5 Mb
--- . RBA_rxns_prosyn.txt(4964) 5 Mb
--- runRBA_max_prod.gms(43) 5 Mb
--- . RBA_rxns_prowaste.txt(4968) 6 Mb
--- runRBA_max_prod.gms(45) 6 Mb
--- . RBA_nuc_translation.txt(4951) 6 Mb
--- runRBA_max_prod.gms(47) 6 Mb
--- . RBA_mito_translation.txt(15) 6 Mb
--- runRBA_max_prod.gms(49) 6 Mb
--- . RBA_rxns_EXREV.txt(159) 6 Mb
--- runRBA_max_prod.gms(51) 6 Mb
--- . RBA_rxns_EXREV_YNB_RabinowitzVersion.txt(28) 6 Mb
--- runRBA_max_prod.gms(53) 6 Mb
--- . RBA_rxns_whole_biomass.txt(10) 6 Mb
--- runRBA_max_prod.gms(55) 6 Mb
--- . RBA_rxns_add.txt(118) 6 Mb
--- runRBA_max_prod.gms(57) 6 Mb 1 Error
*** Error 282 in /storage/home/ejm6426/scratch/scRBA/application/output_max_withoutMP/rsvtol/runRBA_max_prod.gms
    Unable to open include file
       Hint: Does the filename need to be quoted?
--- runRBA_max_prod.gms(62) 6 Mb
--- . RBA_sij.txt(29847) 6 Mb--- . RBA_sij.txt(46182) 6 Mb--- . RBA_sij.txt(104836) 9 Mb--- . RBA_sij.txt(120121) 10 Mb--- . RBA_sij.txt(179433) 11 Mb--- . RBA_sij.txt(194804) 11 Mb--- . RBA_sij.txt(252100) 14 Mb--- . RBA_sij.txt(267157) 14 Mb--- . RBA_sij.txt(268302) 15 Mb
--- runRBA_max_prod.gms(64) 15 Mb
--- . RBA_proteinLength.txt(4964) 15 Mb
--- runRBA_max_prod.gms(66) 15 Mb
--- . RBA_kapp_chemo_lowC_per_hour.txt(2226) 15 Mb
--- runRBA_max_prod.gms(68) 15 Mb
--- . yield_denominators.txt(3) 15 Mb
--- runRBA_max_prod.gms(70) 15 Mb
--- . yield_denominators_expanded.txt(9) 15 Mb
--- runRBA_max_prod.gms(81) 15 Mb 2 Errors
*** Error 282 in /storage/home/ejm6426/scratch/scRBA/application/output_max_withoutMP/rsvtol/runRBA_max_prod.gms
    Unable to open include file
       Hint: Does the filename need to be quoted?
--- runRBA_max_prod.gms(101) 15 Mb
--- . phenotype.txt(2) 15 Mb
--- .. RBA_GAMS_defaults_from_FBA.txt(1) 15 Mb
--- ... phenotype_common.txt(8) 15 Mb
--- .... model-version-settings.txt(4) 15 Mb
--- ... phenotype_common.txt(53) 15 Mb
--- .. RBA_GAMS_defaults_from_FBA.txt(494) 15 Mb
--- . phenotype.txt(8) 15 Mb
--- runRBA_max_prod.gms(112) 15 Mb
--- . RBA_enzCapacityConstraints_declares.txt(2226) 15 Mb
--- runRBA_max_prod.gms(122) 15 Mb
--- . RBA_enzCapacityConstraints_eqns_equality_version.txt(2226) 15 Mb
--- runRBA_max_prod.gms(130) 15 Mb 3 Errors
*** Error 257 in /storage/home/ejm6426/scratch/scRBA/application/output_max_withoutMP/rsvtol/runRBA_max_prod.gms
    Solve statement not checked because of previous errors
--- runRBA_max_prod.gms(173) 15 Mb 4 Errors
*** Error 257 in /storage/home/ejm6426/scratch/scRBA/application/output_max_withoutMP/rsvtol/runRBA_max_prod.gms
    Solve statement not checked because of previous errors
--- runRBA_max_prod.gms(181) 15 Mb 5 Errors
*** Error 257 in /storage/home/ejm6426/scratch/scRBA/application/output_max_withoutMP/rsvtol/runRBA_max_prod.gms
    Solve statement not checked because of previous errors
--- runRBA_max_prod.gms(189) 15 Mb 6 Errors
*** Error 257 in /storage/home/ejm6426/scratch/scRBA/application/output_max_withoutMP/rsvtol/runRBA_max_prod.gms
    Solve statement not checked because of previous errors
--- runRBA_max_prod.gms(192) 15 Mb 7 Errors
*** Error 257 in /storage/home/ejm6426/scratch/scRBA/application/output_max_withoutMP/rsvtol/runRBA_max_prod.gms
    Solve statement not checked because of previous errors
--- runRBA_max_prod.gms(234) 15 Mb 8 Errors
*** Error 141 in /storage/home/ejm6426/scratch/scRBA/application/output_max_withoutMP/rsvtol/runRBA_max_prod.gms
    Symbol declared but no values have been assigned. Check for missing
       data definition, assignment, data loading or implicit assignment
       via a solve statement.
       A wild shot: You may have spurious commas in the explanatory
       text of a declaration. Check symbol reference list.
--- runRBA_max_prod.gms(239) 15 Mb 9 Errors
*** Error 257 in /storage/home/ejm6426/scratch/scRBA/application/output_max_withoutMP/rsvtol/runRBA_max_prod.gms
    Solve statement not checked because of previous errors
--- runRBA_max_prod.gms(248) 15 Mb 10 Errors
*** Error 257 in /storage/home/ejm6426/scratch/scRBA/application/output_max_withoutMP/rsvtol/runRBA_max_prod.gms
    Solve statement not checked because of previous errors
--- runRBA_max_prod.gms(276) 15 Mb 11 Errors
*** Error 257 in /storage/home/ejm6426/scratch/scRBA/application/output_max_withoutMP/rsvtol/runRBA_max_prod.gms
    Solve statement not checked because of previous errors
--- runRBA_max_prod.gms(289) 15 Mb 12 Errors
*** Error 257 in /storage/home/ejm6426/scratch/scRBA/application/output_max_withoutMP/rsvtol/runRBA_max_prod.gms
    Solve statement not checked because of previous errors
--- runRBA_max_prod.gms(296) 15 Mb 13 Errors
*** Error 257 in /storage/home/ejm6426/scratch/scRBA/application/output_max_withoutMP/rsvtol/runRBA_max_prod.gms
    Solve statement not checked because of previous errors
--- runRBA_max_prod.gms(317) 15 Mb 13 Errors
*** Status: Compilation error(s)
--- Job runRBA_max_prod.gms Stop 10/01/24 19:07:08 elapsed 0:00:01.074
Traceback (most recent call last):
  File "/scratch/ejm6426/scRBA/application/output_max_withoutMP/rsvtol/runRBA.py", line 36, in <module>
    stat = get_GAMS_modelStat('./runRBA.modelStat.txt')
           ^^^^^^^^^^^^^^^^^^^^^^^^^^^^^^^^^^^^^^^^^^^^
  File "/scratch/ejm6426/scRBA/application/output_max_withoutMP/rsvtol/../../../pycore/simulate.py", line 2, in get_GAMS_modelStat
    with open(filepath) as f:
         ^^^^^^^^^^^^^^
FileNotFoundError: [Errno 2] No such file or directory: './runRBA.modelStat.txt'
not found: ./output_max_withoutMP/stalc/report.txt
not found: ./output_max_withoutMP/pmtalc/report.txt
not found: ./output_max_withoutMP/hdca/report.txt
not found: ./output_max_withoutMP/lac__L/report.txt
not found: ./output_max_withoutMP/13ppd/report.txt
not found: ./output_max_withoutMP/2phetoh/report.txt
not found: ./output_max_withoutMP/odealc/report.txt
not found: ./output_max_withoutMP/ibutoh/report.txt
not found: ./output_max_withoutMP/4hbz/report.txt
not found: ./output_max_withoutMP/cou/report.txt
not found: ./output_max_withoutMP/3hppb/report.txt
not found: ./output_max_withoutMP/btd/report.txt
not found: ./output_max_withoutMP/retcln/report.txt
not found: ./output_max_withoutMP/3hppa/report.txt
not found: ./output_max_withoutMP/3hppb/report.txt
not found: ./output_max_withoutMP/styr/report.txt
not found: ./output_max_withoutMP/muco/report.txt
not found: ./output_max_withoutMP/tal/report.txt
not found: ./output_max_withoutMP/citm/report.txt
not found: ./output_max_withoutMP/polyhb/report.txt
not found: ./output_max_withoutMP/tag/report.txt
not found: ./output_max_withoutMP/skm/report.txt
not found: ./output_max_withoutMP/btoh/report.txt
not found: ./output_max_withoutMP/sesqt/report.txt
not found: ./output_max_withoutMP/3hppa/report.txt
not found: ./output_max_withoutMP/nrgn/report.txt
not found: ./output_max_withoutMP/hxdcol/report.txt
not found: ./output_max_withoutMP/arte/report.txt
not found: ./output_max_withoutMP/rsvtol/report.txt
/scratch/ejm6426/scRBA/application/A1_run_yield_predictions.py:802: FutureWarning: Setting an item of incompatible dtype is deprecated and will raise an error in a future version of pandas. Value 'media:reset;c_sources:EX_sucr_e;media:reset;c_sources:EX_sucr_e;EX_sucr_e:(-0.332925,1000);EX_k_e:(-0.1,1000);EX_nh4_e:(-0.09,1000);EX_ca2_e:(-0.002844,1000);EX_mg2_e:(-0.004689,1000);EX_pi_e:(-0.01,1000);EX_no3_e:(-0.003217,1000);EX_cl_e:(-0.00643,1000);EX_so4_e:(-0.002,1000);EX_h_e:(-1000,1000);EX_h2o_e:(-1000,1000);EX_btn_c:(-0.01,1000);EX_o2_e:(-26.25403530509562,1000);EX_co2_e:(0,1000);EX_thm_e:(-1000,1000);EX_ribflv_e:(-1000,1000);EX_nac_e:(-1000,1000);EX_pydxn_e:(-1000,1000);EX_fol_e:(-1000,1000);EX_pnto__R_e:(-1000,1000);EX_4abz_e:(-1000,1000);EX_cu2_e:(-1000,1000);EX_fe2_e:(-1000,1000);EX_fe3_e:(-1000,1000);EX_mn2_e:(-1000,1000);EX_na1_e:(-1000,1000);EX_ni2_e:(-1000,1000);EX_zn2_e:(-1000,1000);EX_cobalt2_e:(-1000,1000);EX_inost_e:(-1000,1000);EX_asp__L_e:(-0.00046,1000);EX_thr__L_e:(-0.000276,1000);EX_ser__L_e:(-0.000334,1000);EX_glu__L_e:(-0.001013,1000);EX_gly_e:(-0.000747,1000);EX_tyr__L_e:(-0.000094,1000);EX_lys__L_e:(-0.000216,1000);EX_arg__L_e:(-0.000236,1000);EX_trp__L_e:(-0.000023,1000);EX_chol_e:(-0.090319,1000);EX_ala__L_e:(-0.001179,1000);EX_val__L_e:(-0.000463,1000);EX_met__L_e:(-0.000132,1000);EX_ile__L_e:(-0.000253,1000);EX_leu__L_e:(-0.000709,1000);EX_phe__L_e:(-0.000229,1000);EX_his__L_e:(-0.000205,1000);EX_pro__L_e:(-0.000761,1000);BIOMASS:(0.0133333333333333,1000)' has dtype incompatible with float64, please explicitly cast to a compatible dtype first.
  df.loc[c, k] = v
/scratch/ejm6426/scRBA/application/A1_run_yield_predictions.py:802: FutureWarning: Setting an item of incompatible dtype is deprecated and will raise an error in a future version of pandas. Value 'Fed-batch; 2L; 40 g/L after 24 h; pH 5.0; sucrose as substrate' has dtype incompatible with float64, please explicitly cast to a compatible dtype first.
  df.loc[c, k] = v
/scratch/ejm6426/scRBA/application/A1_run_yield_predictions.py:802: FutureWarning: Setting an item of incompatible dtype is deprecated and will raise an error in a future version of pandas. Value 'https://www.ncbi.nlm.nih.gov/pmc/articles/PMC4607723/' has dtype incompatible with float64, please explicitly cast to a compatible dtype first.
  df.loc[c, k] = v
/scratch/ejm6426/scRBA/application/A1_run_yield_predictions.py:802: FutureWarning: Setting an item of incompatible dtype is deprecated and will raise an error in a future version of pandas. Value 'Rounded up trace element uptakes to account for contributions from seed cultures, until yields could be replicated' has dtype incompatible with float64, please explicitly cast to a compatible dtype first.
  df.loc[c, k] = v
